[ 2025-11-05 15:58:29,864 ] 29 root - INFO - Starting data ingestion
[ 2025-11-05 15:58:31,073 ] 67 root - INFO - Performed train test split on the dataframe
[ 2025-11-05 15:58:31,074 ] 69 root - INFO - Exited split_data_as_train_test method of Data_Ingestion class
[ 2025-11-05 15:58:31,074 ] 77 root - INFO - Exporting train and test file path.
[ 2025-11-05 15:58:31,083 ] 86 root - INFO - Exported train and test file path.
[ 2025-11-05 15:58:31,083 ] 31 root - INFO - Data ingestion completed
[ 2025-11-05 15:58:31,100 ] 40 root - INFO - Starting data validation
[ 2025-11-05 15:58:31,150 ] 34 root - INFO - Required number of columns:10
[ 2025-11-05 15:58:31,150 ] 35 root - INFO - Data frame has columns:12
[ 2025-11-05 15:58:31,150 ] 34 root - INFO - Required number of columns:10
[ 2025-11-05 15:58:31,150 ] 35 root - INFO - Data frame has columns:12
[ 2025-11-05 15:58:31,174 ] 42 root - INFO - Data validation completed
[ 2025-11-05 15:58:31,174 ] 51 root - INFO - Starting data transformation
[ 2025-11-05 15:58:31,174 ] 277 root - INFO - Entered initiate_data_transformation method of DataTransformation class
[ 2025-11-05 15:58:31,174 ] 279 root - INFO - Starting data transformation
[ 2025-11-05 15:58:31,180 ] 289 root - INFO - Preprocessing categorical features
[ 2025-11-05 15:58:31,180 ] 144 root - INFO - Preprocessing categorical features for train
[ 2025-11-05 15:58:31,195 ] 64 root - INFO - Creating user-aware features for train
[ 2025-11-05 15:58:31,195 ] 39 root - INFO - Calculating user behavior profiles
[ 2025-11-05 15:58:31,216 ] 59 root - INFO - Calculated behavior profiles for 20 users
[ 2025-11-05 15:58:31,261 ] 139 root - INFO - Created user-aware features: ['speed_personal_z', 'speed_personal_pct_max', 'crossing_personal_z', 'unusual_active_hour', 'speed_personal_z', 'speed_personal_pct_max', 'crossing_personal_z', 'unusual_active_hour', 'speed_personal_z', 'speed_personal_pct_max', 'crossing_personal_z', 'unusual_active_hour', 'speed_personal_z', 'speed_personal_pct_max', 'crossing_personal_z', 'unusual_active_hour', 'speed_personal_z', 'speed_personal_pct_max', 'crossing_personal_z', 'unusual_active_hour', 'speed_personal_z', 'speed_personal_pct_max', 'crossing_personal_z', 'unusual_active_hour', 'speed_personal_z', 'speed_personal_pct_max', 'crossing_personal_z', 'unusual_active_hour', 'speed_personal_z', 'speed_personal_pct_max', 'crossing_personal_z', 'unusual_active_hour', 'speed_personal_z', 'speed_personal_pct_max', 'crossing_personal_z', 'unusual_active_hour', 'speed_personal_z', 'speed_personal_pct_max', 'crossing_personal_z', 'unusual_active_hour', 'speed_personal_z', 'speed_personal_pct_max', 'crossing_personal_z', 'unusual_active_hour', 'speed_personal_z', 'speed_personal_pct_max', 'crossing_personal_z', 'unusual_active_hour', 'speed_personal_z', 'speed_personal_pct_max', 'crossing_personal_z', 'unusual_active_hour', 'speed_personal_z', 'speed_personal_pct_max', 'crossing_personal_z', 'unusual_active_hour', 'speed_personal_z', 'speed_personal_pct_max', 'crossing_personal_z', 'unusual_active_hour', 'speed_personal_z', 'speed_personal_pct_max', 'crossing_personal_z', 'unusual_active_hour', 'speed_personal_z', 'speed_personal_pct_max', 'crossing_personal_z', 'unusual_active_hour', 'speed_personal_z', 'speed_personal_pct_max', 'crossing_personal_z', 'unusual_active_hour', 'speed_personal_z', 'speed_personal_pct_max', 'crossing_personal_z', 'unusual_active_hour', 'speed_personal_z', 'speed_personal_pct_max', 'crossing_personal_z', 'unusual_active_hour']
[ 2025-11-05 15:58:31,262 ] 184 root - INFO - After categorical processing - train columns: ['userid', 'latitude', 'longitude', 'speed', 'frequency_crossing', 'zoneradius', 'behaviour', 'month', 'hour', 'time_of_day_encoded', 'day_of_week_encoded', 'weather_Clear', 'weather_Cloudy', 'weather_Fog', 'weather_Rain', 'weather_Snow', 'speed_personal_z', 'speed_personal_pct_max', 'crossing_personal_z', 'unusual_active_hour']
[ 2025-11-05 15:58:31,262 ] 144 root - INFO - Preprocessing categorical features for test
[ 2025-11-05 15:58:31,266 ] 64 root - INFO - Creating user-aware features for test
[ 2025-11-05 15:58:31,310 ] 139 root - INFO - Created user-aware features: ['speed_personal_z', 'speed_personal_pct_max', 'crossing_personal_z', 'unusual_active_hour', 'speed_personal_z', 'speed_personal_pct_max', 'crossing_personal_z', 'unusual_active_hour', 'speed_personal_z', 'speed_personal_pct_max', 'crossing_personal_z', 'unusual_active_hour', 'speed_personal_z', 'speed_personal_pct_max', 'crossing_personal_z', 'unusual_active_hour', 'speed_personal_z', 'speed_personal_pct_max', 'crossing_personal_z', 'unusual_active_hour', 'speed_personal_z', 'speed_personal_pct_max', 'crossing_personal_z', 'unusual_active_hour', 'speed_personal_z', 'speed_personal_pct_max', 'crossing_personal_z', 'unusual_active_hour', 'speed_personal_z', 'speed_personal_pct_max', 'crossing_personal_z', 'unusual_active_hour', 'speed_personal_z', 'speed_personal_pct_max', 'crossing_personal_z', 'unusual_active_hour', 'speed_personal_z', 'speed_personal_pct_max', 'crossing_personal_z', 'unusual_active_hour', 'speed_personal_z', 'speed_personal_pct_max', 'crossing_personal_z', 'unusual_active_hour', 'speed_personal_z', 'speed_personal_pct_max', 'crossing_personal_z', 'unusual_active_hour', 'speed_personal_z', 'speed_personal_pct_max', 'crossing_personal_z', 'unusual_active_hour', 'speed_personal_z', 'speed_personal_pct_max', 'crossing_personal_z', 'unusual_active_hour', 'speed_personal_z', 'speed_personal_pct_max', 'crossing_personal_z', 'unusual_active_hour', 'speed_personal_z', 'speed_personal_pct_max', 'crossing_personal_z', 'unusual_active_hour', 'speed_personal_z', 'speed_personal_pct_max', 'crossing_personal_z', 'unusual_active_hour', 'speed_personal_z', 'speed_personal_pct_max', 'crossing_personal_z', 'unusual_active_hour', 'speed_personal_z', 'speed_personal_pct_max', 'crossing_personal_z', 'unusual_active_hour', 'speed_personal_z', 'speed_personal_pct_max', 'crossing_personal_z', 'unusual_active_hour']
[ 2025-11-05 15:58:31,310 ] 184 root - INFO - After categorical processing - test columns: ['userid', 'latitude', 'longitude', 'speed', 'frequency_crossing', 'zoneradius', 'behaviour', 'month', 'hour', 'time_of_day_encoded', 'day_of_week_encoded', 'weather_Clear', 'weather_Cloudy', 'weather_Fog', 'weather_Rain', 'weather_Snow', 'speed_personal_z', 'speed_personal_pct_max', 'crossing_personal_z', 'unusual_active_hour']
[ 2025-11-05 15:58:31,311 ] 294 root - INFO - Cleaning target column
[ 2025-11-05 15:58:31,311 ] 189 root - INFO - Cleaning target column for train dataset
[ 2025-11-05 15:58:31,311 ] 189 root - INFO - Cleaning target column for test dataset
[ 2025-11-05 15:58:31,312 ] 299 root - INFO - Removing invalid target rows
[ 2025-11-05 15:58:31,313 ] 304 root - INFO - Handling feature missing values
[ 2025-11-05 15:58:31,313 ] 217 root - INFO - Handling missing values for train
[ 2025-11-05 15:58:31,314 ] 223 root - INFO - No missing values found in train features
[ 2025-11-05 15:58:31,314 ] 217 root - INFO - Handling missing values for test
[ 2025-11-05 15:58:31,314 ] 223 root - INFO - No missing values found in test features
[ 2025-11-05 15:58:31,314 ] 309 root - INFO - Final train shape: (800, 20), test shape: (200, 20)
[ 2025-11-05 15:58:31,315 ] 318 root - INFO - Creating and fitting preprocessor
[ 2025-11-05 15:58:31,315 ] 251 root - INFO - Creating preprocessing pipeline
[ 2025-11-05 15:58:31,315 ] 265 root - INFO - Numerical features for scaling: ['userid', 'latitude', 'longitude', 'speed', 'frequency_crossing', 'zoneradius', 'month', 'hour', 'time_of_day_encoded', 'day_of_week_encoded', 'speed_personal_z', 'speed_personal_pct_max', 'crossing_personal_z', 'unusual_active_hour']
[ 2025-11-05 15:58:31,317 ] 323 root - INFO - Step 6: Transforming features using preprocessor
[ 2025-11-05 15:58:31,319 ] 330 root - INFO - Saving preprocessor object
[ 2025-11-05 15:58:31,322 ] 40 root - INFO - Entered the save_object method of MainUtils class
[ 2025-11-05 15:58:31,323 ] 44 root - INFO - Exited the save_object method of MainUtils class
[ 2025-11-05 15:58:31,324 ] 40 root - INFO - Entered the save_object method of MainUtils class
[ 2025-11-05 15:58:31,324 ] 44 root - INFO - Exited the save_object method of MainUtils class
[ 2025-11-05 15:58:31,325 ] 40 root - INFO - Entered the save_object method of MainUtils class
[ 2025-11-05 15:58:31,325 ] 44 root - INFO - Exited the save_object method of MainUtils class
[ 2025-11-05 15:58:31,325 ] 40 root - INFO - Entered the save_object method of MainUtils class
[ 2025-11-05 15:58:31,326 ] 44 root - INFO - Exited the save_object method of MainUtils class
[ 2025-11-05 15:58:31,326 ] 349 root - INFO - Saved feature columns: ['userid', 'latitude', 'longitude', 'speed', 'frequency_crossing', 'zoneradius', 'month', 'hour', 'time_of_day_encoded', 'day_of_week_encoded', 'weather_Clear', 'weather_Cloudy', 'weather_Fog', 'weather_Rain', 'weather_Snow', 'speed_personal_z', 'speed_personal_pct_max', 'crossing_personal_z', 'unusual_active_hour']
[ 2025-11-05 15:58:31,326 ] 40 root - INFO - Entered the save_object method of MainUtils class
[ 2025-11-05 15:58:31,327 ] 44 root - INFO - Exited the save_object method of MainUtils class
[ 2025-11-05 15:58:31,328 ] 353 root - INFO - Saved behavior profiles for 20 users
[ 2025-11-05 15:58:31,328 ] 360 root - INFO - Data transformation completed successfully with user-aware features
[ 2025-11-05 15:58:31,328 ] 53 root - INFO - Data transformation completed
[ 2025-11-05 15:58:31,328 ] 62 root - INFO - Starting model trainer
[ 2025-11-05 15:58:31,328 ] 160 root - INFO - Starting TRUE per-user model training
[ 2025-11-05 15:58:31,363 ] 120 root - INFO - Loaded data with columns: ['userid', 'latitude', 'longitude', 'speed', 'frequency_crossing', 'zoneradius', 'month', 'hour', 'time_of_day_encoded', 'day_of_week_encoded', 'weather_Clear', 'weather_Cloudy', 'weather_Fog', 'weather_Rain', 'weather_Snow', 'speed_personal_z', 'speed_personal_pct_max', 'crossing_personal_z', 'unusual_active_hour', 'behaviour']
[ 2025-11-05 15:58:31,381 ] 170 root - INFO - Training data: (800, 19), Test data: (200, 19)
[ 2025-11-05 15:58:31,381 ] 171 root - INFO - Train users: 20, Test users: 20
[ 2025-11-05 15:58:31,383 ] 177 root - INFO - Found 17 users with sufficient data for per-user modeling
[ 2025-11-05 15:58:31,387 ] 178 root - INFO - User distribution: count    20.000000
mean     40.000000
std       6.341177
min      27.000000
25%      37.750000
50%      41.000000
75%      43.000000
max      51.000000
Name: count, dtype: float64
[ 2025-11-05 15:58:31,388 ] 46 root - INFO - Training model for User 7 with 51 samples
[ 2025-11-05 15:58:31,489 ] 204 root - INFO - \u2705 User 7: 0.692 accuracy, 51 train samples, 13 test samples
[ 2025-11-05 15:58:31,492 ] 46 root - INFO - Training model for User 9 with 50 samples
[ 2025-11-05 15:58:31,530 ] 204 root - INFO - \u2705 User 9: 0.875 accuracy, 50 train samples, 8 test samples
[ 2025-11-05 15:58:31,531 ] 46 root - INFO - Training model for User 17 with 47 samples
[ 2025-11-05 15:58:31,564 ] 204 root - INFO - \u2705 User 17: 1.000 accuracy, 47 train samples, 12 test samples
[ 2025-11-05 15:58:31,565 ] 46 root - INFO - Training model for User 6 with 45 samples
[ 2025-11-05 15:58:31,598 ] 204 root - INFO - \u2705 User 6: 0.889 accuracy, 45 train samples, 9 test samples
[ 2025-11-05 15:58:31,599 ] 46 root - INFO - Training model for User 15 with 43 samples
[ 2025-11-05 15:58:31,641 ] 204 root - INFO - \u2705 User 15: 0.875 accuracy, 43 train samples, 8 test samples
[ 2025-11-05 15:58:31,642 ] 46 root - INFO - Training model for User 11 with 43 samples
[ 2025-11-05 15:58:31,702 ] 204 root - INFO - \u2705 User 11: 0.857 accuracy, 43 train samples, 14 test samples
[ 2025-11-05 15:58:31,703 ] 46 root - INFO - Training model for User 10 with 42 samples
[ 2025-11-05 15:58:31,758 ] 204 root - INFO - \u2705 User 10: 0.556 accuracy, 42 train samples, 9 test samples
[ 2025-11-05 15:58:31,760 ] 46 root - INFO - Training model for User 2 with 42 samples
[ 2025-11-05 15:58:31,802 ] 204 root - INFO - \u2705 User 2: 1.000 accuracy, 42 train samples, 11 test samples
[ 2025-11-05 15:58:31,803 ] 46 root - INFO - Training model for User 5 with 41 samples
[ 2025-11-05 15:58:31,840 ] 204 root - INFO - \u2705 User 5: 0.800 accuracy, 41 train samples, 10 test samples
[ 2025-11-05 15:58:31,841 ] 46 root - INFO - Training model for User 4 with 41 samples
[ 2025-11-05 15:58:31,879 ] 204 root - INFO - \u2705 User 4: 1.000 accuracy, 41 train samples, 9 test samples
[ 2025-11-05 15:58:31,880 ] 46 root - INFO - Training model for User 8 with 41 samples
[ 2025-11-05 15:58:31,914 ] 204 root - INFO - \u2705 User 8: 1.000 accuracy, 41 train samples, 10 test samples
[ 2025-11-05 15:58:31,915 ] 46 root - INFO - Training model for User 14 with 40 samples
[ 2025-11-05 15:58:31,948 ] 204 root - INFO - \u2705 User 14: 0.750 accuracy, 40 train samples, 8 test samples
[ 2025-11-05 15:58:31,948 ] 46 root - INFO - Training model for User 18 with 39 samples
[ 2025-11-05 15:58:31,991 ] 204 root - INFO - \u2705 User 18: 0.800 accuracy, 39 train samples, 10 test samples
[ 2025-11-05 15:58:31,992 ] 46 root - INFO - Training model for User 19 with 38 samples
[ 2025-11-05 15:58:32,029 ] 204 root - INFO - \u2705 User 19: 0.917 accuracy, 38 train samples, 12 test samples
[ 2025-11-05 15:58:32,030 ] 46 root - INFO - Training model for User 16 with 38 samples
[ 2025-11-05 15:58:32,069 ] 204 root - INFO - \u2705 User 16: 0.889 accuracy, 38 train samples, 9 test samples
[ 2025-11-05 15:58:32,070 ] 46 root - INFO - Training model for User 13 with 37 samples
[ 2025-11-05 15:58:32,104 ] 204 root - INFO - \u2705 User 13: 0.917 accuracy, 37 train samples, 12 test samples
[ 2025-11-05 15:58:32,105 ] 46 root - INFO - Training model for User 1 with 37 samples
[ 2025-11-05 15:58:32,165 ] 204 root - INFO - \u2705 User 1: 1.000 accuracy, 37 train samples, 13 test samples
[ 2025-11-05 15:58:32,166 ] 219 root - INFO - Training global model with 85 samples (3 users)
[ 2025-11-05 15:58:32,166 ] 80 root - INFO - Training global model with 85 samples
[ 2025-11-05 15:58:32,318 ] 227 root - INFO - \U0001f30d Global model: 0.826 accuracy, 0.000 precision, 0.000 recall
[ 2025-11-05 15:58:32,319 ] 40 root - INFO - Entered the save_object method of MainUtils class
[ 2025-11-05 15:58:32,322 ] 44 root - INFO - Exited the save_object method of MainUtils class
[ 2025-11-05 15:58:32,323 ] 40 root - INFO - Entered the save_object method of MainUtils class
[ 2025-11-05 15:58:32,325 ] 44 root - INFO - Exited the save_object method of MainUtils class
[ 2025-11-05 15:58:32,325 ] 40 root - INFO - Entered the save_object method of MainUtils class
[ 2025-11-05 15:58:32,328 ] 44 root - INFO - Exited the save_object method of MainUtils class
[ 2025-11-05 15:58:32,328 ] 40 root - INFO - Entered the save_object method of MainUtils class
[ 2025-11-05 15:58:32,330 ] 44 root - INFO - Exited the save_object method of MainUtils class
[ 2025-11-05 15:58:32,330 ] 40 root - INFO - Entered the save_object method of MainUtils class
[ 2025-11-05 15:58:32,340 ] 44 root - INFO - Exited the save_object method of MainUtils class
[ 2025-11-05 15:58:32,340 ] 40 root - INFO - Entered the save_object method of MainUtils class
[ 2025-11-05 15:58:32,343 ] 44 root - INFO - Exited the save_object method of MainUtils class
[ 2025-11-05 15:58:32,343 ] 40 root - INFO - Entered the save_object method of MainUtils class
[ 2025-11-05 15:58:32,345 ] 44 root - INFO - Exited the save_object method of MainUtils class
[ 2025-11-05 15:58:32,345 ] 40 root - INFO - Entered the save_object method of MainUtils class
[ 2025-11-05 15:58:32,348 ] 44 root - INFO - Exited the save_object method of MainUtils class
[ 2025-11-05 15:58:32,348 ] 40 root - INFO - Entered the save_object method of MainUtils class
[ 2025-11-05 15:58:32,350 ] 44 root - INFO - Exited the save_object method of MainUtils class
[ 2025-11-05 15:58:32,350 ] 40 root - INFO - Entered the save_object method of MainUtils class
[ 2025-11-05 15:58:32,352 ] 44 root - INFO - Exited the save_object method of MainUtils class
[ 2025-11-05 15:58:32,353 ] 40 root - INFO - Entered the save_object method of MainUtils class
[ 2025-11-05 15:58:32,356 ] 44 root - INFO - Exited the save_object method of MainUtils class
[ 2025-11-05 15:58:32,356 ] 40 root - INFO - Entered the save_object method of MainUtils class
[ 2025-11-05 15:58:32,359 ] 44 root - INFO - Exited the save_object method of MainUtils class
[ 2025-11-05 15:58:32,359 ] 40 root - INFO - Entered the save_object method of MainUtils class
[ 2025-11-05 15:58:32,361 ] 44 root - INFO - Exited the save_object method of MainUtils class
[ 2025-11-05 15:58:32,362 ] 40 root - INFO - Entered the save_object method of MainUtils class
[ 2025-11-05 15:58:32,364 ] 44 root - INFO - Exited the save_object method of MainUtils class
[ 2025-11-05 15:58:32,364 ] 40 root - INFO - Entered the save_object method of MainUtils class
[ 2025-11-05 15:58:32,366 ] 44 root - INFO - Exited the save_object method of MainUtils class
[ 2025-11-05 15:58:32,366 ] 40 root - INFO - Entered the save_object method of MainUtils class
[ 2025-11-05 15:58:32,369 ] 44 root - INFO - Exited the save_object method of MainUtils class
[ 2025-11-05 15:58:32,369 ] 40 root - INFO - Entered the save_object method of MainUtils class
[ 2025-11-05 15:58:32,371 ] 44 root - INFO - Exited the save_object method of MainUtils class
[ 2025-11-05 15:58:32,372 ] 40 root - INFO - Entered the save_object method of MainUtils class
[ 2025-11-05 15:58:32,374 ] 44 root - INFO - Exited the save_object method of MainUtils class
[ 2025-11-05 15:58:32,374 ] 40 root - INFO - Entered the save_object method of MainUtils class
[ 2025-11-05 15:58:32,377 ] 44 root - INFO - Exited the save_object method of MainUtils class
[ 2025-11-05 15:58:32,377 ] 40 root - INFO - Entered the save_object method of MainUtils class
[ 2025-11-05 15:58:32,379 ] 44 root - INFO - Exited the save_object method of MainUtils class
[ 2025-11-05 15:58:32,379 ] 40 root - INFO - Entered the save_object method of MainUtils class
[ 2025-11-05 15:58:32,382 ] 44 root - INFO - Exited the save_object method of MainUtils class
[ 2025-11-05 15:58:32,382 ] 40 root - INFO - Entered the save_object method of MainUtils class
[ 2025-11-05 15:58:32,384 ] 44 root - INFO - Exited the save_object method of MainUtils class
[ 2025-11-05 15:58:32,384 ] 40 root - INFO - Entered the save_object method of MainUtils class
[ 2025-11-05 15:58:32,387 ] 44 root - INFO - Exited the save_object method of MainUtils class
[ 2025-11-05 15:58:32,387 ] 40 root - INFO - Entered the save_object method of MainUtils class
[ 2025-11-05 15:58:32,390 ] 44 root - INFO - Exited the save_object method of MainUtils class
[ 2025-11-05 15:58:32,390 ] 40 root - INFO - Entered the save_object method of MainUtils class
[ 2025-11-05 15:58:32,392 ] 44 root - INFO - Exited the save_object method of MainUtils class
[ 2025-11-05 15:58:32,392 ] 40 root - INFO - Entered the save_object method of MainUtils class
[ 2025-11-05 15:58:32,395 ] 44 root - INFO - Exited the save_object method of MainUtils class
[ 2025-11-05 15:58:32,395 ] 40 root - INFO - Entered the save_object method of MainUtils class
[ 2025-11-05 15:58:32,398 ] 44 root - INFO - Exited the save_object method of MainUtils class
[ 2025-11-05 15:58:32,398 ] 40 root - INFO - Entered the save_object method of MainUtils class
[ 2025-11-05 15:58:32,401 ] 44 root - INFO - Exited the save_object method of MainUtils class
[ 2025-11-05 15:58:32,401 ] 40 root - INFO - Entered the save_object method of MainUtils class
[ 2025-11-05 15:58:32,403 ] 44 root - INFO - Exited the save_object method of MainUtils class
[ 2025-11-05 15:58:32,403 ] 40 root - INFO - Entered the save_object method of MainUtils class
[ 2025-11-05 15:58:32,406 ] 44 root - INFO - Exited the save_object method of MainUtils class
[ 2025-11-05 15:58:32,406 ] 40 root - INFO - Entered the save_object method of MainUtils class
[ 2025-11-05 15:58:32,409 ] 44 root - INFO - Exited the save_object method of MainUtils class
[ 2025-11-05 15:58:32,409 ] 40 root - INFO - Entered the save_object method of MainUtils class
[ 2025-11-05 15:58:32,412 ] 44 root - INFO - Exited the save_object method of MainUtils class
[ 2025-11-05 15:58:32,412 ] 40 root - INFO - Entered the save_object method of MainUtils class
[ 2025-11-05 15:58:32,414 ] 44 root - INFO - Exited the save_object method of MainUtils class
[ 2025-11-05 15:58:32,414 ] 40 root - INFO - Entered the save_object method of MainUtils class
[ 2025-11-05 15:58:32,417 ] 44 root - INFO - Exited the save_object method of MainUtils class
[ 2025-11-05 15:58:32,417 ] 40 root - INFO - Entered the save_object method of MainUtils class
[ 2025-11-05 15:58:32,423 ] 44 root - INFO - Exited the save_object method of MainUtils class
[ 2025-11-05 15:58:32,423 ] 40 root - INFO - Entered the save_object method of MainUtils class
[ 2025-11-05 15:58:32,428 ] 44 root - INFO - Exited the save_object method of MainUtils class
[ 2025-11-05 15:58:32,428 ] 40 root - INFO - Entered the save_object method of MainUtils class
[ 2025-11-05 15:58:32,429 ] 44 root - INFO - Exited the save_object method of MainUtils class
[ 2025-11-05 15:58:32,429 ] 40 root - INFO - Entered the save_object method of MainUtils class
[ 2025-11-05 15:58:32,431 ] 44 root - INFO - Exited the save_object method of MainUtils class
[ 2025-11-05 15:58:32,431 ] 275 root - INFO - \U0001f389 TRUE per-user modeling completed successfully!
[ 2025-11-05 15:58:32,431 ] 276 root - INFO - \U0001f4ca Trained 17 user models + global model
[ 2025-11-05 15:58:32,431 ] 277 root - INFO - \U0001f4be Models saved to: Artifacts\11_05_2025_15_58_18\model_trainer\trained_model and final_model/
[ 2025-11-05 15:58:32,431 ] 64 root - INFO - Model trainer completed
