[ 2025-11-06 23:08:14,001 ] 29 root - INFO - Starting data ingestion
[ 2025-11-06 23:08:14,902 ] 69 root - INFO - Performed train test split on the dataframe
[ 2025-11-06 23:08:14,903 ] 71 root - INFO - Exited split_data_as_train_test method of Data_Ingestion class
[ 2025-11-06 23:08:14,903 ] 79 root - INFO - Exporting train and test file path.
[ 2025-11-06 23:08:14,914 ] 88 root - INFO - Exported train and test file path.
[ 2025-11-06 23:08:14,914 ] 31 root - INFO - Data ingestion completed
[ 2025-11-06 23:08:14,920 ] 40 root - INFO - Starting data validation
[ 2025-11-06 23:08:14,945 ] 34 root - INFO - Required number of columns:5
[ 2025-11-06 23:08:14,945 ] 35 root - INFO - Data frame has columns:8
[ 2025-11-06 23:08:14,945 ] 34 root - INFO - Required number of columns:5
[ 2025-11-06 23:08:14,945 ] 35 root - INFO - Data frame has columns:8
[ 2025-11-06 23:08:14,962 ] 42 root - INFO - Data validation completed
[ 2025-11-06 23:08:14,962 ] 51 root - INFO - Starting data transformation
[ 2025-11-06 23:08:14,962 ] 275 root - INFO - Entered initiate_data_transformation method of DataTransformation class
[ 2025-11-06 23:08:14,962 ] 277 root - INFO - Starting data transformation
[ 2025-11-06 23:08:14,966 ] 44 root - INFO - Converted temperature: 800/800 values to numeric
[ 2025-11-06 23:08:14,966 ] 44 root - INFO - Converted frequency_crossing: 800/800 values to numeric
[ 2025-11-06 23:08:14,966 ] 44 root - INFO - Converted day_of_week: 800/800 values to numeric
[ 2025-11-06 23:08:14,968 ] 44 root - INFO - Converted temperature: 200/200 values to numeric
[ 2025-11-06 23:08:14,968 ] 44 root - INFO - Converted frequency_crossing: 200/200 values to numeric
[ 2025-11-06 23:08:14,968 ] 44 root - INFO - Converted day_of_week: 200/200 values to numeric
[ 2025-11-06 23:08:14,969 ] 290 root - INFO - Preprocessing categorical features
[ 2025-11-06 23:08:14,969 ] 156 root - INFO - Preprocessing categorical features for train
[ 2025-11-06 23:08:14,969 ] 165 root - INFO - Converted temperature to numeric in preprocessing
[ 2025-11-06 23:08:14,969 ] 165 root - INFO - Converted frequency_crossing to numeric in preprocessing
[ 2025-11-06 23:08:14,970 ] 165 root - INFO - Converted day_of_week to numeric in preprocessing
[ 2025-11-06 23:08:14,980 ] 76 root - INFO - Creating user-aware features for train
[ 2025-11-06 23:08:14,980 ] 52 root - INFO - Calculating user behavior profiles
[ 2025-11-06 23:08:14,994 ] 71 root - INFO - Calculated behavior profiles for 20 users
[ 2025-11-06 23:08:15,033 ] 151 root - INFO - Created user-aware features: ['temperature_personal_z', 'temperature_personal_pct_max', 'crossing_personal_z', 'unusual_active_hour', 'temperature_personal_z', 'temperature_personal_pct_max', 'crossing_personal_z', 'unusual_active_hour', 'temperature_personal_z', 'temperature_personal_pct_max', 'crossing_personal_z', 'unusual_active_hour', 'temperature_personal_z', 'temperature_personal_pct_max', 'crossing_personal_z', 'unusual_active_hour', 'temperature_personal_z', 'temperature_personal_pct_max', 'crossing_personal_z', 'unusual_active_hour', 'temperature_personal_z', 'temperature_personal_pct_max', 'crossing_personal_z', 'unusual_active_hour', 'temperature_personal_z', 'temperature_personal_pct_max', 'crossing_personal_z', 'unusual_active_hour', 'temperature_personal_z', 'temperature_personal_pct_max', 'crossing_personal_z', 'unusual_active_hour', 'temperature_personal_z', 'temperature_personal_pct_max', 'crossing_personal_z', 'unusual_active_hour', 'temperature_personal_z', 'temperature_personal_pct_max', 'crossing_personal_z', 'unusual_active_hour', 'temperature_personal_z', 'temperature_personal_pct_max', 'crossing_personal_z', 'unusual_active_hour', 'temperature_personal_z', 'temperature_personal_pct_max', 'crossing_personal_z', 'unusual_active_hour', 'temperature_personal_z', 'temperature_personal_pct_max', 'crossing_personal_z', 'unusual_active_hour', 'temperature_personal_z', 'temperature_personal_pct_max', 'crossing_personal_z', 'unusual_active_hour', 'temperature_personal_z', 'temperature_personal_pct_max', 'crossing_personal_z', 'unusual_active_hour', 'temperature_personal_z', 'temperature_personal_pct_max', 'crossing_personal_z', 'unusual_active_hour', 'temperature_personal_z', 'temperature_personal_pct_max', 'crossing_personal_z', 'unusual_active_hour', 'temperature_personal_z', 'temperature_personal_pct_max', 'crossing_personal_z', 'unusual_active_hour', 'temperature_personal_z', 'temperature_personal_pct_max', 'crossing_personal_z', 'unusual_active_hour', 'temperature_personal_z', 'temperature_personal_pct_max', 'crossing_personal_z', 'unusual_active_hour']
[ 2025-11-06 23:08:15,033 ] 190 root - INFO - After categorical processing - train columns: ['user_id', 'temperature', 'day_of_week', 'behaviour', 'frequency_crossing', 'month', 'hour', 'time_of_the_day_encoded', 'weather_cloudy', 'weather_rainy', 'weather_snowy', 'weather_sunny', 'temperature_personal_z', 'temperature_personal_pct_max', 'unusual_active_hour']
[ 2025-11-06 23:08:15,033 ] 156 root - INFO - Preprocessing categorical features for test
[ 2025-11-06 23:08:15,034 ] 165 root - INFO - Converted temperature to numeric in preprocessing
[ 2025-11-06 23:08:15,034 ] 165 root - INFO - Converted frequency_crossing to numeric in preprocessing
[ 2025-11-06 23:08:15,034 ] 165 root - INFO - Converted day_of_week to numeric in preprocessing
[ 2025-11-06 23:08:15,037 ] 76 root - INFO - Creating user-aware features for test
[ 2025-11-06 23:08:15,063 ] 151 root - INFO - Created user-aware features: ['temperature_personal_z', 'temperature_personal_pct_max', 'crossing_personal_z', 'unusual_active_hour', 'temperature_personal_z', 'temperature_personal_pct_max', 'crossing_personal_z', 'unusual_active_hour', 'temperature_personal_z', 'temperature_personal_pct_max', 'crossing_personal_z', 'unusual_active_hour', 'temperature_personal_z', 'temperature_personal_pct_max', 'crossing_personal_z', 'unusual_active_hour', 'temperature_personal_z', 'temperature_personal_pct_max', 'crossing_personal_z', 'unusual_active_hour', 'temperature_personal_z', 'temperature_personal_pct_max', 'crossing_personal_z', 'unusual_active_hour', 'temperature_personal_z', 'temperature_personal_pct_max', 'crossing_personal_z', 'unusual_active_hour', 'temperature_personal_z', 'temperature_personal_pct_max', 'crossing_personal_z', 'unusual_active_hour', 'temperature_personal_z', 'temperature_personal_pct_max', 'crossing_personal_z', 'unusual_active_hour', 'temperature_personal_z', 'temperature_personal_pct_max', 'crossing_personal_z', 'unusual_active_hour', 'temperature_personal_z', 'temperature_personal_pct_max', 'crossing_personal_z', 'unusual_active_hour', 'temperature_personal_z', 'temperature_personal_pct_max', 'crossing_personal_z', 'unusual_active_hour', 'temperature_personal_z', 'temperature_personal_pct_max', 'crossing_personal_z', 'unusual_active_hour', 'temperature_personal_z', 'temperature_personal_pct_max', 'crossing_personal_z', 'unusual_active_hour', 'temperature_personal_z', 'temperature_personal_pct_max', 'crossing_personal_z', 'unusual_active_hour', 'temperature_personal_z', 'temperature_personal_pct_max', 'crossing_personal_z', 'unusual_active_hour', 'temperature_personal_z', 'temperature_personal_pct_max', 'crossing_personal_z', 'unusual_active_hour', 'temperature_personal_z', 'temperature_personal_pct_max', 'crossing_personal_z', 'unusual_active_hour', 'temperature_personal_z', 'temperature_personal_pct_max', 'crossing_personal_z', 'unusual_active_hour', 'temperature_personal_z', 'temperature_personal_pct_max', 'crossing_personal_z', 'unusual_active_hour']
[ 2025-11-06 23:08:15,063 ] 190 root - INFO - After categorical processing - test columns: ['user_id', 'temperature', 'day_of_week', 'behaviour', 'frequency_crossing', 'month', 'hour', 'time_of_the_day_encoded', 'weather_cloudy', 'weather_rainy', 'weather_snowy', 'weather_sunny', 'temperature_personal_z', 'temperature_personal_pct_max', 'unusual_active_hour']
[ 2025-11-06 23:08:15,063 ] 295 root - INFO - Cleaning target column
[ 2025-11-06 23:08:15,063 ] 195 root - INFO - Cleaning target column for train dataset
[ 2025-11-06 23:08:15,064 ] 195 root - INFO - Cleaning target column for test dataset
[ 2025-11-06 23:08:15,064 ] 300 root - INFO - Removing invalid target rows
[ 2025-11-06 23:08:15,066 ] 305 root - INFO - Handling feature missing values
[ 2025-11-06 23:08:15,066 ] 223 root - INFO - Handling missing values for train
[ 2025-11-06 23:08:15,067 ] 229 root - INFO - No missing values found in train features
[ 2025-11-06 23:08:15,067 ] 223 root - INFO - Handling missing values for test
[ 2025-11-06 23:08:15,067 ] 229 root - INFO - No missing values found in test features
[ 2025-11-06 23:08:15,067 ] 310 root - INFO - Final train shape: (800, 15), test shape: (200, 15)
[ 2025-11-06 23:08:15,067 ] 319 root - INFO - Creating and fitting preprocessor
[ 2025-11-06 23:08:15,068 ] 250 root - INFO - Creating preprocessing pipeline
[ 2025-11-06 23:08:15,068 ] 263 root - INFO - Numerical features for scaling: ['temperature', 'day_of_week', 'frequency_crossing', 'month', 'hour', 'time_of_the_day_encoded', 'temperature_personal_z', 'temperature_personal_pct_max', 'unusual_active_hour']
[ 2025-11-06 23:08:15,068 ] 329 root - INFO - Fitting preprocessor on: ['temperature', 'day_of_week', 'frequency_crossing', 'month', 'hour', 'time_of_the_day_encoded', 'temperature_personal_z', 'temperature_personal_pct_max', 'unusual_active_hour']
[ 2025-11-06 23:08:15,069 ] 335 root - INFO - Step 6: Transforming features using preprocessor
[ 2025-11-06 23:08:15,071 ] 343 root - INFO - Saving preprocessor object
[ 2025-11-06 23:08:15,076 ] 40 root - INFO - Entered the save_object method of MainUtils class
[ 2025-11-06 23:08:15,077 ] 44 root - INFO - Exited the save_object method of MainUtils class
[ 2025-11-06 23:08:15,077 ] 40 root - INFO - Entered the save_object method of MainUtils class
[ 2025-11-06 23:08:15,077 ] 44 root - INFO - Exited the save_object method of MainUtils class
[ 2025-11-06 23:08:15,078 ] 40 root - INFO - Entered the save_object method of MainUtils class
[ 2025-11-06 23:08:15,078 ] 44 root - INFO - Exited the save_object method of MainUtils class
[ 2025-11-06 23:08:15,078 ] 40 root - INFO - Entered the save_object method of MainUtils class
[ 2025-11-06 23:08:15,079 ] 44 root - INFO - Exited the save_object method of MainUtils class
[ 2025-11-06 23:08:15,079 ] 361 root - INFO - Saved feature columns: ['temperature', 'day_of_week', 'frequency_crossing', 'month', 'hour', 'time_of_the_day_encoded', 'temperature_personal_z', 'temperature_personal_pct_max', 'unusual_active_hour']
[ 2025-11-06 23:08:15,079 ] 40 root - INFO - Entered the save_object method of MainUtils class
[ 2025-11-06 23:08:15,080 ] 44 root - INFO - Exited the save_object method of MainUtils class
[ 2025-11-06 23:08:15,080 ] 365 root - INFO - Saved behavior profiles for 20 users
[ 2025-11-06 23:08:15,080 ] 372 root - INFO - Data transformation completed successfully with user-aware features
[ 2025-11-06 23:08:15,080 ] 53 root - INFO - Data transformation completed
[ 2025-11-06 23:08:15,080 ] 62 root - INFO - Starting model trainer
[ 2025-11-06 23:08:15,081 ] 160 root - INFO - Starting TRUE per-user model training
[ 2025-11-06 23:08:15,125 ] 120 root - INFO - Loaded data with columns: ['temperature', 'day_of_week', 'frequency_crossing', 'month', 'hour', 'time_of_the_day_encoded', 'temperature_personal_z', 'temperature_personal_pct_max', 'unusual_active_hour', 'behaviour']
[ 2025-11-06 23:08:15,135 ] 170 root - INFO - Training data: (800, 9), Test data: (200, 9)
[ 2025-11-06 23:08:15,136 ] 171 root - INFO - Train users: 20, Test users: 20
[ 2025-11-06 23:08:15,137 ] 177 root - INFO - Found 17 users with sufficient data for per-user modeling
[ 2025-11-06 23:08:15,140 ] 178 root - INFO - User distribution: count    20.000000
mean     40.000000
std       6.034986
min      28.000000
25%      36.500000
50%      40.500000
75%      46.000000
max      48.000000
Name: count, dtype: float64
[ 2025-11-06 23:08:15,140 ] 46 root - INFO - Training model for User USER012 with 48 samples
[ 2025-11-06 23:08:15,202 ] 204 root - INFO - \u2705 User USER012: 1.000 accuracy, 48 train samples, 9 test samples
[ 2025-11-06 23:08:15,202 ] 46 root - INFO - Training model for User USER004 with 47 samples
[ 2025-11-06 23:08:15,276 ] 204 root - INFO - \u2705 User USER004: 0.900 accuracy, 47 train samples, 10 test samples
[ 2025-11-06 23:08:15,277 ] 46 root - INFO - Training model for User USER001 with 46 samples
[ 2025-11-06 23:08:15,316 ] 204 root - INFO - \u2705 User USER001: 0.556 accuracy, 46 train samples, 9 test samples
[ 2025-11-06 23:08:15,316 ] 46 root - INFO - Training model for User USER002 with 46 samples
[ 2025-11-06 23:08:15,356 ] 204 root - INFO - \u2705 User USER002: 0.941 accuracy, 46 train samples, 17 test samples
[ 2025-11-06 23:08:15,357 ] 46 root - INFO - Training model for User USER020 with 46 samples
[ 2025-11-06 23:08:15,396 ] 204 root - INFO - \u2705 User USER020: 0.889 accuracy, 46 train samples, 9 test samples
[ 2025-11-06 23:08:15,397 ] 46 root - INFO - Training model for User USER017 with 46 samples
[ 2025-11-06 23:08:15,429 ] 204 root - INFO - \u2705 User USER017: 0.750 accuracy, 46 train samples, 16 test samples
[ 2025-11-06 23:08:15,429 ] 46 root - INFO - Training model for User USER019 with 44 samples
[ 2025-11-06 23:08:15,466 ] 204 root - INFO - \u2705 User USER019: 0.875 accuracy, 44 train samples, 8 test samples
[ 2025-11-06 23:08:15,467 ] 46 root - INFO - Training model for User USER006 with 43 samples
[ 2025-11-06 23:08:15,507 ] 204 root - INFO - \u2705 User USER006: 0.714 accuracy, 43 train samples, 7 test samples
[ 2025-11-06 23:08:15,508 ] 46 root - INFO - Training model for User USER005 with 41 samples
[ 2025-11-06 23:08:15,547 ] 204 root - INFO - \u2705 User USER005: 0.824 accuracy, 41 train samples, 17 test samples
[ 2025-11-06 23:08:15,548 ] 46 root - INFO - Training model for User USER010 with 41 samples
[ 2025-11-06 23:08:15,578 ] 204 root - INFO - \u2705 User USER010: 0.909 accuracy, 41 train samples, 11 test samples
[ 2025-11-06 23:08:15,579 ] 46 root - INFO - Training model for User USER011 with 40 samples
[ 2025-11-06 23:08:15,607 ] 204 root - INFO - \u2705 User USER011: 0.750 accuracy, 40 train samples, 12 test samples
[ 2025-11-06 23:08:15,608 ] 46 root - INFO - Training model for User USER003 with 40 samples
[ 2025-11-06 23:08:15,641 ] 204 root - INFO - \u2705 User USER003: 0.750 accuracy, 40 train samples, 4 test samples
[ 2025-11-06 23:08:15,641 ] 46 root - INFO - Training model for User USER018 with 39 samples
[ 2025-11-06 23:08:15,686 ] 204 root - INFO - \u2705 User USER018: 0.750 accuracy, 39 train samples, 16 test samples
[ 2025-11-06 23:08:15,687 ] 46 root - INFO - Training model for User USER013 with 38 samples
[ 2025-11-06 23:08:15,741 ] 204 root - INFO - \u2705 User USER013: 0.917 accuracy, 38 train samples, 12 test samples
[ 2025-11-06 23:08:15,742 ] 46 root - INFO - Training model for User USER007 with 37 samples
[ 2025-11-06 23:08:15,775 ] 204 root - INFO - \u2705 User USER007: 0.714 accuracy, 37 train samples, 7 test samples
[ 2025-11-06 23:08:15,776 ] 46 root - INFO - Training model for User USER016 with 35 samples
[ 2025-11-06 23:08:15,811 ] 204 root - INFO - \u2705 User USER016: 1.000 accuracy, 35 train samples, 9 test samples
[ 2025-11-06 23:08:15,811 ] 46 root - INFO - Training model for User USER009 with 35 samples
[ 2025-11-06 23:08:15,845 ] 204 root - INFO - \u2705 User USER009: 0.667 accuracy, 35 train samples, 3 test samples
[ 2025-11-06 23:08:15,846 ] 219 root - INFO - Training global model with 88 samples (3 users)
[ 2025-11-06 23:08:15,846 ] 80 root - INFO - Training global model with 88 samples
[ 2025-11-06 23:08:15,977 ] 227 root - INFO - \U0001f30d Global model: 0.792 accuracy, 0.000 precision, 0.000 recall
[ 2025-11-06 23:08:15,978 ] 40 root - INFO - Entered the save_object method of MainUtils class
[ 2025-11-06 23:08:15,981 ] 44 root - INFO - Exited the save_object method of MainUtils class
[ 2025-11-06 23:08:15,981 ] 40 root - INFO - Entered the save_object method of MainUtils class
[ 2025-11-06 23:08:15,983 ] 44 root - INFO - Exited the save_object method of MainUtils class
[ 2025-11-06 23:08:15,983 ] 40 root - INFO - Entered the save_object method of MainUtils class
[ 2025-11-06 23:08:15,986 ] 44 root - INFO - Exited the save_object method of MainUtils class
[ 2025-11-06 23:08:15,986 ] 40 root - INFO - Entered the save_object method of MainUtils class
[ 2025-11-06 23:08:15,989 ] 44 root - INFO - Exited the save_object method of MainUtils class
[ 2025-11-06 23:08:15,990 ] 40 root - INFO - Entered the save_object method of MainUtils class
[ 2025-11-06 23:08:15,992 ] 44 root - INFO - Exited the save_object method of MainUtils class
[ 2025-11-06 23:08:15,993 ] 40 root - INFO - Entered the save_object method of MainUtils class
[ 2025-11-06 23:08:15,995 ] 44 root - INFO - Exited the save_object method of MainUtils class
[ 2025-11-06 23:08:15,995 ] 40 root - INFO - Entered the save_object method of MainUtils class
[ 2025-11-06 23:08:15,997 ] 44 root - INFO - Exited the save_object method of MainUtils class
[ 2025-11-06 23:08:15,998 ] 40 root - INFO - Entered the save_object method of MainUtils class
[ 2025-11-06 23:08:16,000 ] 44 root - INFO - Exited the save_object method of MainUtils class
[ 2025-11-06 23:08:16,001 ] 40 root - INFO - Entered the save_object method of MainUtils class
[ 2025-11-06 23:08:16,003 ] 44 root - INFO - Exited the save_object method of MainUtils class
[ 2025-11-06 23:08:16,003 ] 40 root - INFO - Entered the save_object method of MainUtils class
[ 2025-11-06 23:08:16,005 ] 44 root - INFO - Exited the save_object method of MainUtils class
[ 2025-11-06 23:08:16,006 ] 40 root - INFO - Entered the save_object method of MainUtils class
[ 2025-11-06 23:08:16,008 ] 44 root - INFO - Exited the save_object method of MainUtils class
[ 2025-11-06 23:08:16,008 ] 40 root - INFO - Entered the save_object method of MainUtils class
[ 2025-11-06 23:08:16,011 ] 44 root - INFO - Exited the save_object method of MainUtils class
[ 2025-11-06 23:08:16,011 ] 40 root - INFO - Entered the save_object method of MainUtils class
[ 2025-11-06 23:08:16,013 ] 44 root - INFO - Exited the save_object method of MainUtils class
[ 2025-11-06 23:08:16,013 ] 40 root - INFO - Entered the save_object method of MainUtils class
[ 2025-11-06 23:08:16,016 ] 44 root - INFO - Exited the save_object method of MainUtils class
[ 2025-11-06 23:08:16,016 ] 40 root - INFO - Entered the save_object method of MainUtils class
[ 2025-11-06 23:08:16,019 ] 44 root - INFO - Exited the save_object method of MainUtils class
[ 2025-11-06 23:08:16,019 ] 40 root - INFO - Entered the save_object method of MainUtils class
[ 2025-11-06 23:08:16,021 ] 44 root - INFO - Exited the save_object method of MainUtils class
[ 2025-11-06 23:08:16,021 ] 40 root - INFO - Entered the save_object method of MainUtils class
[ 2025-11-06 23:08:16,023 ] 44 root - INFO - Exited the save_object method of MainUtils class
[ 2025-11-06 23:08:16,023 ] 40 root - INFO - Entered the save_object method of MainUtils class
[ 2025-11-06 23:08:16,025 ] 44 root - INFO - Exited the save_object method of MainUtils class
[ 2025-11-06 23:08:16,025 ] 40 root - INFO - Entered the save_object method of MainUtils class
[ 2025-11-06 23:08:16,027 ] 44 root - INFO - Exited the save_object method of MainUtils class
[ 2025-11-06 23:08:16,028 ] 40 root - INFO - Entered the save_object method of MainUtils class
[ 2025-11-06 23:08:16,029 ] 44 root - INFO - Exited the save_object method of MainUtils class
[ 2025-11-06 23:08:16,030 ] 40 root - INFO - Entered the save_object method of MainUtils class
[ 2025-11-06 23:08:16,032 ] 44 root - INFO - Exited the save_object method of MainUtils class
[ 2025-11-06 23:08:16,032 ] 40 root - INFO - Entered the save_object method of MainUtils class
[ 2025-11-06 23:08:16,035 ] 44 root - INFO - Exited the save_object method of MainUtils class
[ 2025-11-06 23:08:16,035 ] 40 root - INFO - Entered the save_object method of MainUtils class
[ 2025-11-06 23:08:16,038 ] 44 root - INFO - Exited the save_object method of MainUtils class
[ 2025-11-06 23:08:16,038 ] 40 root - INFO - Entered the save_object method of MainUtils class
[ 2025-11-06 23:08:16,040 ] 44 root - INFO - Exited the save_object method of MainUtils class
[ 2025-11-06 23:08:16,040 ] 40 root - INFO - Entered the save_object method of MainUtils class
[ 2025-11-06 23:08:16,042 ] 44 root - INFO - Exited the save_object method of MainUtils class
[ 2025-11-06 23:08:16,042 ] 40 root - INFO - Entered the save_object method of MainUtils class
[ 2025-11-06 23:08:16,044 ] 44 root - INFO - Exited the save_object method of MainUtils class
[ 2025-11-06 23:08:16,044 ] 40 root - INFO - Entered the save_object method of MainUtils class
[ 2025-11-06 23:08:16,046 ] 44 root - INFO - Exited the save_object method of MainUtils class
[ 2025-11-06 23:08:16,047 ] 40 root - INFO - Entered the save_object method of MainUtils class
[ 2025-11-06 23:08:16,049 ] 44 root - INFO - Exited the save_object method of MainUtils class
[ 2025-11-06 23:08:16,049 ] 40 root - INFO - Entered the save_object method of MainUtils class
[ 2025-11-06 23:08:16,051 ] 44 root - INFO - Exited the save_object method of MainUtils class
[ 2025-11-06 23:08:16,051 ] 40 root - INFO - Entered the save_object method of MainUtils class
[ 2025-11-06 23:08:16,053 ] 44 root - INFO - Exited the save_object method of MainUtils class
[ 2025-11-06 23:08:16,053 ] 40 root - INFO - Entered the save_object method of MainUtils class
[ 2025-11-06 23:08:16,056 ] 44 root - INFO - Exited the save_object method of MainUtils class
[ 2025-11-06 23:08:16,056 ] 40 root - INFO - Entered the save_object method of MainUtils class
[ 2025-11-06 23:08:16,058 ] 44 root - INFO - Exited the save_object method of MainUtils class
[ 2025-11-06 23:08:16,058 ] 40 root - INFO - Entered the save_object method of MainUtils class
[ 2025-11-06 23:08:16,060 ] 44 root - INFO - Exited the save_object method of MainUtils class
[ 2025-11-06 23:08:16,060 ] 40 root - INFO - Entered the save_object method of MainUtils class
[ 2025-11-06 23:08:16,062 ] 44 root - INFO - Exited the save_object method of MainUtils class
[ 2025-11-06 23:08:16,062 ] 40 root - INFO - Entered the save_object method of MainUtils class
[ 2025-11-06 23:08:16,068 ] 44 root - INFO - Exited the save_object method of MainUtils class
[ 2025-11-06 23:08:16,069 ] 40 root - INFO - Entered the save_object method of MainUtils class
[ 2025-11-06 23:08:16,073 ] 44 root - INFO - Exited the save_object method of MainUtils class
[ 2025-11-06 23:08:16,073 ] 40 root - INFO - Entered the save_object method of MainUtils class
[ 2025-11-06 23:08:16,074 ] 44 root - INFO - Exited the save_object method of MainUtils class
[ 2025-11-06 23:08:16,075 ] 40 root - INFO - Entered the save_object method of MainUtils class
[ 2025-11-06 23:08:16,076 ] 44 root - INFO - Exited the save_object method of MainUtils class
[ 2025-11-06 23:08:16,076 ] 275 root - INFO - \U0001f389 TRUE per-user modeling completed successfully!
[ 2025-11-06 23:08:16,076 ] 276 root - INFO - \U0001f4ca Trained 17 user models + global model
[ 2025-11-06 23:08:16,076 ] 277 root - INFO - \U0001f4be Models saved to: Artifacts\11_06_2025_23_08_12\model_trainer\trained_model and final_model/
[ 2025-11-06 23:08:16,076 ] 64 root - INFO - Model trainer completed
