[ 2025-11-06 21:13:09,156 ] 29 root - INFO - Starting data ingestion
[ 2025-11-06 21:13:11,139 ] 67 root - INFO - Performed train test split on the dataframe
[ 2025-11-06 21:13:11,140 ] 69 root - INFO - Exited split_data_as_train_test method of Data_Ingestion class
[ 2025-11-06 21:13:11,140 ] 77 root - INFO - Exporting train and test file path.
[ 2025-11-06 21:13:11,148 ] 86 root - INFO - Exported train and test file path.
[ 2025-11-06 21:13:11,148 ] 31 root - INFO - Data ingestion completed
[ 2025-11-06 21:13:11,156 ] 40 root - INFO - Starting data validation
[ 2025-11-06 21:13:11,199 ] 34 root - INFO - Required number of columns:6
[ 2025-11-06 21:13:11,199 ] 35 root - INFO - Data frame has columns:7
[ 2025-11-06 21:13:11,199 ] 34 root - INFO - Required number of columns:6
[ 2025-11-06 21:13:11,199 ] 35 root - INFO - Data frame has columns:7
[ 2025-11-06 21:13:11,219 ] 42 root - INFO - Data validation completed
[ 2025-11-06 21:13:11,220 ] 51 root - INFO - Starting data transformation
[ 2025-11-06 21:13:11,220 ] 221 root - INFO - Entered initiate_data_transformation method of DataTransformation class
[ 2025-11-06 21:13:11,220 ] 223 root - INFO - Starting data transformation
[ 2025-11-06 21:13:11,225 ] 170 root - INFO - Preprocessing categorical features for train
[ 2025-11-06 21:13:11,233 ] 69 root - INFO - Creating user-aware features for train
[ 2025-11-06 21:13:11,234 ] 39 root - INFO - Calculating user behavior profiles
[ 2025-11-06 21:13:11,241 ] 64 root - INFO - Calculated behavior profiles for 20 users
[ 2025-11-06 21:13:11,302 ] 163 root - INFO - Created user-aware features: ['unusual_active_hour', 'crossing_personal_z', 'temperature_personal_pct_max', 'temperature_personal_z']
[ 2025-11-06 21:13:11,302 ] 215 root - INFO - After categorical processing - train columns: ['user_id', 'temperature', 'day_of_week', 'weather_conditions', 'frequency', 'month', 'hour', 'time_of_day_encoded', 'temperature_personal_z', 'temperature_personal_pct_max', 'crossing_personal_z', 'unusual_active_hour']
[ 2025-11-06 21:13:11,303 ] 170 root - INFO - Preprocessing categorical features for test
[ 2025-11-06 21:13:11,308 ] 69 root - INFO - Creating user-aware features for test
[ 2025-11-06 21:13:11,354 ] 163 root - INFO - Created user-aware features: ['unusual_active_hour', 'crossing_personal_z', 'temperature_personal_pct_max', 'temperature_personal_z']
[ 2025-11-06 21:13:11,354 ] 215 root - INFO - After categorical processing - test columns: ['user_id', 'temperature', 'day_of_week', 'weather_conditions', 'frequency', 'month', 'hour', 'time_of_day_encoded', 'temperature_personal_z', 'temperature_personal_pct_max', 'crossing_personal_z', 'unusual_active_hour']
[ 2025-11-06 21:13:11,355 ] 241 root - INFO - Removing invalid target rows
[ 2025-11-06 21:13:11,355 ] 312 root - ERROR - Data transformation failed: 'DataTransformation' object has no attribute '_remove_invalid_target_rows'
