[ 2025-11-06 23:54:46,490 ] 29 root - INFO - Starting data ingestion
[ 2025-11-06 23:54:48,028 ] 69 root - INFO - Performed train test split on the dataframe
[ 2025-11-06 23:54:48,028 ] 71 root - INFO - Exited split_data_as_train_test method of Data_Ingestion class
[ 2025-11-06 23:54:48,029 ] 79 root - INFO - Exporting train and test file path.
[ 2025-11-06 23:54:48,036 ] 88 root - INFO - Exported train and test file path.
[ 2025-11-06 23:54:48,036 ] 31 root - INFO - Data ingestion completed
[ 2025-11-06 23:54:48,043 ] 40 root - INFO - Starting data validation
[ 2025-11-06 23:54:48,079 ] 34 root - INFO - Required number of columns:5
[ 2025-11-06 23:54:48,080 ] 35 root - INFO - Data frame has columns:8
[ 2025-11-06 23:54:48,080 ] 34 root - INFO - Required number of columns:5
[ 2025-11-06 23:54:48,080 ] 35 root - INFO - Data frame has columns:8
[ 2025-11-06 23:54:48,097 ] 42 root - INFO - Data validation completed
[ 2025-11-06 23:54:48,097 ] 51 root - INFO - Starting data transformation
[ 2025-11-06 23:54:48,097 ] 275 root - INFO - Entered initiate_data_transformation method of DataTransformation class
[ 2025-11-06 23:54:48,097 ] 277 root - INFO - Starting data transformation
[ 2025-11-06 23:54:48,101 ] 44 root - INFO - Converted temperature: 800/800 values to numeric
[ 2025-11-06 23:54:48,101 ] 44 root - INFO - Converted frequency_crossing: 800/800 values to numeric
[ 2025-11-06 23:54:48,101 ] 44 root - INFO - Converted day_of_week: 800/800 values to numeric
[ 2025-11-06 23:54:48,103 ] 44 root - INFO - Converted temperature: 200/200 values to numeric
[ 2025-11-06 23:54:48,103 ] 44 root - INFO - Converted frequency_crossing: 200/200 values to numeric
[ 2025-11-06 23:54:48,104 ] 44 root - INFO - Converted day_of_week: 200/200 values to numeric
[ 2025-11-06 23:54:48,104 ] 290 root - INFO - Preprocessing categorical features
[ 2025-11-06 23:54:48,104 ] 156 root - INFO - Preprocessing categorical features for train
[ 2025-11-06 23:54:48,105 ] 165 root - INFO - Converted temperature to numeric in preprocessing
[ 2025-11-06 23:54:48,105 ] 165 root - INFO - Converted frequency_crossing to numeric in preprocessing
[ 2025-11-06 23:54:48,105 ] 165 root - INFO - Converted day_of_week to numeric in preprocessing
[ 2025-11-06 23:54:48,117 ] 76 root - INFO - Creating user-aware features for train
[ 2025-11-06 23:54:48,118 ] 52 root - INFO - Calculating user behavior profiles
[ 2025-11-06 23:54:48,135 ] 71 root - INFO - Calculated behavior profiles for 20 users
[ 2025-11-06 23:54:48,166 ] 151 root - INFO - Created user-aware features: ['temperature_personal_z', 'temperature_personal_pct_max', 'crossing_personal_z', 'unusual_active_hour', 'temperature_personal_z', 'temperature_personal_pct_max', 'crossing_personal_z', 'unusual_active_hour', 'temperature_personal_z', 'temperature_personal_pct_max', 'crossing_personal_z', 'unusual_active_hour', 'temperature_personal_z', 'temperature_personal_pct_max', 'crossing_personal_z', 'unusual_active_hour', 'temperature_personal_z', 'temperature_personal_pct_max', 'crossing_personal_z', 'unusual_active_hour', 'temperature_personal_z', 'temperature_personal_pct_max', 'crossing_personal_z', 'unusual_active_hour', 'temperature_personal_z', 'temperature_personal_pct_max', 'crossing_personal_z', 'unusual_active_hour', 'temperature_personal_z', 'temperature_personal_pct_max', 'crossing_personal_z', 'unusual_active_hour', 'temperature_personal_z', 'temperature_personal_pct_max', 'crossing_personal_z', 'unusual_active_hour', 'temperature_personal_z', 'temperature_personal_pct_max', 'crossing_personal_z', 'unusual_active_hour', 'temperature_personal_z', 'temperature_personal_pct_max', 'crossing_personal_z', 'unusual_active_hour', 'temperature_personal_z', 'temperature_personal_pct_max', 'crossing_personal_z', 'unusual_active_hour', 'temperature_personal_z', 'temperature_personal_pct_max', 'crossing_personal_z', 'unusual_active_hour', 'temperature_personal_z', 'temperature_personal_pct_max', 'crossing_personal_z', 'unusual_active_hour', 'temperature_personal_z', 'temperature_personal_pct_max', 'crossing_personal_z', 'unusual_active_hour', 'temperature_personal_z', 'temperature_personal_pct_max', 'crossing_personal_z', 'unusual_active_hour', 'temperature_personal_z', 'temperature_personal_pct_max', 'crossing_personal_z', 'unusual_active_hour', 'temperature_personal_z', 'temperature_personal_pct_max', 'crossing_personal_z', 'unusual_active_hour', 'temperature_personal_z', 'temperature_personal_pct_max', 'crossing_personal_z', 'unusual_active_hour', 'temperature_personal_z', 'temperature_personal_pct_max', 'crossing_personal_z', 'unusual_active_hour']
[ 2025-11-06 23:54:48,166 ] 190 root - INFO - After categorical processing - train columns: ['user_id', 'temperature', 'day_of_week', 'behaviour', 'frequency_crossing', 'month', 'hour', 'time_of_the_day_encoded', 'weather_cloudy', 'weather_rainy', 'weather_snowy', 'weather_sunny', 'temperature_personal_z', 'temperature_personal_pct_max', 'unusual_active_hour']
[ 2025-11-06 23:54:48,166 ] 156 root - INFO - Preprocessing categorical features for test
[ 2025-11-06 23:54:48,167 ] 165 root - INFO - Converted temperature to numeric in preprocessing
[ 2025-11-06 23:54:48,167 ] 165 root - INFO - Converted frequency_crossing to numeric in preprocessing
[ 2025-11-06 23:54:48,167 ] 165 root - INFO - Converted day_of_week to numeric in preprocessing
[ 2025-11-06 23:54:48,171 ] 76 root - INFO - Creating user-aware features for test
[ 2025-11-06 23:54:48,196 ] 151 root - INFO - Created user-aware features: ['temperature_personal_z', 'temperature_personal_pct_max', 'crossing_personal_z', 'unusual_active_hour', 'temperature_personal_z', 'temperature_personal_pct_max', 'crossing_personal_z', 'unusual_active_hour', 'temperature_personal_z', 'temperature_personal_pct_max', 'crossing_personal_z', 'unusual_active_hour', 'temperature_personal_z', 'temperature_personal_pct_max', 'crossing_personal_z', 'unusual_active_hour', 'temperature_personal_z', 'temperature_personal_pct_max', 'crossing_personal_z', 'unusual_active_hour', 'temperature_personal_z', 'temperature_personal_pct_max', 'crossing_personal_z', 'unusual_active_hour', 'temperature_personal_z', 'temperature_personal_pct_max', 'crossing_personal_z', 'unusual_active_hour', 'temperature_personal_z', 'temperature_personal_pct_max', 'crossing_personal_z', 'unusual_active_hour', 'temperature_personal_z', 'temperature_personal_pct_max', 'crossing_personal_z', 'unusual_active_hour', 'temperature_personal_z', 'temperature_personal_pct_max', 'crossing_personal_z', 'unusual_active_hour', 'temperature_personal_z', 'temperature_personal_pct_max', 'crossing_personal_z', 'unusual_active_hour', 'temperature_personal_z', 'temperature_personal_pct_max', 'crossing_personal_z', 'unusual_active_hour', 'temperature_personal_z', 'temperature_personal_pct_max', 'crossing_personal_z', 'unusual_active_hour', 'temperature_personal_z', 'temperature_personal_pct_max', 'crossing_personal_z', 'unusual_active_hour', 'temperature_personal_z', 'temperature_personal_pct_max', 'crossing_personal_z', 'unusual_active_hour', 'temperature_personal_z', 'temperature_personal_pct_max', 'crossing_personal_z', 'unusual_active_hour', 'temperature_personal_z', 'temperature_personal_pct_max', 'crossing_personal_z', 'unusual_active_hour', 'temperature_personal_z', 'temperature_personal_pct_max', 'crossing_personal_z', 'unusual_active_hour', 'temperature_personal_z', 'temperature_personal_pct_max', 'crossing_personal_z', 'unusual_active_hour', 'temperature_personal_z', 'temperature_personal_pct_max', 'crossing_personal_z', 'unusual_active_hour']
[ 2025-11-06 23:54:48,196 ] 190 root - INFO - After categorical processing - test columns: ['user_id', 'temperature', 'day_of_week', 'behaviour', 'frequency_crossing', 'month', 'hour', 'time_of_the_day_encoded', 'weather_cloudy', 'weather_rainy', 'weather_snowy', 'weather_sunny', 'temperature_personal_z', 'temperature_personal_pct_max', 'unusual_active_hour']
[ 2025-11-06 23:54:48,196 ] 295 root - INFO - Cleaning target column
[ 2025-11-06 23:54:48,196 ] 195 root - INFO - Cleaning target column for train dataset
[ 2025-11-06 23:54:48,197 ] 195 root - INFO - Cleaning target column for test dataset
[ 2025-11-06 23:54:48,198 ] 300 root - INFO - Removing invalid target rows
[ 2025-11-06 23:54:48,200 ] 305 root - INFO - Handling feature missing values
[ 2025-11-06 23:54:48,200 ] 223 root - INFO - Handling missing values for train
[ 2025-11-06 23:54:48,200 ] 229 root - INFO - No missing values found in train features
[ 2025-11-06 23:54:48,200 ] 223 root - INFO - Handling missing values for test
[ 2025-11-06 23:54:48,201 ] 229 root - INFO - No missing values found in test features
[ 2025-11-06 23:54:48,201 ] 310 root - INFO - Final train shape: (800, 15), test shape: (200, 15)
[ 2025-11-06 23:54:48,201 ] 319 root - INFO - Creating and fitting preprocessor
[ 2025-11-06 23:54:48,201 ] 250 root - INFO - Creating preprocessing pipeline
[ 2025-11-06 23:54:48,201 ] 263 root - INFO - Numerical features for scaling: ['temperature', 'day_of_week', 'frequency_crossing', 'month', 'hour', 'time_of_the_day_encoded', 'temperature_personal_z', 'temperature_personal_pct_max', 'unusual_active_hour']
[ 2025-11-06 23:54:48,202 ] 329 root - INFO - Fitting preprocessor on: ['temperature', 'day_of_week', 'frequency_crossing', 'month', 'hour', 'time_of_the_day_encoded', 'temperature_personal_z', 'temperature_personal_pct_max', 'unusual_active_hour']
[ 2025-11-06 23:54:48,203 ] 335 root - INFO - Step 6: Transforming features using preprocessor
[ 2025-11-06 23:54:48,205 ] 343 root - INFO - Saving preprocessor object
[ 2025-11-06 23:54:48,208 ] 40 root - INFO - Entered the save_object method of MainUtils class
[ 2025-11-06 23:54:48,209 ] 44 root - INFO - Exited the save_object method of MainUtils class
[ 2025-11-06 23:54:48,209 ] 40 root - INFO - Entered the save_object method of MainUtils class
[ 2025-11-06 23:54:48,210 ] 44 root - INFO - Exited the save_object method of MainUtils class
[ 2025-11-06 23:54:48,210 ] 40 root - INFO - Entered the save_object method of MainUtils class
[ 2025-11-06 23:54:48,211 ] 44 root - INFO - Exited the save_object method of MainUtils class
[ 2025-11-06 23:54:48,211 ] 40 root - INFO - Entered the save_object method of MainUtils class
[ 2025-11-06 23:54:48,212 ] 44 root - INFO - Exited the save_object method of MainUtils class
[ 2025-11-06 23:54:48,212 ] 361 root - INFO - Saved feature columns: ['temperature', 'day_of_week', 'frequency_crossing', 'month', 'hour', 'time_of_the_day_encoded', 'temperature_personal_z', 'temperature_personal_pct_max', 'unusual_active_hour']
[ 2025-11-06 23:54:48,212 ] 40 root - INFO - Entered the save_object method of MainUtils class
[ 2025-11-06 23:54:48,213 ] 44 root - INFO - Exited the save_object method of MainUtils class
[ 2025-11-06 23:54:48,213 ] 365 root - INFO - Saved behavior profiles for 20 users
[ 2025-11-06 23:54:48,213 ] 372 root - INFO - Data transformation completed successfully with user-aware features
[ 2025-11-06 23:54:48,214 ] 53 root - INFO - Data transformation completed
[ 2025-11-06 23:54:48,214 ] 62 root - INFO - Starting model trainer
[ 2025-11-06 23:54:48,214 ] 160 root - INFO - Starting TRUE per-user model training
[ 2025-11-06 23:54:48,243 ] 120 root - INFO - Loaded data with columns: ['temperature', 'day_of_week', 'frequency_crossing', 'month', 'hour', 'time_of_the_day_encoded', 'temperature_personal_z', 'temperature_personal_pct_max', 'unusual_active_hour', 'behaviour']
[ 2025-11-06 23:54:48,252 ] 170 root - INFO - Training data: (800, 9), Test data: (200, 9)
[ 2025-11-06 23:54:48,253 ] 171 root - INFO - Train users: 20, Test users: 20
[ 2025-11-06 23:54:48,255 ] 177 root - INFO - Found 17 users with sufficient data for per-user modeling
[ 2025-11-06 23:54:48,260 ] 178 root - INFO - User distribution: count    20.00000
mean     40.00000
std       7.12298
min      28.00000
25%      34.75000
50%      40.50000
75%      44.00000
max      54.00000
Name: count, dtype: float64
[ 2025-11-06 23:54:48,261 ] 46 root - INFO - Training model for User USER017 with 54 samples
[ 2025-11-06 23:54:48,320 ] 204 root - INFO - \u2705 User USER017: 0.750 accuracy, 54 train samples, 8 test samples
[ 2025-11-06 23:54:48,320 ] 46 root - INFO - Training model for User USER002 with 51 samples
[ 2025-11-06 23:54:48,349 ] 204 root - INFO - \u2705 User USER002: 0.833 accuracy, 51 train samples, 12 test samples
[ 2025-11-06 23:54:48,350 ] 46 root - INFO - Training model for User USER004 with 49 samples
[ 2025-11-06 23:54:48,390 ] 204 root - INFO - \u2705 User USER004: 0.875 accuracy, 49 train samples, 8 test samples
[ 2025-11-06 23:54:48,391 ] 46 root - INFO - Training model for User USER005 with 44 samples
[ 2025-11-06 23:54:48,437 ] 204 root - INFO - \u2705 User USER005: 0.643 accuracy, 44 train samples, 14 test samples
[ 2025-11-06 23:54:48,438 ] 46 root - INFO - Training model for User USER018 with 44 samples
[ 2025-11-06 23:54:48,474 ] 204 root - INFO - \u2705 User USER018: 0.636 accuracy, 44 train samples, 11 test samples
[ 2025-11-06 23:54:48,475 ] 46 root - INFO - Training model for User USER001 with 44 samples
[ 2025-11-06 23:54:48,514 ] 204 root - INFO - \u2705 User USER001: 0.818 accuracy, 44 train samples, 11 test samples
[ 2025-11-06 23:54:48,515 ] 46 root - INFO - Training model for User USER010 with 43 samples
[ 2025-11-06 23:54:48,548 ] 204 root - INFO - \u2705 User USER010: 0.889 accuracy, 43 train samples, 9 test samples
[ 2025-11-06 23:54:48,549 ] 46 root - INFO - Training model for User USER020 with 43 samples
[ 2025-11-06 23:54:48,584 ] 204 root - INFO - \u2705 User USER020: 0.750 accuracy, 43 train samples, 12 test samples
[ 2025-11-06 23:54:48,586 ] 46 root - INFO - Training model for User USER019 with 42 samples
[ 2025-11-06 23:54:48,623 ] 204 root - INFO - \u2705 User USER019: 0.700 accuracy, 42 train samples, 10 test samples
[ 2025-11-06 23:54:48,624 ] 46 root - INFO - Training model for User USER012 with 41 samples
[ 2025-11-06 23:54:48,670 ] 204 root - INFO - \u2705 User USER012: 0.750 accuracy, 41 train samples, 16 test samples
[ 2025-11-06 23:54:48,671 ] 46 root - INFO - Training model for User USER011 with 40 samples
[ 2025-11-06 23:54:48,699 ] 204 root - INFO - \u2705 User USER011: 0.750 accuracy, 40 train samples, 12 test samples
[ 2025-11-06 23:54:48,700 ] 46 root - INFO - Training model for User USER003 with 40 samples
[ 2025-11-06 23:54:48,733 ] 204 root - INFO - \u2705 User USER003: 0.500 accuracy, 40 train samples, 4 test samples
[ 2025-11-06 23:54:48,734 ] 46 root - INFO - Training model for User USER007 with 39 samples
[ 2025-11-06 23:54:48,769 ] 204 root - INFO - \u2705 User USER007: 0.800 accuracy, 39 train samples, 5 test samples
[ 2025-11-06 23:54:48,769 ] 46 root - INFO - Training model for User USER013 with 38 samples
[ 2025-11-06 23:54:48,801 ] 204 root - INFO - \u2705 User USER013: 0.750 accuracy, 38 train samples, 12 test samples
[ 2025-11-06 23:54:48,802 ] 46 root - INFO - Training model for User USER006 with 35 samples
[ 2025-11-06 23:54:48,841 ] 204 root - INFO - \u2705 User USER006: 0.733 accuracy, 35 train samples, 15 test samples
[ 2025-11-06 23:54:48,842 ] 46 root - INFO - Training model for User USER016 with 34 samples
[ 2025-11-06 23:54:48,876 ] 204 root - INFO - \u2705 User USER016: 1.000 accuracy, 34 train samples, 10 test samples
[ 2025-11-06 23:54:48,877 ] 46 root - INFO - Training model for User USER014 with 32 samples
[ 2025-11-06 23:54:48,910 ] 204 root - INFO - \u2705 User USER014: 0.833 accuracy, 32 train samples, 6 test samples
[ 2025-11-06 23:54:48,912 ] 219 root - INFO - Training global model with 87 samples (3 users)
[ 2025-11-06 23:54:48,912 ] 80 root - INFO - Training global model with 87 samples
[ 2025-11-06 23:54:49,043 ] 227 root - INFO - \U0001f30d Global model: 0.720 accuracy, 0.000 precision, 0.000 recall
[ 2025-11-06 23:54:49,044 ] 40 root - INFO - Entered the save_object method of MainUtils class
[ 2025-11-06 23:54:49,046 ] 44 root - INFO - Exited the save_object method of MainUtils class
[ 2025-11-06 23:54:49,046 ] 40 root - INFO - Entered the save_object method of MainUtils class
[ 2025-11-06 23:54:49,049 ] 44 root - INFO - Exited the save_object method of MainUtils class
[ 2025-11-06 23:54:49,049 ] 40 root - INFO - Entered the save_object method of MainUtils class
[ 2025-11-06 23:54:49,051 ] 44 root - INFO - Exited the save_object method of MainUtils class
[ 2025-11-06 23:54:49,051 ] 40 root - INFO - Entered the save_object method of MainUtils class
[ 2025-11-06 23:54:49,053 ] 44 root - INFO - Exited the save_object method of MainUtils class
[ 2025-11-06 23:54:49,053 ] 40 root - INFO - Entered the save_object method of MainUtils class
[ 2025-11-06 23:54:49,057 ] 44 root - INFO - Exited the save_object method of MainUtils class
[ 2025-11-06 23:54:49,057 ] 40 root - INFO - Entered the save_object method of MainUtils class
[ 2025-11-06 23:54:49,059 ] 44 root - INFO - Exited the save_object method of MainUtils class
[ 2025-11-06 23:54:49,059 ] 40 root - INFO - Entered the save_object method of MainUtils class
[ 2025-11-06 23:54:49,061 ] 44 root - INFO - Exited the save_object method of MainUtils class
[ 2025-11-06 23:54:49,061 ] 40 root - INFO - Entered the save_object method of MainUtils class
[ 2025-11-06 23:54:49,063 ] 44 root - INFO - Exited the save_object method of MainUtils class
[ 2025-11-06 23:54:49,064 ] 40 root - INFO - Entered the save_object method of MainUtils class
[ 2025-11-06 23:54:49,066 ] 44 root - INFO - Exited the save_object method of MainUtils class
[ 2025-11-06 23:54:49,066 ] 40 root - INFO - Entered the save_object method of MainUtils class
[ 2025-11-06 23:54:49,068 ] 44 root - INFO - Exited the save_object method of MainUtils class
[ 2025-11-06 23:54:49,068 ] 40 root - INFO - Entered the save_object method of MainUtils class
[ 2025-11-06 23:54:49,069 ] 44 root - INFO - Exited the save_object method of MainUtils class
[ 2025-11-06 23:54:49,070 ] 40 root - INFO - Entered the save_object method of MainUtils class
[ 2025-11-06 23:54:49,072 ] 44 root - INFO - Exited the save_object method of MainUtils class
[ 2025-11-06 23:54:49,072 ] 40 root - INFO - Entered the save_object method of MainUtils class
[ 2025-11-06 23:54:49,075 ] 44 root - INFO - Exited the save_object method of MainUtils class
[ 2025-11-06 23:54:49,075 ] 40 root - INFO - Entered the save_object method of MainUtils class
[ 2025-11-06 23:54:49,079 ] 44 root - INFO - Exited the save_object method of MainUtils class
[ 2025-11-06 23:54:49,079 ] 40 root - INFO - Entered the save_object method of MainUtils class
[ 2025-11-06 23:54:49,085 ] 44 root - INFO - Exited the save_object method of MainUtils class
[ 2025-11-06 23:54:49,085 ] 40 root - INFO - Entered the save_object method of MainUtils class
[ 2025-11-06 23:54:49,089 ] 44 root - INFO - Exited the save_object method of MainUtils class
[ 2025-11-06 23:54:49,089 ] 40 root - INFO - Entered the save_object method of MainUtils class
[ 2025-11-06 23:54:49,095 ] 44 root - INFO - Exited the save_object method of MainUtils class
[ 2025-11-06 23:54:49,095 ] 40 root - INFO - Entered the save_object method of MainUtils class
[ 2025-11-06 23:54:49,103 ] 44 root - INFO - Exited the save_object method of MainUtils class
[ 2025-11-06 23:54:49,103 ] 40 root - INFO - Entered the save_object method of MainUtils class
[ 2025-11-06 23:54:49,107 ] 44 root - INFO - Exited the save_object method of MainUtils class
[ 2025-11-06 23:54:49,107 ] 40 root - INFO - Entered the save_object method of MainUtils class
[ 2025-11-06 23:54:49,110 ] 44 root - INFO - Exited the save_object method of MainUtils class
[ 2025-11-06 23:54:49,110 ] 40 root - INFO - Entered the save_object method of MainUtils class
[ 2025-11-06 23:54:49,113 ] 44 root - INFO - Exited the save_object method of MainUtils class
[ 2025-11-06 23:54:49,113 ] 40 root - INFO - Entered the save_object method of MainUtils class
[ 2025-11-06 23:54:49,115 ] 44 root - INFO - Exited the save_object method of MainUtils class
[ 2025-11-06 23:54:49,116 ] 40 root - INFO - Entered the save_object method of MainUtils class
[ 2025-11-06 23:54:49,119 ] 44 root - INFO - Exited the save_object method of MainUtils class
[ 2025-11-06 23:54:49,119 ] 40 root - INFO - Entered the save_object method of MainUtils class
[ 2025-11-06 23:54:49,122 ] 44 root - INFO - Exited the save_object method of MainUtils class
[ 2025-11-06 23:54:49,122 ] 40 root - INFO - Entered the save_object method of MainUtils class
[ 2025-11-06 23:54:49,125 ] 44 root - INFO - Exited the save_object method of MainUtils class
[ 2025-11-06 23:54:49,125 ] 40 root - INFO - Entered the save_object method of MainUtils class
[ 2025-11-06 23:54:49,127 ] 44 root - INFO - Exited the save_object method of MainUtils class
[ 2025-11-06 23:54:49,127 ] 40 root - INFO - Entered the save_object method of MainUtils class
[ 2025-11-06 23:54:49,130 ] 44 root - INFO - Exited the save_object method of MainUtils class
[ 2025-11-06 23:54:49,130 ] 40 root - INFO - Entered the save_object method of MainUtils class
[ 2025-11-06 23:54:49,132 ] 44 root - INFO - Exited the save_object method of MainUtils class
[ 2025-11-06 23:54:49,132 ] 40 root - INFO - Entered the save_object method of MainUtils class
[ 2025-11-06 23:54:49,135 ] 44 root - INFO - Exited the save_object method of MainUtils class
[ 2025-11-06 23:54:49,135 ] 40 root - INFO - Entered the save_object method of MainUtils class
[ 2025-11-06 23:54:49,137 ] 44 root - INFO - Exited the save_object method of MainUtils class
[ 2025-11-06 23:54:49,137 ] 40 root - INFO - Entered the save_object method of MainUtils class
[ 2025-11-06 23:54:49,139 ] 44 root - INFO - Exited the save_object method of MainUtils class
[ 2025-11-06 23:54:49,140 ] 40 root - INFO - Entered the save_object method of MainUtils class
[ 2025-11-06 23:54:49,142 ] 44 root - INFO - Exited the save_object method of MainUtils class
[ 2025-11-06 23:54:49,142 ] 40 root - INFO - Entered the save_object method of MainUtils class
[ 2025-11-06 23:54:49,144 ] 44 root - INFO - Exited the save_object method of MainUtils class
[ 2025-11-06 23:54:49,144 ] 40 root - INFO - Entered the save_object method of MainUtils class
[ 2025-11-06 23:54:49,146 ] 44 root - INFO - Exited the save_object method of MainUtils class
[ 2025-11-06 23:54:49,146 ] 40 root - INFO - Entered the save_object method of MainUtils class
[ 2025-11-06 23:54:49,151 ] 44 root - INFO - Exited the save_object method of MainUtils class
[ 2025-11-06 23:54:49,151 ] 40 root - INFO - Entered the save_object method of MainUtils class
[ 2025-11-06 23:54:49,156 ] 44 root - INFO - Exited the save_object method of MainUtils class
[ 2025-11-06 23:54:49,156 ] 40 root - INFO - Entered the save_object method of MainUtils class
[ 2025-11-06 23:54:49,157 ] 44 root - INFO - Exited the save_object method of MainUtils class
[ 2025-11-06 23:54:49,157 ] 40 root - INFO - Entered the save_object method of MainUtils class
[ 2025-11-06 23:54:49,158 ] 44 root - INFO - Exited the save_object method of MainUtils class
[ 2025-11-06 23:54:49,158 ] 276 root - INFO - \U0001f389 TRUE per-user modeling completed successfully!
[ 2025-11-06 23:54:49,158 ] 277 root - INFO - \U0001f4ca Trained 17 user models + global model
[ 2025-11-06 23:54:49,158 ] 278 root - INFO - \U0001f4be Models saved to: Artifacts\11_06_2025_23_54_44\model_trainer\trained_model and final_model/
[ 2025-11-06 23:54:49,159 ] 64 root - INFO - Model trainer completed
