[ 2025-11-08 17:56:41,286 ] 29 root - INFO - Starting data ingestion
[ 2025-11-08 17:56:45,447 ] 67 root - INFO - Performed train test split on the dataframe
[ 2025-11-08 17:56:45,448 ] 69 root - INFO - Exited split_data_as_train_test method of Data_Ingestion class
[ 2025-11-08 17:56:45,448 ] 77 root - INFO - Exporting train and test file path.
[ 2025-11-08 17:56:45,477 ] 86 root - INFO - Exported train and test file path.
[ 2025-11-08 17:56:45,477 ] 31 root - INFO - Data ingestion completed
[ 2025-11-08 17:56:45,620 ] 40 root - INFO - Starting data validation
[ 2025-11-08 17:56:45,861 ] 34 root - INFO - Required number of columns:5
[ 2025-11-08 17:56:45,861 ] 35 root - INFO - Data frame has columns:8
[ 2025-11-08 17:56:45,861 ] 34 root - INFO - Required number of columns:5
[ 2025-11-08 17:56:45,861 ] 35 root - INFO - Data frame has columns:8
[ 2025-11-08 17:56:45,880 ] 42 root - INFO - Data validation completed
[ 2025-11-08 17:56:45,880 ] 51 root - INFO - Starting data transformation
[ 2025-11-08 17:56:45,880 ] 275 root - INFO - Entered initiate_data_transformation method of DataTransformation class
[ 2025-11-08 17:56:45,880 ] 277 root - INFO - Starting data transformation
[ 2025-11-08 17:56:45,883 ] 44 root - INFO - Converted temperature: 800/800 values to numeric
[ 2025-11-08 17:56:45,883 ] 44 root - INFO - Converted frequency_crossing: 800/800 values to numeric
[ 2025-11-08 17:56:45,884 ] 44 root - INFO - Converted day_of_week: 800/800 values to numeric
[ 2025-11-08 17:56:45,885 ] 44 root - INFO - Converted temperature: 200/200 values to numeric
[ 2025-11-08 17:56:45,885 ] 44 root - INFO - Converted frequency_crossing: 200/200 values to numeric
[ 2025-11-08 17:56:45,885 ] 44 root - INFO - Converted day_of_week: 200/200 values to numeric
[ 2025-11-08 17:56:45,887 ] 290 root - INFO - Preprocessing categorical features
[ 2025-11-08 17:56:45,887 ] 156 root - INFO - Preprocessing categorical features for train
[ 2025-11-08 17:56:45,888 ] 165 root - INFO - Converted temperature to numeric in preprocessing
[ 2025-11-08 17:56:45,888 ] 165 root - INFO - Converted frequency_crossing to numeric in preprocessing
[ 2025-11-08 17:56:45,888 ] 165 root - INFO - Converted day_of_week to numeric in preprocessing
[ 2025-11-08 17:56:45,901 ] 76 root - INFO - Creating user-aware features for train
[ 2025-11-08 17:56:45,901 ] 52 root - INFO - Calculating user behavior profiles
[ 2025-11-08 17:56:45,920 ] 71 root - INFO - Calculated behavior profiles for 50 users
[ 2025-11-08 17:56:46,002 ] 151 root - INFO - Created user-aware features: ['temperature_personal_z', 'temperature_personal_pct_max', 'crossing_personal_z', 'unusual_active_hour', 'temperature_personal_z', 'temperature_personal_pct_max', 'crossing_personal_z', 'unusual_active_hour', 'temperature_personal_z', 'temperature_personal_pct_max', 'crossing_personal_z', 'unusual_active_hour', 'temperature_personal_z', 'temperature_personal_pct_max', 'crossing_personal_z', 'unusual_active_hour', 'temperature_personal_z', 'temperature_personal_pct_max', 'crossing_personal_z', 'unusual_active_hour', 'temperature_personal_z', 'temperature_personal_pct_max', 'crossing_personal_z', 'unusual_active_hour', 'temperature_personal_z', 'temperature_personal_pct_max', 'crossing_personal_z', 'unusual_active_hour', 'temperature_personal_z', 'temperature_personal_pct_max', 'crossing_personal_z', 'unusual_active_hour', 'temperature_personal_z', 'temperature_personal_pct_max', 'crossing_personal_z', 'unusual_active_hour', 'temperature_personal_z', 'temperature_personal_pct_max', 'crossing_personal_z', 'unusual_active_hour', 'temperature_personal_z', 'temperature_personal_pct_max', 'crossing_personal_z', 'unusual_active_hour', 'temperature_personal_z', 'temperature_personal_pct_max', 'crossing_personal_z', 'unusual_active_hour', 'temperature_personal_z', 'temperature_personal_pct_max', 'crossing_personal_z', 'unusual_active_hour', 'temperature_personal_z', 'temperature_personal_pct_max', 'crossing_personal_z', 'unusual_active_hour', 'temperature_personal_z', 'temperature_personal_pct_max', 'crossing_personal_z', 'unusual_active_hour', 'temperature_personal_z', 'temperature_personal_pct_max', 'crossing_personal_z', 'unusual_active_hour', 'temperature_personal_z', 'temperature_personal_pct_max', 'crossing_personal_z', 'unusual_active_hour', 'temperature_personal_z', 'temperature_personal_pct_max', 'crossing_personal_z', 'unusual_active_hour', 'temperature_personal_z', 'temperature_personal_pct_max', 'crossing_personal_z', 'unusual_active_hour', 'temperature_personal_z', 'temperature_personal_pct_max', 'crossing_personal_z', 'unusual_active_hour', 'temperature_personal_z', 'temperature_personal_pct_max', 'crossing_personal_z', 'unusual_active_hour', 'temperature_personal_z', 'temperature_personal_pct_max', 'crossing_personal_z', 'unusual_active_hour', 'temperature_personal_z', 'temperature_personal_pct_max', 'crossing_personal_z', 'unusual_active_hour', 'temperature_personal_z', 'temperature_personal_pct_max', 'crossing_personal_z', 'unusual_active_hour', 'temperature_personal_z', 'temperature_personal_pct_max', 'crossing_personal_z', 'unusual_active_hour', 'temperature_personal_z', 'temperature_personal_pct_max', 'crossing_personal_z', 'unusual_active_hour', 'temperature_personal_z', 'temperature_personal_pct_max', 'crossing_personal_z', 'unusual_active_hour', 'temperature_personal_z', 'temperature_personal_pct_max', 'crossing_personal_z', 'unusual_active_hour', 'temperature_personal_z', 'temperature_personal_pct_max', 'crossing_personal_z', 'unusual_active_hour', 'temperature_personal_z', 'temperature_personal_pct_max', 'crossing_personal_z', 'unusual_active_hour', 'temperature_personal_z', 'temperature_personal_pct_max', 'crossing_personal_z', 'unusual_active_hour', 'temperature_personal_z', 'temperature_personal_pct_max', 'crossing_personal_z', 'unusual_active_hour', 'temperature_personal_z', 'temperature_personal_pct_max', 'crossing_personal_z', 'unusual_active_hour', 'temperature_personal_z', 'temperature_personal_pct_max', 'crossing_personal_z', 'unusual_active_hour', 'temperature_personal_z', 'temperature_personal_pct_max', 'crossing_personal_z', 'unusual_active_hour', 'temperature_personal_z', 'temperature_personal_pct_max', 'crossing_personal_z', 'unusual_active_hour', 'temperature_personal_z', 'temperature_personal_pct_max', 'crossing_personal_z', 'unusual_active_hour', 'temperature_personal_z', 'temperature_personal_pct_max', 'crossing_personal_z', 'unusual_active_hour', 'temperature_personal_z', 'temperature_personal_pct_max', 'crossing_personal_z', 'unusual_active_hour', 'temperature_personal_z', 'temperature_personal_pct_max', 'crossing_personal_z', 'unusual_active_hour', 'temperature_personal_z', 'temperature_personal_pct_max', 'crossing_personal_z', 'unusual_active_hour', 'temperature_personal_z', 'temperature_personal_pct_max', 'crossing_personal_z', 'unusual_active_hour', 'temperature_personal_z', 'temperature_personal_pct_max', 'crossing_personal_z', 'unusual_active_hour', 'temperature_personal_z', 'temperature_personal_pct_max', 'crossing_personal_z', 'unusual_active_hour', 'temperature_personal_z', 'temperature_personal_pct_max', 'crossing_personal_z', 'unusual_active_hour', 'temperature_personal_z', 'temperature_personal_pct_max', 'crossing_personal_z', 'unusual_active_hour', 'temperature_personal_z', 'temperature_personal_pct_max', 'crossing_personal_z', 'unusual_active_hour', 'temperature_personal_z', 'temperature_personal_pct_max', 'crossing_personal_z', 'unusual_active_hour', 'temperature_personal_z', 'temperature_personal_pct_max', 'crossing_personal_z', 'unusual_active_hour', 'temperature_personal_z', 'temperature_personal_pct_max', 'crossing_personal_z', 'unusual_active_hour']
[ 2025-11-08 17:56:46,002 ] 190 root - INFO - After categorical processing - train columns: ['user_id', 'temperature', 'day_of_week', 'frequency_crossing', 'behaviour', 'month', 'hour', 'time_of_the_day_encoded', 'weather_cloudy', 'weather_rainy', 'weather_snowy', 'weather_sunny', 'temperature_personal_z', 'temperature_personal_pct_max', 'crossing_personal_z', 'unusual_active_hour']
[ 2025-11-08 17:56:46,002 ] 156 root - INFO - Preprocessing categorical features for test
[ 2025-11-08 17:56:46,003 ] 165 root - INFO - Converted temperature to numeric in preprocessing
[ 2025-11-08 17:56:46,003 ] 165 root - INFO - Converted frequency_crossing to numeric in preprocessing
[ 2025-11-08 17:56:46,003 ] 165 root - INFO - Converted day_of_week to numeric in preprocessing
[ 2025-11-08 17:56:46,006 ] 76 root - INFO - Creating user-aware features for test
[ 2025-11-08 17:56:46,086 ] 151 root - INFO - Created user-aware features: ['temperature_personal_z', 'temperature_personal_pct_max', 'crossing_personal_z', 'unusual_active_hour', 'temperature_personal_z', 'temperature_personal_pct_max', 'crossing_personal_z', 'unusual_active_hour', 'temperature_personal_z', 'temperature_personal_pct_max', 'crossing_personal_z', 'unusual_active_hour', 'temperature_personal_z', 'temperature_personal_pct_max', 'crossing_personal_z', 'unusual_active_hour', 'temperature_personal_z', 'temperature_personal_pct_max', 'crossing_personal_z', 'unusual_active_hour', 'temperature_personal_z', 'temperature_personal_pct_max', 'crossing_personal_z', 'unusual_active_hour', 'temperature_personal_z', 'temperature_personal_pct_max', 'crossing_personal_z', 'unusual_active_hour', 'temperature_personal_z', 'temperature_personal_pct_max', 'crossing_personal_z', 'unusual_active_hour', 'temperature_personal_z', 'temperature_personal_pct_max', 'crossing_personal_z', 'unusual_active_hour', 'temperature_personal_z', 'temperature_personal_pct_max', 'crossing_personal_z', 'unusual_active_hour', 'temperature_personal_z', 'temperature_personal_pct_max', 'crossing_personal_z', 'unusual_active_hour', 'temperature_personal_z', 'temperature_personal_pct_max', 'crossing_personal_z', 'unusual_active_hour', 'temperature_personal_z', 'temperature_personal_pct_max', 'crossing_personal_z', 'unusual_active_hour', 'temperature_personal_z', 'temperature_personal_pct_max', 'crossing_personal_z', 'unusual_active_hour', 'temperature_personal_z', 'temperature_personal_pct_max', 'crossing_personal_z', 'unusual_active_hour', 'temperature_personal_z', 'temperature_personal_pct_max', 'crossing_personal_z', 'unusual_active_hour', 'temperature_personal_z', 'temperature_personal_pct_max', 'crossing_personal_z', 'unusual_active_hour', 'temperature_personal_z', 'temperature_personal_pct_max', 'crossing_personal_z', 'unusual_active_hour', 'temperature_personal_z', 'temperature_personal_pct_max', 'crossing_personal_z', 'unusual_active_hour', 'temperature_personal_z', 'temperature_personal_pct_max', 'crossing_personal_z', 'unusual_active_hour', 'temperature_personal_z', 'temperature_personal_pct_max', 'crossing_personal_z', 'unusual_active_hour', 'temperature_personal_z', 'temperature_personal_pct_max', 'crossing_personal_z', 'unusual_active_hour', 'temperature_personal_z', 'temperature_personal_pct_max', 'crossing_personal_z', 'unusual_active_hour', 'temperature_personal_z', 'temperature_personal_pct_max', 'crossing_personal_z', 'unusual_active_hour', 'temperature_personal_z', 'temperature_personal_pct_max', 'crossing_personal_z', 'unusual_active_hour', 'temperature_personal_z', 'temperature_personal_pct_max', 'crossing_personal_z', 'unusual_active_hour', 'temperature_personal_z', 'temperature_personal_pct_max', 'crossing_personal_z', 'unusual_active_hour', 'temperature_personal_z', 'temperature_personal_pct_max', 'crossing_personal_z', 'unusual_active_hour', 'temperature_personal_z', 'temperature_personal_pct_max', 'crossing_personal_z', 'unusual_active_hour', 'temperature_personal_z', 'temperature_personal_pct_max', 'crossing_personal_z', 'unusual_active_hour', 'temperature_personal_z', 'temperature_personal_pct_max', 'crossing_personal_z', 'unusual_active_hour', 'temperature_personal_z', 'temperature_personal_pct_max', 'crossing_personal_z', 'unusual_active_hour', 'temperature_personal_z', 'temperature_personal_pct_max', 'crossing_personal_z', 'unusual_active_hour', 'temperature_personal_z', 'temperature_personal_pct_max', 'crossing_personal_z', 'unusual_active_hour', 'temperature_personal_z', 'temperature_personal_pct_max', 'crossing_personal_z', 'unusual_active_hour', 'temperature_personal_z', 'temperature_personal_pct_max', 'crossing_personal_z', 'unusual_active_hour', 'temperature_personal_z', 'temperature_personal_pct_max', 'crossing_personal_z', 'unusual_active_hour', 'temperature_personal_z', 'temperature_personal_pct_max', 'crossing_personal_z', 'unusual_active_hour', 'temperature_personal_z', 'temperature_personal_pct_max', 'crossing_personal_z', 'unusual_active_hour', 'temperature_personal_z', 'temperature_personal_pct_max', 'crossing_personal_z', 'unusual_active_hour', 'temperature_personal_z', 'temperature_personal_pct_max', 'crossing_personal_z', 'unusual_active_hour', 'temperature_personal_z', 'temperature_personal_pct_max', 'crossing_personal_z', 'unusual_active_hour', 'temperature_personal_z', 'temperature_personal_pct_max', 'crossing_personal_z', 'unusual_active_hour', 'temperature_personal_z', 'temperature_personal_pct_max', 'crossing_personal_z', 'unusual_active_hour', 'temperature_personal_z', 'temperature_personal_pct_max', 'crossing_personal_z', 'unusual_active_hour', 'temperature_personal_z', 'temperature_personal_pct_max', 'crossing_personal_z', 'unusual_active_hour', 'temperature_personal_z', 'temperature_personal_pct_max', 'crossing_personal_z', 'unusual_active_hour', 'temperature_personal_z', 'temperature_personal_pct_max', 'crossing_personal_z', 'unusual_active_hour', 'temperature_personal_z', 'temperature_personal_pct_max', 'crossing_personal_z', 'unusual_active_hour']
[ 2025-11-08 17:56:46,086 ] 190 root - INFO - After categorical processing - test columns: ['user_id', 'temperature', 'day_of_week', 'frequency_crossing', 'behaviour', 'month', 'hour', 'time_of_the_day_encoded', 'weather_cloudy', 'weather_rainy', 'weather_snowy', 'weather_sunny', 'temperature_personal_z', 'temperature_personal_pct_max', 'crossing_personal_z', 'unusual_active_hour']
[ 2025-11-08 17:56:46,086 ] 295 root - INFO - Cleaning target column
[ 2025-11-08 17:56:46,086 ] 195 root - INFO - Cleaning target column for train dataset
[ 2025-11-08 17:56:46,087 ] 195 root - INFO - Cleaning target column for test dataset
[ 2025-11-08 17:56:46,087 ] 300 root - INFO - Removing invalid target rows
[ 2025-11-08 17:56:46,095 ] 305 root - INFO - Handling feature missing values
[ 2025-11-08 17:56:46,095 ] 223 root - INFO - Handling missing values for train
[ 2025-11-08 17:56:46,095 ] 229 root - INFO - No missing values found in train features
[ 2025-11-08 17:56:46,095 ] 223 root - INFO - Handling missing values for test
[ 2025-11-08 17:56:46,096 ] 229 root - INFO - No missing values found in test features
[ 2025-11-08 17:56:46,096 ] 310 root - INFO - Final train shape: (800, 16), test shape: (200, 16)
[ 2025-11-08 17:56:46,096 ] 319 root - INFO - Creating and fitting preprocessor
[ 2025-11-08 17:56:46,096 ] 250 root - INFO - Creating preprocessing pipeline
[ 2025-11-08 17:56:46,096 ] 263 root - INFO - Numerical features for scaling: ['temperature', 'day_of_week', 'frequency_crossing', 'month', 'hour', 'time_of_the_day_encoded', 'temperature_personal_z', 'temperature_personal_pct_max', 'crossing_personal_z', 'unusual_active_hour']
[ 2025-11-08 17:56:46,096 ] 329 root - INFO - Fitting preprocessor on: ['temperature', 'day_of_week', 'frequency_crossing', 'month', 'hour', 'time_of_the_day_encoded', 'temperature_personal_z', 'temperature_personal_pct_max', 'crossing_personal_z', 'unusual_active_hour']
[ 2025-11-08 17:56:46,098 ] 335 root - INFO - Step 6: Transforming features using preprocessor
[ 2025-11-08 17:56:46,100 ] 343 root - INFO - Saving preprocessor object
[ 2025-11-08 17:56:46,103 ] 40 root - INFO - Entered the save_object method of MainUtils class
[ 2025-11-08 17:56:46,104 ] 44 root - INFO - Exited the save_object method of MainUtils class
[ 2025-11-08 17:56:46,104 ] 40 root - INFO - Entered the save_object method of MainUtils class
[ 2025-11-08 17:56:46,105 ] 44 root - INFO - Exited the save_object method of MainUtils class
[ 2025-11-08 17:56:46,105 ] 40 root - INFO - Entered the save_object method of MainUtils class
[ 2025-11-08 17:56:46,106 ] 44 root - INFO - Exited the save_object method of MainUtils class
[ 2025-11-08 17:56:46,106 ] 40 root - INFO - Entered the save_object method of MainUtils class
[ 2025-11-08 17:56:46,107 ] 44 root - INFO - Exited the save_object method of MainUtils class
[ 2025-11-08 17:56:46,107 ] 361 root - INFO - Saved feature columns: ['temperature', 'day_of_week', 'frequency_crossing', 'month', 'hour', 'time_of_the_day_encoded', 'temperature_personal_z', 'temperature_personal_pct_max', 'crossing_personal_z', 'unusual_active_hour']
[ 2025-11-08 17:56:46,107 ] 40 root - INFO - Entered the save_object method of MainUtils class
[ 2025-11-08 17:56:46,108 ] 44 root - INFO - Exited the save_object method of MainUtils class
[ 2025-11-08 17:56:46,108 ] 365 root - INFO - Saved behavior profiles for 50 users
[ 2025-11-08 17:56:46,108 ] 372 root - INFO - Data transformation completed successfully with user-aware features
[ 2025-11-08 17:56:46,109 ] 53 root - INFO - Data transformation completed
[ 2025-11-08 17:56:46,109 ] 62 root - INFO - Starting model trainer
[ 2025-11-08 17:56:46,109 ] 160 root - INFO - Starting TRUE per-user model training
[ 2025-11-08 17:56:46,133 ] 120 root - INFO - Loaded data with columns: ['temperature', 'day_of_week', 'frequency_crossing', 'month', 'hour', 'time_of_the_day_encoded', 'temperature_personal_z', 'temperature_personal_pct_max', 'crossing_personal_z', 'unusual_active_hour', 'behaviour']
[ 2025-11-08 17:56:46,145 ] 170 root - INFO - Training data: (800, 10), Test data: (200, 10)
[ 2025-11-08 17:56:46,145 ] 171 root - INFO - Train users: 50, Test users: 49
[ 2025-11-08 17:56:46,147 ] 177 root - INFO - Found 0 users with sufficient data for per-user modeling
[ 2025-11-08 17:56:46,151 ] 178 root - INFO - User distribution: count    50.000000
mean     16.000000
std       4.075812
min       7.000000
25%      13.000000
50%      15.000000
75%      19.000000
max      25.000000
Name: count, dtype: float64
[ 2025-11-08 17:56:46,151 ] 219 root - INFO - Training global model with 800 samples (50 users)
[ 2025-11-08 17:56:46,151 ] 80 root - INFO - Training global model with 800 samples
[ 2025-11-08 17:56:46,346 ] 227 root - INFO - \U0001f30d Global model: 0.750 accuracy, 0.000 precision, 0.000 recall
[ 2025-11-08 17:56:46,348 ] 40 root - INFO - Entered the save_object method of MainUtils class
[ 2025-11-08 17:56:46,353 ] 44 root - INFO - Exited the save_object method of MainUtils class
[ 2025-11-08 17:56:46,353 ] 40 root - INFO - Entered the save_object method of MainUtils class
[ 2025-11-08 17:56:46,357 ] 44 root - INFO - Exited the save_object method of MainUtils class
[ 2025-11-08 17:56:46,357 ] 40 root - INFO - Entered the save_object method of MainUtils class
[ 2025-11-08 17:56:46,359 ] 44 root - INFO - Exited the save_object method of MainUtils class
[ 2025-11-08 17:56:46,359 ] 40 root - INFO - Entered the save_object method of MainUtils class
[ 2025-11-08 17:56:46,360 ] 44 root - INFO - Exited the save_object method of MainUtils class
[ 2025-11-08 17:56:46,360 ] 276 root - INFO - \U0001f389 TRUE per-user modeling completed successfully!
[ 2025-11-08 17:56:46,360 ] 277 root - INFO - \U0001f4ca Trained 0 user models + global model
[ 2025-11-08 17:56:46,360 ] 278 root - INFO - \U0001f4be Models saved to: Artifacts\11_08_2025_17_56_38\model_trainer\trained_model and final_model/
[ 2025-11-08 17:56:46,360 ] 64 root - INFO - Model trainer completed
