[ 2025-11-08 18:05:40,826 ] 29 root - INFO - Starting data ingestion
[ 2025-11-08 18:05:44,386 ] 67 root - INFO - Performed train test split on the dataframe
[ 2025-11-08 18:05:44,386 ] 69 root - INFO - Exited split_data_as_train_test method of Data_Ingestion class
[ 2025-11-08 18:05:44,387 ] 77 root - INFO - Exporting train and test file path.
[ 2025-11-08 18:05:44,394 ] 86 root - INFO - Exported train and test file path.
[ 2025-11-08 18:05:44,395 ] 31 root - INFO - Data ingestion completed
[ 2025-11-08 18:05:44,399 ] 40 root - INFO - Starting data validation
[ 2025-11-08 18:05:44,439 ] 34 root - INFO - Required number of columns:5
[ 2025-11-08 18:05:44,439 ] 35 root - INFO - Data frame has columns:8
[ 2025-11-08 18:05:44,439 ] 34 root - INFO - Required number of columns:5
[ 2025-11-08 18:05:44,439 ] 35 root - INFO - Data frame has columns:8
[ 2025-11-08 18:05:44,456 ] 42 root - INFO - Data validation completed
[ 2025-11-08 18:05:44,457 ] 51 root - INFO - Starting data transformation
[ 2025-11-08 18:05:44,457 ] 275 root - INFO - Entered initiate_data_transformation method of DataTransformation class
[ 2025-11-08 18:05:44,457 ] 277 root - INFO - Starting data transformation
[ 2025-11-08 18:05:44,460 ] 44 root - INFO - Converted temperature: 800/800 values to numeric
[ 2025-11-08 18:05:44,461 ] 44 root - INFO - Converted frequency_crossing: 800/800 values to numeric
[ 2025-11-08 18:05:44,461 ] 44 root - INFO - Converted day_of_week: 800/800 values to numeric
[ 2025-11-08 18:05:44,463 ] 44 root - INFO - Converted temperature: 200/200 values to numeric
[ 2025-11-08 18:05:44,463 ] 44 root - INFO - Converted frequency_crossing: 200/200 values to numeric
[ 2025-11-08 18:05:44,463 ] 44 root - INFO - Converted day_of_week: 200/200 values to numeric
[ 2025-11-08 18:05:44,464 ] 290 root - INFO - Preprocessing categorical features
[ 2025-11-08 18:05:44,464 ] 156 root - INFO - Preprocessing categorical features for train
[ 2025-11-08 18:05:44,464 ] 165 root - INFO - Converted temperature to numeric in preprocessing
[ 2025-11-08 18:05:44,465 ] 165 root - INFO - Converted frequency_crossing to numeric in preprocessing
[ 2025-11-08 18:05:44,465 ] 165 root - INFO - Converted day_of_week to numeric in preprocessing
[ 2025-11-08 18:05:44,478 ] 76 root - INFO - Creating user-aware features for train
[ 2025-11-08 18:05:44,478 ] 52 root - INFO - Calculating user behavior profiles
[ 2025-11-08 18:05:44,495 ] 71 root - INFO - Calculated behavior profiles for 50 users
[ 2025-11-08 18:05:44,583 ] 151 root - INFO - Created user-aware features: ['temperature_personal_z', 'temperature_personal_pct_max', 'crossing_personal_z', 'unusual_active_hour', 'temperature_personal_z', 'temperature_personal_pct_max', 'crossing_personal_z', 'unusual_active_hour', 'temperature_personal_z', 'temperature_personal_pct_max', 'crossing_personal_z', 'unusual_active_hour', 'temperature_personal_z', 'temperature_personal_pct_max', 'crossing_personal_z', 'unusual_active_hour', 'temperature_personal_z', 'temperature_personal_pct_max', 'crossing_personal_z', 'unusual_active_hour', 'temperature_personal_z', 'temperature_personal_pct_max', 'crossing_personal_z', 'unusual_active_hour', 'temperature_personal_z', 'temperature_personal_pct_max', 'crossing_personal_z', 'unusual_active_hour', 'temperature_personal_z', 'temperature_personal_pct_max', 'crossing_personal_z', 'unusual_active_hour', 'temperature_personal_z', 'temperature_personal_pct_max', 'crossing_personal_z', 'unusual_active_hour', 'temperature_personal_z', 'temperature_personal_pct_max', 'crossing_personal_z', 'unusual_active_hour', 'temperature_personal_z', 'temperature_personal_pct_max', 'crossing_personal_z', 'unusual_active_hour', 'temperature_personal_z', 'temperature_personal_pct_max', 'crossing_personal_z', 'unusual_active_hour', 'temperature_personal_z', 'temperature_personal_pct_max', 'crossing_personal_z', 'unusual_active_hour', 'temperature_personal_z', 'temperature_personal_pct_max', 'crossing_personal_z', 'unusual_active_hour', 'temperature_personal_z', 'temperature_personal_pct_max', 'crossing_personal_z', 'unusual_active_hour', 'temperature_personal_z', 'temperature_personal_pct_max', 'crossing_personal_z', 'unusual_active_hour', 'temperature_personal_z', 'temperature_personal_pct_max', 'crossing_personal_z', 'unusual_active_hour', 'temperature_personal_z', 'temperature_personal_pct_max', 'crossing_personal_z', 'unusual_active_hour', 'temperature_personal_z', 'temperature_personal_pct_max', 'crossing_personal_z', 'unusual_active_hour', 'temperature_personal_z', 'temperature_personal_pct_max', 'crossing_personal_z', 'unusual_active_hour', 'temperature_personal_z', 'temperature_personal_pct_max', 'crossing_personal_z', 'unusual_active_hour', 'temperature_personal_z', 'temperature_personal_pct_max', 'crossing_personal_z', 'unusual_active_hour', 'temperature_personal_z', 'temperature_personal_pct_max', 'crossing_personal_z', 'unusual_active_hour', 'temperature_personal_z', 'temperature_personal_pct_max', 'crossing_personal_z', 'unusual_active_hour', 'temperature_personal_z', 'temperature_personal_pct_max', 'crossing_personal_z', 'unusual_active_hour', 'temperature_personal_z', 'temperature_personal_pct_max', 'crossing_personal_z', 'unusual_active_hour', 'temperature_personal_z', 'temperature_personal_pct_max', 'crossing_personal_z', 'unusual_active_hour', 'temperature_personal_z', 'temperature_personal_pct_max', 'crossing_personal_z', 'unusual_active_hour', 'temperature_personal_z', 'temperature_personal_pct_max', 'crossing_personal_z', 'unusual_active_hour', 'temperature_personal_z', 'temperature_personal_pct_max', 'crossing_personal_z', 'unusual_active_hour', 'temperature_personal_z', 'temperature_personal_pct_max', 'crossing_personal_z', 'unusual_active_hour', 'temperature_personal_z', 'temperature_personal_pct_max', 'crossing_personal_z', 'unusual_active_hour', 'temperature_personal_z', 'temperature_personal_pct_max', 'crossing_personal_z', 'unusual_active_hour', 'temperature_personal_z', 'temperature_personal_pct_max', 'crossing_personal_z', 'unusual_active_hour', 'temperature_personal_z', 'temperature_personal_pct_max', 'crossing_personal_z', 'unusual_active_hour', 'temperature_personal_z', 'temperature_personal_pct_max', 'crossing_personal_z', 'unusual_active_hour', 'temperature_personal_z', 'temperature_personal_pct_max', 'crossing_personal_z', 'unusual_active_hour', 'temperature_personal_z', 'temperature_personal_pct_max', 'crossing_personal_z', 'unusual_active_hour', 'temperature_personal_z', 'temperature_personal_pct_max', 'crossing_personal_z', 'unusual_active_hour', 'temperature_personal_z', 'temperature_personal_pct_max', 'crossing_personal_z', 'unusual_active_hour', 'temperature_personal_z', 'temperature_personal_pct_max', 'crossing_personal_z', 'unusual_active_hour', 'temperature_personal_z', 'temperature_personal_pct_max', 'crossing_personal_z', 'unusual_active_hour', 'temperature_personal_z', 'temperature_personal_pct_max', 'crossing_personal_z', 'unusual_active_hour', 'temperature_personal_z', 'temperature_personal_pct_max', 'crossing_personal_z', 'unusual_active_hour', 'temperature_personal_z', 'temperature_personal_pct_max', 'crossing_personal_z', 'unusual_active_hour', 'temperature_personal_z', 'temperature_personal_pct_max', 'crossing_personal_z', 'unusual_active_hour', 'temperature_personal_z', 'temperature_personal_pct_max', 'crossing_personal_z', 'unusual_active_hour', 'temperature_personal_z', 'temperature_personal_pct_max', 'crossing_personal_z', 'unusual_active_hour', 'temperature_personal_z', 'temperature_personal_pct_max', 'crossing_personal_z', 'unusual_active_hour', 'temperature_personal_z', 'temperature_personal_pct_max', 'crossing_personal_z', 'unusual_active_hour']
[ 2025-11-08 18:05:44,583 ] 190 root - INFO - After categorical processing - train columns: ['user_id', 'temperature', 'day_of_week', 'frequency_crossing', 'behaviour', 'month', 'hour', 'time_of_the_day_encoded', 'weather_cloudy', 'weather_rainy', 'weather_snowy', 'weather_sunny', 'temperature_personal_z', 'temperature_personal_pct_max', 'crossing_personal_z', 'unusual_active_hour']
[ 2025-11-08 18:05:44,583 ] 156 root - INFO - Preprocessing categorical features for test
[ 2025-11-08 18:05:44,583 ] 165 root - INFO - Converted temperature to numeric in preprocessing
[ 2025-11-08 18:05:44,584 ] 165 root - INFO - Converted frequency_crossing to numeric in preprocessing
[ 2025-11-08 18:05:44,584 ] 165 root - INFO - Converted day_of_week to numeric in preprocessing
[ 2025-11-08 18:05:44,587 ] 76 root - INFO - Creating user-aware features for test
[ 2025-11-08 18:05:44,678 ] 151 root - INFO - Created user-aware features: ['temperature_personal_z', 'temperature_personal_pct_max', 'crossing_personal_z', 'unusual_active_hour', 'temperature_personal_z', 'temperature_personal_pct_max', 'crossing_personal_z', 'unusual_active_hour', 'temperature_personal_z', 'temperature_personal_pct_max', 'crossing_personal_z', 'unusual_active_hour', 'temperature_personal_z', 'temperature_personal_pct_max', 'crossing_personal_z', 'unusual_active_hour', 'temperature_personal_z', 'temperature_personal_pct_max', 'crossing_personal_z', 'unusual_active_hour', 'temperature_personal_z', 'temperature_personal_pct_max', 'crossing_personal_z', 'unusual_active_hour', 'temperature_personal_z', 'temperature_personal_pct_max', 'crossing_personal_z', 'unusual_active_hour', 'temperature_personal_z', 'temperature_personal_pct_max', 'crossing_personal_z', 'unusual_active_hour', 'temperature_personal_z', 'temperature_personal_pct_max', 'crossing_personal_z', 'unusual_active_hour', 'temperature_personal_z', 'temperature_personal_pct_max', 'crossing_personal_z', 'unusual_active_hour', 'temperature_personal_z', 'temperature_personal_pct_max', 'crossing_personal_z', 'unusual_active_hour', 'temperature_personal_z', 'temperature_personal_pct_max', 'crossing_personal_z', 'unusual_active_hour', 'temperature_personal_z', 'temperature_personal_pct_max', 'crossing_personal_z', 'unusual_active_hour', 'temperature_personal_z', 'temperature_personal_pct_max', 'crossing_personal_z', 'unusual_active_hour', 'temperature_personal_z', 'temperature_personal_pct_max', 'crossing_personal_z', 'unusual_active_hour', 'temperature_personal_z', 'temperature_personal_pct_max', 'crossing_personal_z', 'unusual_active_hour', 'temperature_personal_z', 'temperature_personal_pct_max', 'crossing_personal_z', 'unusual_active_hour', 'temperature_personal_z', 'temperature_personal_pct_max', 'crossing_personal_z', 'unusual_active_hour', 'temperature_personal_z', 'temperature_personal_pct_max', 'crossing_personal_z', 'unusual_active_hour', 'temperature_personal_z', 'temperature_personal_pct_max', 'crossing_personal_z', 'unusual_active_hour', 'temperature_personal_z', 'temperature_personal_pct_max', 'crossing_personal_z', 'unusual_active_hour', 'temperature_personal_z', 'temperature_personal_pct_max', 'crossing_personal_z', 'unusual_active_hour', 'temperature_personal_z', 'temperature_personal_pct_max', 'crossing_personal_z', 'unusual_active_hour', 'temperature_personal_z', 'temperature_personal_pct_max', 'crossing_personal_z', 'unusual_active_hour', 'temperature_personal_z', 'temperature_personal_pct_max', 'crossing_personal_z', 'unusual_active_hour', 'temperature_personal_z', 'temperature_personal_pct_max', 'crossing_personal_z', 'unusual_active_hour', 'temperature_personal_z', 'temperature_personal_pct_max', 'crossing_personal_z', 'unusual_active_hour', 'temperature_personal_z', 'temperature_personal_pct_max', 'crossing_personal_z', 'unusual_active_hour', 'temperature_personal_z', 'temperature_personal_pct_max', 'crossing_personal_z', 'unusual_active_hour', 'temperature_personal_z', 'temperature_personal_pct_max', 'crossing_personal_z', 'unusual_active_hour', 'temperature_personal_z', 'temperature_personal_pct_max', 'crossing_personal_z', 'unusual_active_hour', 'temperature_personal_z', 'temperature_personal_pct_max', 'crossing_personal_z', 'unusual_active_hour', 'temperature_personal_z', 'temperature_personal_pct_max', 'crossing_personal_z', 'unusual_active_hour', 'temperature_personal_z', 'temperature_personal_pct_max', 'crossing_personal_z', 'unusual_active_hour', 'temperature_personal_z', 'temperature_personal_pct_max', 'crossing_personal_z', 'unusual_active_hour', 'temperature_personal_z', 'temperature_personal_pct_max', 'crossing_personal_z', 'unusual_active_hour', 'temperature_personal_z', 'temperature_personal_pct_max', 'crossing_personal_z', 'unusual_active_hour', 'temperature_personal_z', 'temperature_personal_pct_max', 'crossing_personal_z', 'unusual_active_hour', 'temperature_personal_z', 'temperature_personal_pct_max', 'crossing_personal_z', 'unusual_active_hour', 'temperature_personal_z', 'temperature_personal_pct_max', 'crossing_personal_z', 'unusual_active_hour', 'temperature_personal_z', 'temperature_personal_pct_max', 'crossing_personal_z', 'unusual_active_hour', 'temperature_personal_z', 'temperature_personal_pct_max', 'crossing_personal_z', 'unusual_active_hour', 'temperature_personal_z', 'temperature_personal_pct_max', 'crossing_personal_z', 'unusual_active_hour', 'temperature_personal_z', 'temperature_personal_pct_max', 'crossing_personal_z', 'unusual_active_hour', 'temperature_personal_z', 'temperature_personal_pct_max', 'crossing_personal_z', 'unusual_active_hour', 'temperature_personal_z', 'temperature_personal_pct_max', 'crossing_personal_z', 'unusual_active_hour', 'temperature_personal_z', 'temperature_personal_pct_max', 'crossing_personal_z', 'unusual_active_hour', 'temperature_personal_z', 'temperature_personal_pct_max', 'crossing_personal_z', 'unusual_active_hour', 'temperature_personal_z', 'temperature_personal_pct_max', 'crossing_personal_z', 'unusual_active_hour', 'temperature_personal_z', 'temperature_personal_pct_max', 'crossing_personal_z', 'unusual_active_hour']
[ 2025-11-08 18:05:44,678 ] 190 root - INFO - After categorical processing - test columns: ['user_id', 'temperature', 'day_of_week', 'frequency_crossing', 'behaviour', 'month', 'hour', 'time_of_the_day_encoded', 'weather_cloudy', 'weather_rainy', 'weather_snowy', 'weather_sunny', 'temperature_personal_z', 'temperature_personal_pct_max', 'crossing_personal_z', 'unusual_active_hour']
[ 2025-11-08 18:05:44,678 ] 295 root - INFO - Cleaning target column
[ 2025-11-08 18:05:44,678 ] 195 root - INFO - Cleaning target column for train dataset
[ 2025-11-08 18:05:44,679 ] 195 root - INFO - Cleaning target column for test dataset
[ 2025-11-08 18:05:44,680 ] 300 root - INFO - Removing invalid target rows
[ 2025-11-08 18:05:44,682 ] 305 root - INFO - Handling feature missing values
[ 2025-11-08 18:05:44,682 ] 223 root - INFO - Handling missing values for train
[ 2025-11-08 18:05:44,682 ] 229 root - INFO - No missing values found in train features
[ 2025-11-08 18:05:44,682 ] 223 root - INFO - Handling missing values for test
[ 2025-11-08 18:05:44,682 ] 229 root - INFO - No missing values found in test features
[ 2025-11-08 18:05:44,682 ] 310 root - INFO - Final train shape: (800, 16), test shape: (200, 16)
[ 2025-11-08 18:05:44,683 ] 319 root - INFO - Creating and fitting preprocessor
[ 2025-11-08 18:05:44,683 ] 250 root - INFO - Creating preprocessing pipeline
[ 2025-11-08 18:05:44,684 ] 263 root - INFO - Numerical features for scaling: ['temperature', 'day_of_week', 'frequency_crossing', 'month', 'hour', 'time_of_the_day_encoded', 'temperature_personal_z', 'temperature_personal_pct_max', 'crossing_personal_z', 'unusual_active_hour']
[ 2025-11-08 18:05:44,684 ] 329 root - INFO - Fitting preprocessor on: ['temperature', 'day_of_week', 'frequency_crossing', 'month', 'hour', 'time_of_the_day_encoded', 'temperature_personal_z', 'temperature_personal_pct_max', 'crossing_personal_z', 'unusual_active_hour']
[ 2025-11-08 18:05:44,685 ] 335 root - INFO - Step 6: Transforming features using preprocessor
[ 2025-11-08 18:05:44,687 ] 343 root - INFO - Saving preprocessor object
[ 2025-11-08 18:05:44,690 ] 40 root - INFO - Entered the save_object method of MainUtils class
[ 2025-11-08 18:05:44,691 ] 44 root - INFO - Exited the save_object method of MainUtils class
[ 2025-11-08 18:05:44,691 ] 40 root - INFO - Entered the save_object method of MainUtils class
[ 2025-11-08 18:05:44,692 ] 44 root - INFO - Exited the save_object method of MainUtils class
[ 2025-11-08 18:05:44,692 ] 40 root - INFO - Entered the save_object method of MainUtils class
[ 2025-11-08 18:05:44,693 ] 44 root - INFO - Exited the save_object method of MainUtils class
[ 2025-11-08 18:05:44,693 ] 40 root - INFO - Entered the save_object method of MainUtils class
[ 2025-11-08 18:05:44,694 ] 44 root - INFO - Exited the save_object method of MainUtils class
[ 2025-11-08 18:05:44,694 ] 361 root - INFO - Saved feature columns: ['temperature', 'day_of_week', 'frequency_crossing', 'month', 'hour', 'time_of_the_day_encoded', 'temperature_personal_z', 'temperature_personal_pct_max', 'crossing_personal_z', 'unusual_active_hour']
[ 2025-11-08 18:05:44,694 ] 40 root - INFO - Entered the save_object method of MainUtils class
[ 2025-11-08 18:05:44,695 ] 44 root - INFO - Exited the save_object method of MainUtils class
[ 2025-11-08 18:05:44,695 ] 365 root - INFO - Saved behavior profiles for 50 users
[ 2025-11-08 18:05:44,695 ] 372 root - INFO - Data transformation completed successfully with user-aware features
[ 2025-11-08 18:05:44,695 ] 53 root - INFO - Data transformation completed
[ 2025-11-08 18:05:44,695 ] 62 root - INFO - Starting model trainer
[ 2025-11-08 18:05:44,695 ] 160 root - INFO - Starting TRUE per-user model training
[ 2025-11-08 18:05:44,728 ] 120 root - INFO - Loaded data with columns: ['temperature', 'day_of_week', 'frequency_crossing', 'month', 'hour', 'time_of_the_day_encoded', 'temperature_personal_z', 'temperature_personal_pct_max', 'crossing_personal_z', 'unusual_active_hour', 'behaviour']
[ 2025-11-08 18:05:44,744 ] 170 root - INFO - Training data: (800, 10), Test data: (200, 10)
[ 2025-11-08 18:05:44,745 ] 171 root - INFO - Train users: 50, Test users: 50
[ 2025-11-08 18:05:44,747 ] 177 root - INFO - Found 0 users with sufficient data for per-user modeling
[ 2025-11-08 18:05:44,751 ] 178 root - INFO - User distribution: count    50.000000
mean     16.000000
std       4.295228
min       5.000000
25%      13.250000
50%      16.000000
75%      19.000000
max      28.000000
Name: count, dtype: float64
[ 2025-11-08 18:05:44,751 ] 219 root - INFO - Training global model with 800 samples (50 users)
[ 2025-11-08 18:05:44,751 ] 80 root - INFO - Training global model with 800 samples
[ 2025-11-08 18:05:44,955 ] 227 root - INFO - \U0001f30d Global model: 0.795 accuracy, 0.000 precision, 0.000 recall
[ 2025-11-08 18:05:44,957 ] 40 root - INFO - Entered the save_object method of MainUtils class
[ 2025-11-08 18:05:44,965 ] 44 root - INFO - Exited the save_object method of MainUtils class
[ 2025-11-08 18:05:44,965 ] 40 root - INFO - Entered the save_object method of MainUtils class
[ 2025-11-08 18:05:44,971 ] 44 root - INFO - Exited the save_object method of MainUtils class
[ 2025-11-08 18:05:44,971 ] 40 root - INFO - Entered the save_object method of MainUtils class
[ 2025-11-08 18:05:44,973 ] 44 root - INFO - Exited the save_object method of MainUtils class
[ 2025-11-08 18:05:44,973 ] 40 root - INFO - Entered the save_object method of MainUtils class
[ 2025-11-08 18:05:44,975 ] 44 root - INFO - Exited the save_object method of MainUtils class
[ 2025-11-08 18:05:44,975 ] 276 root - INFO - \U0001f389 TRUE per-user modeling completed successfully!
[ 2025-11-08 18:05:44,975 ] 277 root - INFO - \U0001f4ca Trained 0 user models + global model
[ 2025-11-08 18:05:44,975 ] 278 root - INFO - \U0001f4be Models saved to: Artifacts\11_08_2025_18_05_30\model_trainer\trained_model and final_model/
[ 2025-11-08 18:05:44,975 ] 64 root - INFO - Model trainer completed
