[ 2025-11-06 22:50:48,457 ] 29 root - INFO - Starting data ingestion
[ 2025-11-06 22:50:50,918 ] 69 root - INFO - Performed train test split on the dataframe
[ 2025-11-06 22:50:50,918 ] 71 root - INFO - Exited split_data_as_train_test method of Data_Ingestion class
[ 2025-11-06 22:50:50,919 ] 79 root - INFO - Exporting train and test file path.
[ 2025-11-06 22:50:50,924 ] 88 root - INFO - Exported train and test file path.
[ 2025-11-06 22:50:50,924 ] 31 root - INFO - Data ingestion completed
[ 2025-11-06 22:50:50,928 ] 40 root - INFO - Starting data validation
[ 2025-11-06 22:50:50,957 ] 34 root - INFO - Required number of columns:5
[ 2025-11-06 22:50:50,957 ] 35 root - INFO - Data frame has columns:8
[ 2025-11-06 22:50:50,957 ] 34 root - INFO - Required number of columns:5
[ 2025-11-06 22:50:50,957 ] 35 root - INFO - Data frame has columns:8
[ 2025-11-06 22:50:50,970 ] 42 root - INFO - Data validation completed
[ 2025-11-06 22:50:50,970 ] 51 root - INFO - Starting data transformation
[ 2025-11-06 22:50:50,970 ] 255 root - INFO - Entered initiate_data_transformation method of DataTransformation class
[ 2025-11-06 22:50:50,970 ] 257 root - INFO - Starting data transformation
[ 2025-11-06 22:50:50,973 ] 267 root - INFO - Preprocessing categorical features
[ 2025-11-06 22:50:50,973 ] 143 root - INFO - Preprocessing categorical features for train
[ 2025-11-06 22:50:50,978 ] 63 root - INFO - Creating user-aware features for train
[ 2025-11-06 22:50:50,978 ] 39 root - INFO - Calculating user behavior profiles
[ 2025-11-06 22:50:51,000 ] 58 root - INFO - Calculated behavior profiles for 20 users
[ 2025-11-06 22:50:51,026 ] 138 root - INFO - Created user-aware features: ['temperature_personal_z', 'temperature_personal_pct_max', 'crossing_personal_z', 'unusual_active_hour', 'temperature_personal_z', 'temperature_personal_pct_max', 'crossing_personal_z', 'unusual_active_hour', 'temperature_personal_z', 'temperature_personal_pct_max', 'crossing_personal_z', 'unusual_active_hour', 'temperature_personal_z', 'temperature_personal_pct_max', 'crossing_personal_z', 'unusual_active_hour', 'temperature_personal_z', 'temperature_personal_pct_max', 'crossing_personal_z', 'unusual_active_hour', 'temperature_personal_z', 'temperature_personal_pct_max', 'crossing_personal_z', 'unusual_active_hour', 'temperature_personal_z', 'temperature_personal_pct_max', 'crossing_personal_z', 'unusual_active_hour', 'temperature_personal_z', 'temperature_personal_pct_max', 'crossing_personal_z', 'unusual_active_hour', 'temperature_personal_z', 'temperature_personal_pct_max', 'crossing_personal_z', 'unusual_active_hour', 'temperature_personal_z', 'temperature_personal_pct_max', 'crossing_personal_z', 'unusual_active_hour', 'temperature_personal_z', 'temperature_personal_pct_max', 'crossing_personal_z', 'unusual_active_hour', 'temperature_personal_z', 'temperature_personal_pct_max', 'crossing_personal_z', 'unusual_active_hour', 'temperature_personal_z', 'temperature_personal_pct_max', 'crossing_personal_z', 'unusual_active_hour', 'temperature_personal_z', 'temperature_personal_pct_max', 'crossing_personal_z', 'unusual_active_hour', 'temperature_personal_z', 'temperature_personal_pct_max', 'crossing_personal_z', 'unusual_active_hour', 'temperature_personal_z', 'temperature_personal_pct_max', 'crossing_personal_z', 'unusual_active_hour', 'temperature_personal_z', 'temperature_personal_pct_max', 'crossing_personal_z', 'unusual_active_hour', 'temperature_personal_z', 'temperature_personal_pct_max', 'crossing_personal_z', 'unusual_active_hour', 'temperature_personal_z', 'temperature_personal_pct_max', 'crossing_personal_z', 'unusual_active_hour', 'temperature_personal_z', 'temperature_personal_pct_max', 'crossing_personal_z', 'unusual_active_hour']
[ 2025-11-06 22:50:51,026 ] 172 root - INFO - After categorical processing - train columns: ['user_id', 'temperature', 'day_of_week', 'behaviour', 'frequency_crossing', 'month', 'hour', 'time_of_the_day_encoded', 'weather_cloudy', 'weather_rainy', 'weather_snowy', 'weather_sunny', 'temperature_personal_z', 'temperature_personal_pct_max', 'unusual_active_hour']
[ 2025-11-06 22:50:51,026 ] 143 root - INFO - Preprocessing categorical features for test
[ 2025-11-06 22:50:51,029 ] 63 root - INFO - Creating user-aware features for test
[ 2025-11-06 22:50:51,051 ] 138 root - INFO - Created user-aware features: ['temperature_personal_z', 'temperature_personal_pct_max', 'crossing_personal_z', 'unusual_active_hour', 'temperature_personal_z', 'temperature_personal_pct_max', 'crossing_personal_z', 'unusual_active_hour', 'temperature_personal_z', 'temperature_personal_pct_max', 'crossing_personal_z', 'unusual_active_hour', 'temperature_personal_z', 'temperature_personal_pct_max', 'crossing_personal_z', 'unusual_active_hour', 'temperature_personal_z', 'temperature_personal_pct_max', 'crossing_personal_z', 'unusual_active_hour', 'temperature_personal_z', 'temperature_personal_pct_max', 'crossing_personal_z', 'unusual_active_hour', 'temperature_personal_z', 'temperature_personal_pct_max', 'crossing_personal_z', 'unusual_active_hour', 'temperature_personal_z', 'temperature_personal_pct_max', 'crossing_personal_z', 'unusual_active_hour', 'temperature_personal_z', 'temperature_personal_pct_max', 'crossing_personal_z', 'unusual_active_hour', 'temperature_personal_z', 'temperature_personal_pct_max', 'crossing_personal_z', 'unusual_active_hour', 'temperature_personal_z', 'temperature_personal_pct_max', 'crossing_personal_z', 'unusual_active_hour', 'temperature_personal_z', 'temperature_personal_pct_max', 'crossing_personal_z', 'unusual_active_hour', 'temperature_personal_z', 'temperature_personal_pct_max', 'crossing_personal_z', 'unusual_active_hour', 'temperature_personal_z', 'temperature_personal_pct_max', 'crossing_personal_z', 'unusual_active_hour', 'temperature_personal_z', 'temperature_personal_pct_max', 'crossing_personal_z', 'unusual_active_hour', 'temperature_personal_z', 'temperature_personal_pct_max', 'crossing_personal_z', 'unusual_active_hour', 'temperature_personal_z', 'temperature_personal_pct_max', 'crossing_personal_z', 'unusual_active_hour', 'temperature_personal_z', 'temperature_personal_pct_max', 'crossing_personal_z', 'unusual_active_hour', 'temperature_personal_z', 'temperature_personal_pct_max', 'crossing_personal_z', 'unusual_active_hour', 'temperature_personal_z', 'temperature_personal_pct_max', 'crossing_personal_z', 'unusual_active_hour']
[ 2025-11-06 22:50:51,051 ] 172 root - INFO - After categorical processing - test columns: ['user_id', 'temperature', 'day_of_week', 'behaviour', 'frequency_crossing', 'month', 'hour', 'time_of_the_day_encoded', 'weather_cloudy', 'weather_rainy', 'weather_snowy', 'weather_sunny', 'temperature_personal_z', 'temperature_personal_pct_max', 'unusual_active_hour']
[ 2025-11-06 22:50:51,051 ] 272 root - INFO - Cleaning target column
[ 2025-11-06 22:50:51,051 ] 177 root - INFO - Cleaning target column for train dataset
[ 2025-11-06 22:50:51,052 ] 177 root - INFO - Cleaning target column for test dataset
[ 2025-11-06 22:50:51,052 ] 277 root - INFO - Removing invalid target rows
[ 2025-11-06 22:50:51,055 ] 282 root - INFO - Handling feature missing values
[ 2025-11-06 22:50:51,055 ] 205 root - INFO - Handling missing values for train
[ 2025-11-06 22:50:51,056 ] 211 root - INFO - No missing values found in train features
[ 2025-11-06 22:50:51,056 ] 205 root - INFO - Handling missing values for test
[ 2025-11-06 22:50:51,056 ] 211 root - INFO - No missing values found in test features
[ 2025-11-06 22:50:51,056 ] 287 root - INFO - Final train shape: (800, 15), test shape: (200, 15)
[ 2025-11-06 22:50:51,057 ] 296 root - INFO - Creating and fitting preprocessor
[ 2025-11-06 22:50:51,057 ] 233 root - INFO - Creating preprocessing pipeline
[ 2025-11-06 22:50:51,057 ] 243 root - INFO - Numerical features for scaling: ['temperature', 'day_of_week', 'frequency_crossing', 'month', 'hour', 'time_of_the_day_encoded', 'temperature_personal_z', 'temperature_personal_pct_max', 'unusual_active_hour']
[ 2025-11-06 22:50:51,058 ] 342 root - ERROR - Data transformation failed: could not convert string to float: 'USER003'
