[ 2025-11-08 12:33:42,684 ] 29 root - INFO - Starting data ingestion
[ 2025-11-08 12:33:43,413 ] 67 root - INFO - Performed train test split on the dataframe
[ 2025-11-08 12:33:43,413 ] 69 root - INFO - Exited split_data_as_train_test method of Data_Ingestion class
[ 2025-11-08 12:33:43,414 ] 77 root - INFO - Exporting train and test file path.
[ 2025-11-08 12:33:43,423 ] 86 root - INFO - Exported train and test file path.
[ 2025-11-08 12:33:43,423 ] 31 root - INFO - Data ingestion completed
[ 2025-11-08 12:33:43,430 ] 40 root - INFO - Starting data validation
[ 2025-11-08 12:33:43,476 ] 34 root - INFO - Required number of columns:5
[ 2025-11-08 12:33:43,477 ] 35 root - INFO - Data frame has columns:16
[ 2025-11-08 12:33:43,477 ] 34 root - INFO - Required number of columns:5
[ 2025-11-08 12:33:43,477 ] 35 root - INFO - Data frame has columns:16
[ 2025-11-08 12:33:43,503 ] 42 root - INFO - Data validation completed
[ 2025-11-08 12:33:43,503 ] 51 root - INFO - Starting data transformation
[ 2025-11-08 12:33:43,503 ] 275 root - INFO - Entered initiate_data_transformation method of DataTransformation class
[ 2025-11-08 12:33:43,503 ] 277 root - INFO - Starting data transformation
[ 2025-11-08 12:33:43,510 ] 44 root - INFO - Converted temperature: 802/802 values to numeric
[ 2025-11-08 12:33:43,510 ] 44 root - INFO - Converted frequency_crossing: 802/802 values to numeric
[ 2025-11-08 12:33:43,511 ] 44 root - INFO - Converted day_of_week: 802/802 values to numeric
[ 2025-11-08 12:33:43,513 ] 44 root - INFO - Converted temperature: 201/201 values to numeric
[ 2025-11-08 12:33:43,513 ] 44 root - INFO - Converted frequency_crossing: 201/201 values to numeric
[ 2025-11-08 12:33:43,514 ] 44 root - INFO - Converted day_of_week: 201/201 values to numeric
[ 2025-11-08 12:33:43,517 ] 290 root - INFO - Preprocessing categorical features
[ 2025-11-08 12:33:43,517 ] 156 root - INFO - Preprocessing categorical features for train
[ 2025-11-08 12:33:43,518 ] 165 root - INFO - Converted temperature to numeric in preprocessing
[ 2025-11-08 12:33:43,518 ] 165 root - INFO - Converted frequency_crossing to numeric in preprocessing
[ 2025-11-08 12:33:43,519 ] 165 root - INFO - Converted day_of_week to numeric in preprocessing
[ 2025-11-08 12:33:43,528 ] 76 root - INFO - Creating user-aware features for train
[ 2025-11-08 12:33:43,529 ] 52 root - INFO - Calculating user behavior profiles
[ 2025-11-08 12:33:43,537 ] 71 root - INFO - Calculated behavior profiles for 22 users
[ 2025-11-08 12:33:43,577 ] 151 root - INFO - Created user-aware features: ['temperature_personal_z', 'temperature_personal_pct_max', 'crossing_personal_z', 'unusual_active_hour', 'temperature_personal_z', 'temperature_personal_pct_max', 'crossing_personal_z', 'unusual_active_hour', 'temperature_personal_z', 'temperature_personal_pct_max', 'crossing_personal_z', 'unusual_active_hour', 'temperature_personal_z', 'temperature_personal_pct_max', 'crossing_personal_z', 'unusual_active_hour', 'temperature_personal_z', 'temperature_personal_pct_max', 'crossing_personal_z', 'unusual_active_hour', 'temperature_personal_z', 'temperature_personal_pct_max', 'crossing_personal_z', 'unusual_active_hour', 'temperature_personal_z', 'temperature_personal_pct_max', 'crossing_personal_z', 'unusual_active_hour', 'temperature_personal_z', 'temperature_personal_pct_max', 'crossing_personal_z', 'unusual_active_hour', 'temperature_personal_z', 'temperature_personal_pct_max', 'crossing_personal_z', 'unusual_active_hour', 'temperature_personal_z', 'temperature_personal_pct_max', 'crossing_personal_z', 'unusual_active_hour', 'temperature_personal_z', 'temperature_personal_pct_max', 'crossing_personal_z', 'unusual_active_hour', 'temperature_personal_z', 'temperature_personal_pct_max', 'crossing_personal_z', 'unusual_active_hour', 'temperature_personal_z', 'temperature_personal_pct_max', 'crossing_personal_z', 'unusual_active_hour', 'temperature_personal_z', 'temperature_personal_pct_max', 'crossing_personal_z', 'unusual_active_hour', 'temperature_personal_z', 'temperature_personal_pct_max', 'crossing_personal_z', 'unusual_active_hour', 'temperature_personal_z', 'temperature_personal_pct_max', 'crossing_personal_z', 'unusual_active_hour', 'temperature_personal_z', 'temperature_personal_pct_max', 'crossing_personal_z', 'unusual_active_hour', 'temperature_personal_z', 'temperature_personal_pct_max', 'crossing_personal_z', 'unusual_active_hour', 'temperature_personal_z', 'temperature_personal_pct_max', 'crossing_personal_z', 'unusual_active_hour', 'temperature_personal_z', 'temperature_personal_pct_max', 'crossing_personal_z', 'unusual_active_hour', 'temperature_personal_z', 'temperature_personal_pct_max', 'crossing_personal_z', 'unusual_active_hour', 'temperature_personal_z', 'temperature_personal_pct_max', 'crossing_personal_z', 'unusual_active_hour']
[ 2025-11-08 12:33:43,577 ] 190 root - INFO - After categorical processing - train columns: ['user_id', 'temperature', 'behaviour', 'frequency_crossing', 'day_of_week', 'anomalous_probability', 'anomaly_reason', 'behavior', 'feature_count', 'normal_probability', 'prediction_confidence', 'prediction_timestamp', 'used_user_model', 'month', 'hour', 'time_of_the_day_encoded', 'weather_cloudy', 'weather_rainy', 'weather_snowy', 'weather_sunny', 'temperature_personal_z', 'temperature_personal_pct_max', 'crossing_personal_z', 'unusual_active_hour']
[ 2025-11-08 12:33:43,577 ] 156 root - INFO - Preprocessing categorical features for test
[ 2025-11-08 12:33:43,578 ] 165 root - INFO - Converted temperature to numeric in preprocessing
[ 2025-11-08 12:33:43,578 ] 165 root - INFO - Converted frequency_crossing to numeric in preprocessing
[ 2025-11-08 12:33:43,578 ] 165 root - INFO - Converted day_of_week to numeric in preprocessing
[ 2025-11-08 12:33:43,582 ] 76 root - INFO - Creating user-aware features for test
[ 2025-11-08 12:33:43,620 ] 151 root - INFO - Created user-aware features: ['temperature_personal_z', 'temperature_personal_pct_max', 'crossing_personal_z', 'unusual_active_hour', 'temperature_personal_z', 'temperature_personal_pct_max', 'crossing_personal_z', 'unusual_active_hour', 'temperature_personal_z', 'temperature_personal_pct_max', 'crossing_personal_z', 'unusual_active_hour', 'temperature_personal_z', 'temperature_personal_pct_max', 'crossing_personal_z', 'unusual_active_hour', 'temperature_personal_z', 'temperature_personal_pct_max', 'crossing_personal_z', 'unusual_active_hour', 'temperature_personal_z', 'temperature_personal_pct_max', 'crossing_personal_z', 'unusual_active_hour', 'temperature_personal_z', 'temperature_personal_pct_max', 'crossing_personal_z', 'unusual_active_hour', 'temperature_personal_z', 'temperature_personal_pct_max', 'crossing_personal_z', 'unusual_active_hour', 'temperature_personal_z', 'temperature_personal_pct_max', 'crossing_personal_z', 'unusual_active_hour', 'temperature_personal_z', 'temperature_personal_pct_max', 'crossing_personal_z', 'unusual_active_hour', 'temperature_personal_z', 'temperature_personal_pct_max', 'crossing_personal_z', 'unusual_active_hour', 'temperature_personal_z', 'temperature_personal_pct_max', 'crossing_personal_z', 'unusual_active_hour', 'temperature_personal_z', 'temperature_personal_pct_max', 'crossing_personal_z', 'unusual_active_hour', 'temperature_personal_z', 'temperature_personal_pct_max', 'crossing_personal_z', 'unusual_active_hour', 'temperature_personal_z', 'temperature_personal_pct_max', 'crossing_personal_z', 'unusual_active_hour', 'temperature_personal_z', 'temperature_personal_pct_max', 'crossing_personal_z', 'unusual_active_hour', 'temperature_personal_z', 'temperature_personal_pct_max', 'crossing_personal_z', 'unusual_active_hour', 'temperature_personal_z', 'temperature_personal_pct_max', 'crossing_personal_z', 'unusual_active_hour', 'temperature_personal_z', 'temperature_personal_pct_max', 'crossing_personal_z', 'unusual_active_hour', 'temperature_personal_z', 'temperature_personal_pct_max', 'crossing_personal_z', 'unusual_active_hour']
[ 2025-11-08 12:33:43,622 ] 190 root - INFO - After categorical processing - test columns: ['user_id', 'temperature', 'behaviour', 'frequency_crossing', 'day_of_week', 'anomalous_probability', 'anomaly_reason', 'behavior', 'feature_count', 'normal_probability', 'prediction_confidence', 'prediction_timestamp', 'used_user_model', 'month', 'hour', 'time_of_the_day_encoded', 'weather_cloudy', 'weather_rainy', 'weather_snowy', 'weather_sunny', 'temperature_personal_z', 'temperature_personal_pct_max', 'crossing_personal_z', 'unusual_active_hour']
[ 2025-11-08 12:33:43,623 ] 295 root - INFO - Cleaning target column
[ 2025-11-08 12:33:43,623 ] 195 root - INFO - Cleaning target column for train dataset
[ 2025-11-08 12:33:43,624 ] 203 root - WARNING - Found 3 unmapped behavior values in train
[ 2025-11-08 12:33:43,624 ] 195 root - INFO - Cleaning target column for test dataset
[ 2025-11-08 12:33:43,624 ] 300 root - INFO - Removing invalid target rows
[ 2025-11-08 12:33:43,626 ] 217 root - WARNING - Removed 3 rows with invalid behavior labels
[ 2025-11-08 12:33:43,627 ] 305 root - INFO - Handling feature missing values
[ 2025-11-08 12:33:43,628 ] 223 root - INFO - Handling missing values for train
[ 2025-11-08 12:33:43,628 ] 232 root - INFO - Found 6377 missing values in train
[ 2025-11-08 12:33:43,629 ] 244 root - INFO - Missing values reduced from 6377 to 6377
[ 2025-11-08 12:33:43,629 ] 223 root - INFO - Handling missing values for test
[ 2025-11-08 12:33:43,630 ] 232 root - INFO - Found 1608 missing values in test
[ 2025-11-08 12:33:43,630 ] 244 root - INFO - Missing values reduced from 1608 to 1608
[ 2025-11-08 12:33:43,630 ] 310 root - INFO - Final train shape: (799, 24), test shape: (201, 24)
[ 2025-11-08 12:33:43,631 ] 319 root - INFO - Creating and fitting preprocessor
[ 2025-11-08 12:33:43,631 ] 250 root - INFO - Creating preprocessing pipeline
[ 2025-11-08 12:33:43,631 ] 263 root - INFO - Numerical features for scaling: ['temperature', 'frequency_crossing', 'day_of_week', 'anomalous_probability', 'feature_count', 'normal_probability', 'prediction_confidence', 'month', 'hour', 'time_of_the_day_encoded', 'temperature_personal_z', 'temperature_personal_pct_max', 'crossing_personal_z', 'unusual_active_hour']
[ 2025-11-08 12:33:43,631 ] 329 root - INFO - Fitting preprocessor on: ['temperature', 'frequency_crossing', 'day_of_week', 'anomalous_probability', 'feature_count', 'normal_probability', 'prediction_confidence', 'month', 'hour', 'time_of_the_day_encoded', 'temperature_personal_z', 'temperature_personal_pct_max', 'crossing_personal_z', 'unusual_active_hour']
[ 2025-11-08 12:33:43,633 ] 335 root - INFO - Step 6: Transforming features using preprocessor
[ 2025-11-08 12:33:43,635 ] 343 root - INFO - Saving preprocessor object
[ 2025-11-08 12:33:43,639 ] 40 root - INFO - Entered the save_object method of MainUtils class
[ 2025-11-08 12:33:43,640 ] 44 root - INFO - Exited the save_object method of MainUtils class
[ 2025-11-08 12:33:43,640 ] 40 root - INFO - Entered the save_object method of MainUtils class
[ 2025-11-08 12:33:43,642 ] 44 root - INFO - Exited the save_object method of MainUtils class
[ 2025-11-08 12:33:43,642 ] 40 root - INFO - Entered the save_object method of MainUtils class
[ 2025-11-08 12:33:43,643 ] 44 root - INFO - Exited the save_object method of MainUtils class
[ 2025-11-08 12:33:43,643 ] 40 root - INFO - Entered the save_object method of MainUtils class
[ 2025-11-08 12:33:43,644 ] 44 root - INFO - Exited the save_object method of MainUtils class
[ 2025-11-08 12:33:43,644 ] 361 root - INFO - Saved feature columns: ['temperature', 'frequency_crossing', 'day_of_week', 'anomalous_probability', 'feature_count', 'normal_probability', 'prediction_confidence', 'month', 'hour', 'time_of_the_day_encoded', 'temperature_personal_z', 'temperature_personal_pct_max', 'crossing_personal_z', 'unusual_active_hour']
[ 2025-11-08 12:33:43,644 ] 40 root - INFO - Entered the save_object method of MainUtils class
[ 2025-11-08 12:33:43,645 ] 44 root - INFO - Exited the save_object method of MainUtils class
[ 2025-11-08 12:33:43,645 ] 365 root - INFO - Saved behavior profiles for 22 users
[ 2025-11-08 12:33:43,645 ] 372 root - INFO - Data transformation completed successfully with user-aware features
[ 2025-11-08 12:33:43,645 ] 53 root - INFO - Data transformation completed
[ 2025-11-08 12:33:43,645 ] 62 root - INFO - Starting model trainer
[ 2025-11-08 12:33:43,645 ] 160 root - INFO - Starting TRUE per-user model training
[ 2025-11-08 12:33:43,698 ] 120 root - INFO - Loaded data with columns: ['temperature', 'frequency_crossing', 'day_of_week', 'anomalous_probability', 'feature_count', 'normal_probability', 'prediction_confidence', 'month', 'hour', 'time_of_the_day_encoded', 'temperature_personal_z', 'temperature_personal_pct_max', 'crossing_personal_z', 'unusual_active_hour', 'behaviour']
[ 2025-11-08 12:33:43,714 ] 170 root - INFO - Training data: (799, 14), Test data: (201, 14)
[ 2025-11-08 12:33:43,715 ] 171 root - INFO - Train users: 22, Test users: 20
[ 2025-11-08 12:33:43,716 ] 177 root - INFO - Found 18 users with sufficient data for per-user modeling
[ 2025-11-08 12:33:43,719 ] 178 root - INFO - User distribution: count    22.000000
mean     36.454545
std      13.486244
min       1.000000
25%      32.500000
50%      39.500000
75%      43.000000
max      54.000000
Name: count, dtype: float64
[ 2025-11-08 12:33:43,720 ] 283 root - ERROR - TRUE per-user modeling failed: Item wrong length 802 instead of 799.
