[ 2025-11-06 23:01:13,620 ] 29 root - INFO - Starting data ingestion
[ 2025-11-06 23:01:15,468 ] 69 root - INFO - Performed train test split on the dataframe
[ 2025-11-06 23:01:15,469 ] 71 root - INFO - Exited split_data_as_train_test method of Data_Ingestion class
[ 2025-11-06 23:01:15,469 ] 79 root - INFO - Exporting train and test file path.
[ 2025-11-06 23:01:15,474 ] 88 root - INFO - Exported train and test file path.
[ 2025-11-06 23:01:15,474 ] 31 root - INFO - Data ingestion completed
[ 2025-11-06 23:01:15,479 ] 40 root - INFO - Starting data validation
[ 2025-11-06 23:01:15,511 ] 34 root - INFO - Required number of columns:5
[ 2025-11-06 23:01:15,511 ] 35 root - INFO - Data frame has columns:8
[ 2025-11-06 23:01:15,511 ] 34 root - INFO - Required number of columns:5
[ 2025-11-06 23:01:15,511 ] 35 root - INFO - Data frame has columns:8
[ 2025-11-06 23:01:15,529 ] 42 root - INFO - Data validation completed
[ 2025-11-06 23:01:15,529 ] 51 root - INFO - Starting data transformation
[ 2025-11-06 23:01:15,530 ] 258 root - INFO - Entered initiate_data_transformation method of DataTransformation class
[ 2025-11-06 23:01:15,530 ] 260 root - INFO - Starting data transformation
[ 2025-11-06 23:01:15,534 ] 270 root - INFO - Preprocessing categorical features
[ 2025-11-06 23:01:15,534 ] 143 root - INFO - Preprocessing categorical features for train
[ 2025-11-06 23:01:15,546 ] 63 root - INFO - Creating user-aware features for train
[ 2025-11-06 23:01:15,546 ] 39 root - INFO - Calculating user behavior profiles
[ 2025-11-06 23:01:15,555 ] 58 root - INFO - Calculated behavior profiles for 20 users
[ 2025-11-06 23:01:15,597 ] 138 root - INFO - Created user-aware features: ['temperature_personal_z', 'temperature_personal_pct_max', 'crossing_personal_z', 'unusual_active_hour', 'temperature_personal_z', 'temperature_personal_pct_max', 'crossing_personal_z', 'unusual_active_hour', 'temperature_personal_z', 'temperature_personal_pct_max', 'crossing_personal_z', 'unusual_active_hour', 'temperature_personal_z', 'temperature_personal_pct_max', 'crossing_personal_z', 'unusual_active_hour', 'temperature_personal_z', 'temperature_personal_pct_max', 'crossing_personal_z', 'unusual_active_hour', 'temperature_personal_z', 'temperature_personal_pct_max', 'crossing_personal_z', 'unusual_active_hour', 'temperature_personal_z', 'temperature_personal_pct_max', 'crossing_personal_z', 'unusual_active_hour', 'temperature_personal_z', 'temperature_personal_pct_max', 'crossing_personal_z', 'unusual_active_hour', 'temperature_personal_z', 'temperature_personal_pct_max', 'crossing_personal_z', 'unusual_active_hour', 'temperature_personal_z', 'temperature_personal_pct_max', 'crossing_personal_z', 'unusual_active_hour', 'temperature_personal_z', 'temperature_personal_pct_max', 'crossing_personal_z', 'unusual_active_hour', 'temperature_personal_z', 'temperature_personal_pct_max', 'crossing_personal_z', 'unusual_active_hour', 'temperature_personal_z', 'temperature_personal_pct_max', 'crossing_personal_z', 'unusual_active_hour', 'temperature_personal_z', 'temperature_personal_pct_max', 'crossing_personal_z', 'unusual_active_hour', 'temperature_personal_z', 'temperature_personal_pct_max', 'crossing_personal_z', 'unusual_active_hour', 'temperature_personal_z', 'temperature_personal_pct_max', 'crossing_personal_z', 'unusual_active_hour', 'temperature_personal_z', 'temperature_personal_pct_max', 'crossing_personal_z', 'unusual_active_hour', 'temperature_personal_z', 'temperature_personal_pct_max', 'crossing_personal_z', 'unusual_active_hour', 'temperature_personal_z', 'temperature_personal_pct_max', 'crossing_personal_z', 'unusual_active_hour', 'temperature_personal_z', 'temperature_personal_pct_max', 'crossing_personal_z', 'unusual_active_hour']
[ 2025-11-06 23:01:15,598 ] 175 root - INFO - After categorical processing - train columns: ['user_id', 'temperature', 'day_of_week', 'behaviour', 'frequency_crossing', 'month', 'hour', 'time_of_the_day_encoded', 'weather_cloudy', 'weather_rainy', 'weather_snowy', 'weather_sunny', 'temperature_personal_z', 'temperature_personal_pct_max', 'unusual_active_hour']
[ 2025-11-06 23:01:15,598 ] 143 root - INFO - Preprocessing categorical features for test
[ 2025-11-06 23:01:15,601 ] 63 root - INFO - Creating user-aware features for test
[ 2025-11-06 23:01:15,634 ] 138 root - INFO - Created user-aware features: ['temperature_personal_z', 'temperature_personal_pct_max', 'crossing_personal_z', 'unusual_active_hour', 'temperature_personal_z', 'temperature_personal_pct_max', 'crossing_personal_z', 'unusual_active_hour', 'temperature_personal_z', 'temperature_personal_pct_max', 'crossing_personal_z', 'unusual_active_hour', 'temperature_personal_z', 'temperature_personal_pct_max', 'crossing_personal_z', 'unusual_active_hour', 'temperature_personal_z', 'temperature_personal_pct_max', 'crossing_personal_z', 'unusual_active_hour', 'temperature_personal_z', 'temperature_personal_pct_max', 'crossing_personal_z', 'unusual_active_hour', 'temperature_personal_z', 'temperature_personal_pct_max', 'crossing_personal_z', 'unusual_active_hour', 'temperature_personal_z', 'temperature_personal_pct_max', 'crossing_personal_z', 'unusual_active_hour', 'temperature_personal_z', 'temperature_personal_pct_max', 'crossing_personal_z', 'unusual_active_hour', 'temperature_personal_z', 'temperature_personal_pct_max', 'crossing_personal_z', 'unusual_active_hour', 'temperature_personal_z', 'temperature_personal_pct_max', 'crossing_personal_z', 'unusual_active_hour', 'temperature_personal_z', 'temperature_personal_pct_max', 'crossing_personal_z', 'unusual_active_hour', 'temperature_personal_z', 'temperature_personal_pct_max', 'crossing_personal_z', 'unusual_active_hour', 'temperature_personal_z', 'temperature_personal_pct_max', 'crossing_personal_z', 'unusual_active_hour', 'temperature_personal_z', 'temperature_personal_pct_max', 'crossing_personal_z', 'unusual_active_hour', 'temperature_personal_z', 'temperature_personal_pct_max', 'crossing_personal_z', 'unusual_active_hour', 'temperature_personal_z', 'temperature_personal_pct_max', 'crossing_personal_z', 'unusual_active_hour', 'temperature_personal_z', 'temperature_personal_pct_max', 'crossing_personal_z', 'unusual_active_hour', 'temperature_personal_z', 'temperature_personal_pct_max', 'crossing_personal_z', 'unusual_active_hour', 'temperature_personal_z', 'temperature_personal_pct_max', 'crossing_personal_z', 'unusual_active_hour']
[ 2025-11-06 23:01:15,635 ] 175 root - INFO - After categorical processing - test columns: ['user_id', 'temperature', 'day_of_week', 'behaviour', 'frequency_crossing', 'month', 'hour', 'time_of_the_day_encoded', 'weather_cloudy', 'weather_rainy', 'weather_snowy', 'weather_sunny', 'temperature_personal_z', 'temperature_personal_pct_max', 'unusual_active_hour']
[ 2025-11-06 23:01:15,635 ] 275 root - INFO - Cleaning target column
[ 2025-11-06 23:01:15,635 ] 180 root - INFO - Cleaning target column for train dataset
[ 2025-11-06 23:01:15,635 ] 180 root - INFO - Cleaning target column for test dataset
[ 2025-11-06 23:01:15,636 ] 280 root - INFO - Removing invalid target rows
[ 2025-11-06 23:01:15,637 ] 285 root - INFO - Handling feature missing values
[ 2025-11-06 23:01:15,637 ] 208 root - INFO - Handling missing values for train
[ 2025-11-06 23:01:15,638 ] 214 root - INFO - No missing values found in train features
[ 2025-11-06 23:01:15,638 ] 208 root - INFO - Handling missing values for test
[ 2025-11-06 23:01:15,638 ] 214 root - INFO - No missing values found in test features
[ 2025-11-06 23:01:15,638 ] 290 root - INFO - Final train shape: (800, 15), test shape: (200, 15)
[ 2025-11-06 23:01:15,639 ] 299 root - INFO - Creating and fitting preprocessor
[ 2025-11-06 23:01:15,639 ] 236 root - INFO - Creating preprocessing pipeline
[ 2025-11-06 23:01:15,639 ] 246 root - INFO - Numerical features for scaling: ['temperature', 'day_of_week', 'frequency_crossing', 'month', 'hour', 'time_of_the_day_encoded', 'temperature_personal_z', 'temperature_personal_pct_max', 'unusual_active_hour']
[ 2025-11-06 23:01:15,641 ] 353 root - ERROR - Data transformation failed: could not convert string to float: 'temperature'
