[ 2025-11-07 00:37:41,220 ] 29 root - INFO - Starting data ingestion
[ 2025-11-07 00:37:42,056 ] 69 root - INFO - Performed train test split on the dataframe
[ 2025-11-07 00:37:42,056 ] 71 root - INFO - Exited split_data_as_train_test method of Data_Ingestion class
[ 2025-11-07 00:37:42,057 ] 79 root - INFO - Exporting train and test file path.
[ 2025-11-07 00:37:42,065 ] 88 root - INFO - Exported train and test file path.
[ 2025-11-07 00:37:42,065 ] 31 root - INFO - Data ingestion completed
[ 2025-11-07 00:37:42,072 ] 40 root - INFO - Starting data validation
[ 2025-11-07 00:37:42,111 ] 34 root - INFO - Required number of columns:5
[ 2025-11-07 00:37:42,111 ] 35 root - INFO - Data frame has columns:8
[ 2025-11-07 00:37:42,111 ] 34 root - INFO - Required number of columns:5
[ 2025-11-07 00:37:42,111 ] 35 root - INFO - Data frame has columns:8
[ 2025-11-07 00:37:42,128 ] 42 root - INFO - Data validation completed
[ 2025-11-07 00:37:42,128 ] 51 root - INFO - Starting data transformation
[ 2025-11-07 00:37:42,128 ] 275 root - INFO - Entered initiate_data_transformation method of DataTransformation class
[ 2025-11-07 00:37:42,128 ] 277 root - INFO - Starting data transformation
[ 2025-11-07 00:37:42,131 ] 44 root - INFO - Converted temperature: 800/800 values to numeric
[ 2025-11-07 00:37:42,131 ] 44 root - INFO - Converted frequency_crossing: 800/800 values to numeric
[ 2025-11-07 00:37:42,131 ] 44 root - INFO - Converted day_of_week: 800/800 values to numeric
[ 2025-11-07 00:37:42,134 ] 44 root - INFO - Converted temperature: 200/200 values to numeric
[ 2025-11-07 00:37:42,134 ] 44 root - INFO - Converted frequency_crossing: 200/200 values to numeric
[ 2025-11-07 00:37:42,134 ] 44 root - INFO - Converted day_of_week: 200/200 values to numeric
[ 2025-11-07 00:37:42,135 ] 290 root - INFO - Preprocessing categorical features
[ 2025-11-07 00:37:42,135 ] 156 root - INFO - Preprocessing categorical features for train
[ 2025-11-07 00:37:42,136 ] 165 root - INFO - Converted temperature to numeric in preprocessing
[ 2025-11-07 00:37:42,136 ] 165 root - INFO - Converted frequency_crossing to numeric in preprocessing
[ 2025-11-07 00:37:42,137 ] 165 root - INFO - Converted day_of_week to numeric in preprocessing
[ 2025-11-07 00:37:42,149 ] 76 root - INFO - Creating user-aware features for train
[ 2025-11-07 00:37:42,149 ] 52 root - INFO - Calculating user behavior profiles
[ 2025-11-07 00:37:42,163 ] 71 root - INFO - Calculated behavior profiles for 20 users
[ 2025-11-07 00:37:42,207 ] 151 root - INFO - Created user-aware features: ['temperature_personal_z', 'temperature_personal_pct_max', 'crossing_personal_z', 'unusual_active_hour', 'temperature_personal_z', 'temperature_personal_pct_max', 'crossing_personal_z', 'unusual_active_hour', 'temperature_personal_z', 'temperature_personal_pct_max', 'crossing_personal_z', 'unusual_active_hour', 'temperature_personal_z', 'temperature_personal_pct_max', 'crossing_personal_z', 'unusual_active_hour', 'temperature_personal_z', 'temperature_personal_pct_max', 'crossing_personal_z', 'unusual_active_hour', 'temperature_personal_z', 'temperature_personal_pct_max', 'crossing_personal_z', 'unusual_active_hour', 'temperature_personal_z', 'temperature_personal_pct_max', 'crossing_personal_z', 'unusual_active_hour', 'temperature_personal_z', 'temperature_personal_pct_max', 'crossing_personal_z', 'unusual_active_hour', 'temperature_personal_z', 'temperature_personal_pct_max', 'crossing_personal_z', 'unusual_active_hour', 'temperature_personal_z', 'temperature_personal_pct_max', 'crossing_personal_z', 'unusual_active_hour', 'temperature_personal_z', 'temperature_personal_pct_max', 'crossing_personal_z', 'unusual_active_hour', 'temperature_personal_z', 'temperature_personal_pct_max', 'crossing_personal_z', 'unusual_active_hour', 'temperature_personal_z', 'temperature_personal_pct_max', 'crossing_personal_z', 'unusual_active_hour', 'temperature_personal_z', 'temperature_personal_pct_max', 'crossing_personal_z', 'unusual_active_hour', 'temperature_personal_z', 'temperature_personal_pct_max', 'crossing_personal_z', 'unusual_active_hour', 'temperature_personal_z', 'temperature_personal_pct_max', 'crossing_personal_z', 'unusual_active_hour', 'temperature_personal_z', 'temperature_personal_pct_max', 'crossing_personal_z', 'unusual_active_hour', 'temperature_personal_z', 'temperature_personal_pct_max', 'crossing_personal_z', 'unusual_active_hour', 'temperature_personal_z', 'temperature_personal_pct_max', 'crossing_personal_z', 'unusual_active_hour', 'temperature_personal_z', 'temperature_personal_pct_max', 'crossing_personal_z', 'unusual_active_hour']
[ 2025-11-07 00:37:42,207 ] 190 root - INFO - After categorical processing - train columns: ['user_id', 'temperature', 'day_of_week', 'behaviour', 'frequency_crossing', 'month', 'hour', 'time_of_the_day_encoded', 'weather_cloudy', 'weather_rainy', 'weather_snowy', 'weather_sunny', 'temperature_personal_z', 'temperature_personal_pct_max', 'crossing_personal_z', 'unusual_active_hour']
[ 2025-11-07 00:37:42,207 ] 156 root - INFO - Preprocessing categorical features for test
[ 2025-11-07 00:37:42,208 ] 165 root - INFO - Converted temperature to numeric in preprocessing
[ 2025-11-07 00:37:42,208 ] 165 root - INFO - Converted frequency_crossing to numeric in preprocessing
[ 2025-11-07 00:37:42,208 ] 165 root - INFO - Converted day_of_week to numeric in preprocessing
[ 2025-11-07 00:37:42,212 ] 76 root - INFO - Creating user-aware features for test
[ 2025-11-07 00:37:42,246 ] 151 root - INFO - Created user-aware features: ['temperature_personal_z', 'temperature_personal_pct_max', 'crossing_personal_z', 'unusual_active_hour', 'temperature_personal_z', 'temperature_personal_pct_max', 'crossing_personal_z', 'unusual_active_hour', 'temperature_personal_z', 'temperature_personal_pct_max', 'crossing_personal_z', 'unusual_active_hour', 'temperature_personal_z', 'temperature_personal_pct_max', 'crossing_personal_z', 'unusual_active_hour', 'temperature_personal_z', 'temperature_personal_pct_max', 'crossing_personal_z', 'unusual_active_hour', 'temperature_personal_z', 'temperature_personal_pct_max', 'crossing_personal_z', 'unusual_active_hour', 'temperature_personal_z', 'temperature_personal_pct_max', 'crossing_personal_z', 'unusual_active_hour', 'temperature_personal_z', 'temperature_personal_pct_max', 'crossing_personal_z', 'unusual_active_hour', 'temperature_personal_z', 'temperature_personal_pct_max', 'crossing_personal_z', 'unusual_active_hour', 'temperature_personal_z', 'temperature_personal_pct_max', 'crossing_personal_z', 'unusual_active_hour', 'temperature_personal_z', 'temperature_personal_pct_max', 'crossing_personal_z', 'unusual_active_hour', 'temperature_personal_z', 'temperature_personal_pct_max', 'crossing_personal_z', 'unusual_active_hour', 'temperature_personal_z', 'temperature_personal_pct_max', 'crossing_personal_z', 'unusual_active_hour', 'temperature_personal_z', 'temperature_personal_pct_max', 'crossing_personal_z', 'unusual_active_hour', 'temperature_personal_z', 'temperature_personal_pct_max', 'crossing_personal_z', 'unusual_active_hour', 'temperature_personal_z', 'temperature_personal_pct_max', 'crossing_personal_z', 'unusual_active_hour', 'temperature_personal_z', 'temperature_personal_pct_max', 'crossing_personal_z', 'unusual_active_hour', 'temperature_personal_z', 'temperature_personal_pct_max', 'crossing_personal_z', 'unusual_active_hour', 'temperature_personal_z', 'temperature_personal_pct_max', 'crossing_personal_z', 'unusual_active_hour', 'temperature_personal_z', 'temperature_personal_pct_max', 'crossing_personal_z', 'unusual_active_hour']
[ 2025-11-07 00:37:42,246 ] 190 root - INFO - After categorical processing - test columns: ['user_id', 'temperature', 'day_of_week', 'behaviour', 'frequency_crossing', 'month', 'hour', 'time_of_the_day_encoded', 'weather_cloudy', 'weather_rainy', 'weather_snowy', 'weather_sunny', 'temperature_personal_z', 'temperature_personal_pct_max', 'crossing_personal_z', 'unusual_active_hour']
[ 2025-11-07 00:37:42,246 ] 295 root - INFO - Cleaning target column
[ 2025-11-07 00:37:42,247 ] 195 root - INFO - Cleaning target column for train dataset
[ 2025-11-07 00:37:42,247 ] 195 root - INFO - Cleaning target column for test dataset
[ 2025-11-07 00:37:42,248 ] 300 root - INFO - Removing invalid target rows
[ 2025-11-07 00:37:42,250 ] 305 root - INFO - Handling feature missing values
[ 2025-11-07 00:37:42,250 ] 223 root - INFO - Handling missing values for train
[ 2025-11-07 00:37:42,250 ] 229 root - INFO - No missing values found in train features
[ 2025-11-07 00:37:42,250 ] 223 root - INFO - Handling missing values for test
[ 2025-11-07 00:37:42,251 ] 229 root - INFO - No missing values found in test features
[ 2025-11-07 00:37:42,251 ] 310 root - INFO - Final train shape: (800, 16), test shape: (200, 16)
[ 2025-11-07 00:37:42,251 ] 319 root - INFO - Creating and fitting preprocessor
[ 2025-11-07 00:37:42,251 ] 250 root - INFO - Creating preprocessing pipeline
[ 2025-11-07 00:37:42,251 ] 263 root - INFO - Numerical features for scaling: ['temperature', 'day_of_week', 'frequency_crossing', 'month', 'hour', 'time_of_the_day_encoded', 'temperature_personal_z', 'temperature_personal_pct_max', 'crossing_personal_z', 'unusual_active_hour']
[ 2025-11-07 00:37:42,252 ] 329 root - INFO - Fitting preprocessor on: ['temperature', 'day_of_week', 'frequency_crossing', 'month', 'hour', 'time_of_the_day_encoded', 'temperature_personal_z', 'temperature_personal_pct_max', 'crossing_personal_z', 'unusual_active_hour']
[ 2025-11-07 00:37:42,253 ] 335 root - INFO - Step 6: Transforming features using preprocessor
[ 2025-11-07 00:37:42,255 ] 343 root - INFO - Saving preprocessor object
[ 2025-11-07 00:37:42,257 ] 40 root - INFO - Entered the save_object method of MainUtils class
[ 2025-11-07 00:37:42,258 ] 44 root - INFO - Exited the save_object method of MainUtils class
[ 2025-11-07 00:37:42,258 ] 40 root - INFO - Entered the save_object method of MainUtils class
[ 2025-11-07 00:37:42,259 ] 44 root - INFO - Exited the save_object method of MainUtils class
[ 2025-11-07 00:37:42,259 ] 40 root - INFO - Entered the save_object method of MainUtils class
[ 2025-11-07 00:37:42,260 ] 44 root - INFO - Exited the save_object method of MainUtils class
[ 2025-11-07 00:37:42,260 ] 40 root - INFO - Entered the save_object method of MainUtils class
[ 2025-11-07 00:37:42,261 ] 44 root - INFO - Exited the save_object method of MainUtils class
[ 2025-11-07 00:37:42,261 ] 361 root - INFO - Saved feature columns: ['temperature', 'day_of_week', 'frequency_crossing', 'month', 'hour', 'time_of_the_day_encoded', 'temperature_personal_z', 'temperature_personal_pct_max', 'crossing_personal_z', 'unusual_active_hour']
[ 2025-11-07 00:37:42,261 ] 40 root - INFO - Entered the save_object method of MainUtils class
[ 2025-11-07 00:37:42,262 ] 44 root - INFO - Exited the save_object method of MainUtils class
[ 2025-11-07 00:37:42,262 ] 365 root - INFO - Saved behavior profiles for 20 users
[ 2025-11-07 00:37:42,262 ] 372 root - INFO - Data transformation completed successfully with user-aware features
[ 2025-11-07 00:37:42,262 ] 53 root - INFO - Data transformation completed
[ 2025-11-07 00:37:42,262 ] 62 root - INFO - Starting model trainer
[ 2025-11-07 00:37:42,262 ] 160 root - INFO - Starting TRUE per-user model training
[ 2025-11-07 00:37:42,292 ] 120 root - INFO - Loaded data with columns: ['temperature', 'day_of_week', 'frequency_crossing', 'month', 'hour', 'time_of_the_day_encoded', 'temperature_personal_z', 'temperature_personal_pct_max', 'crossing_personal_z', 'unusual_active_hour', 'behaviour']
[ 2025-11-07 00:37:42,303 ] 170 root - INFO - Training data: (800, 10), Test data: (200, 10)
[ 2025-11-07 00:37:42,303 ] 171 root - INFO - Train users: 20, Test users: 20
[ 2025-11-07 00:37:42,306 ] 177 root - INFO - Found 18 users with sufficient data for per-user modeling
[ 2025-11-07 00:37:42,313 ] 178 root - INFO - User distribution: count    20.000000
mean     40.000000
std       6.382542
min      29.000000
25%      35.000000
50%      40.000000
75%      45.250000
max      50.000000
Name: count, dtype: float64
[ 2025-11-07 00:37:42,314 ] 46 root - INFO - Training model for User USER018 with 50 samples
[ 2025-11-07 00:37:42,392 ] 204 root - INFO - \u2705 User USER018: 0.588 accuracy, 50 train samples, 17 test samples
[ 2025-11-07 00:37:42,393 ] 46 root - INFO - Training model for User USER003 with 49 samples
[ 2025-11-07 00:37:42,434 ] 204 root - INFO - \u2705 User USER003: 0.571 accuracy, 49 train samples, 7 test samples
[ 2025-11-07 00:37:42,435 ] 46 root - INFO - Training model for User USER002 with 48 samples
[ 2025-11-07 00:37:42,473 ] 204 root - INFO - \u2705 User USER002: 0.800 accuracy, 48 train samples, 5 test samples
[ 2025-11-07 00:37:42,474 ] 46 root - INFO - Training model for User USER017 with 47 samples
[ 2025-11-07 00:37:42,511 ] 204 root - INFO - \u2705 User USER017: 0.500 accuracy, 47 train samples, 12 test samples
[ 2025-11-07 00:37:42,511 ] 46 root - INFO - Training model for User USER020 with 46 samples
[ 2025-11-07 00:37:42,548 ] 204 root - INFO - \u2705 User USER020: 0.600 accuracy, 46 train samples, 15 test samples
[ 2025-11-07 00:37:42,549 ] 46 root - INFO - Training model for User USER005 with 45 samples
[ 2025-11-07 00:37:42,583 ] 204 root - INFO - \u2705 User USER005: 0.286 accuracy, 45 train samples, 7 test samples
[ 2025-11-07 00:37:42,584 ] 46 root - INFO - Training model for User USER019 with 44 samples
[ 2025-11-07 00:37:42,620 ] 204 root - INFO - \u2705 User USER019: 0.571 accuracy, 44 train samples, 7 test samples
[ 2025-11-07 00:37:42,621 ] 46 root - INFO - Training model for User USER008 with 42 samples
[ 2025-11-07 00:37:42,663 ] 204 root - INFO - \u2705 User USER008: 0.733 accuracy, 42 train samples, 15 test samples
[ 2025-11-07 00:37:42,664 ] 46 root - INFO - Training model for User USER015 with 42 samples
[ 2025-11-07 00:37:42,706 ] 204 root - INFO - \u2705 User USER015: 0.556 accuracy, 42 train samples, 9 test samples
[ 2025-11-07 00:37:42,707 ] 46 root - INFO - Training model for User USER001 with 40 samples
[ 2025-11-07 00:37:42,747 ] 204 root - INFO - \u2705 User USER001: 0.583 accuracy, 40 train samples, 12 test samples
[ 2025-11-07 00:37:42,748 ] 46 root - INFO - Training model for User USER004 with 40 samples
[ 2025-11-07 00:37:42,785 ] 204 root - INFO - \u2705 User USER004: 0.769 accuracy, 40 train samples, 13 test samples
[ 2025-11-07 00:37:42,786 ] 46 root - INFO - Training model for User USER006 with 38 samples
[ 2025-11-07 00:37:42,832 ] 204 root - INFO - \u2705 User USER006: 0.600 accuracy, 38 train samples, 15 test samples
[ 2025-11-07 00:37:42,833 ] 46 root - INFO - Training model for User USER016 with 38 samples
[ 2025-11-07 00:37:42,873 ] 204 root - INFO - \u2705 User USER016: 0.500 accuracy, 38 train samples, 8 test samples
[ 2025-11-07 00:37:42,874 ] 46 root - INFO - Training model for User USER014 with 36 samples
[ 2025-11-07 00:37:42,906 ] 204 root - INFO - \u2705 User USER014: 0.778 accuracy, 36 train samples, 9 test samples
[ 2025-11-07 00:37:42,907 ] 46 root - INFO - Training model for User USER013 with 35 samples
[ 2025-11-07 00:37:42,943 ] 204 root - INFO - \u2705 User USER013: 0.500 accuracy, 35 train samples, 8 test samples
[ 2025-11-07 00:37:42,944 ] 46 root - INFO - Training model for User USER011 with 35 samples
[ 2025-11-07 00:37:42,976 ] 204 root - INFO - \u2705 User USER011: 0.250 accuracy, 35 train samples, 8 test samples
[ 2025-11-07 00:37:42,977 ] 46 root - INFO - Training model for User USER009 with 34 samples
[ 2025-11-07 00:37:43,009 ] 204 root - INFO - \u2705 User USER009: 1.000 accuracy, 34 train samples, 6 test samples
[ 2025-11-07 00:37:43,010 ] 46 root - INFO - Training model for User USER012 with 32 samples
[ 2025-11-07 00:37:43,040 ] 204 root - INFO - \u2705 User USER012: 0.667 accuracy, 32 train samples, 9 test samples
[ 2025-11-07 00:37:43,041 ] 219 root - INFO - Training global model with 59 samples (2 users)
[ 2025-11-07 00:37:43,041 ] 80 root - INFO - Training global model with 59 samples
[ 2025-11-07 00:37:43,169 ] 227 root - INFO - \U0001f30d Global model: 0.444 accuracy, 0.000 precision, 0.000 recall
[ 2025-11-07 00:37:43,171 ] 40 root - INFO - Entered the save_object method of MainUtils class
[ 2025-11-07 00:37:43,173 ] 44 root - INFO - Exited the save_object method of MainUtils class
[ 2025-11-07 00:37:43,173 ] 40 root - INFO - Entered the save_object method of MainUtils class
[ 2025-11-07 00:37:43,176 ] 44 root - INFO - Exited the save_object method of MainUtils class
[ 2025-11-07 00:37:43,176 ] 40 root - INFO - Entered the save_object method of MainUtils class
[ 2025-11-07 00:37:43,178 ] 44 root - INFO - Exited the save_object method of MainUtils class
[ 2025-11-07 00:37:43,178 ] 40 root - INFO - Entered the save_object method of MainUtils class
[ 2025-11-07 00:37:43,181 ] 44 root - INFO - Exited the save_object method of MainUtils class
[ 2025-11-07 00:37:43,181 ] 40 root - INFO - Entered the save_object method of MainUtils class
[ 2025-11-07 00:37:43,184 ] 44 root - INFO - Exited the save_object method of MainUtils class
[ 2025-11-07 00:37:43,184 ] 40 root - INFO - Entered the save_object method of MainUtils class
[ 2025-11-07 00:37:43,186 ] 44 root - INFO - Exited the save_object method of MainUtils class
[ 2025-11-07 00:37:43,187 ] 40 root - INFO - Entered the save_object method of MainUtils class
[ 2025-11-07 00:37:43,189 ] 44 root - INFO - Exited the save_object method of MainUtils class
[ 2025-11-07 00:37:43,189 ] 40 root - INFO - Entered the save_object method of MainUtils class
[ 2025-11-07 00:37:43,192 ] 44 root - INFO - Exited the save_object method of MainUtils class
[ 2025-11-07 00:37:43,192 ] 40 root - INFO - Entered the save_object method of MainUtils class
[ 2025-11-07 00:37:43,194 ] 44 root - INFO - Exited the save_object method of MainUtils class
[ 2025-11-07 00:37:43,194 ] 40 root - INFO - Entered the save_object method of MainUtils class
[ 2025-11-07 00:37:43,197 ] 44 root - INFO - Exited the save_object method of MainUtils class
[ 2025-11-07 00:37:43,197 ] 40 root - INFO - Entered the save_object method of MainUtils class
[ 2025-11-07 00:37:43,200 ] 44 root - INFO - Exited the save_object method of MainUtils class
[ 2025-11-07 00:37:43,200 ] 40 root - INFO - Entered the save_object method of MainUtils class
[ 2025-11-07 00:37:43,202 ] 44 root - INFO - Exited the save_object method of MainUtils class
[ 2025-11-07 00:37:43,203 ] 40 root - INFO - Entered the save_object method of MainUtils class
[ 2025-11-07 00:37:43,206 ] 44 root - INFO - Exited the save_object method of MainUtils class
[ 2025-11-07 00:37:43,206 ] 40 root - INFO - Entered the save_object method of MainUtils class
[ 2025-11-07 00:37:43,208 ] 44 root - INFO - Exited the save_object method of MainUtils class
[ 2025-11-07 00:37:43,209 ] 40 root - INFO - Entered the save_object method of MainUtils class
[ 2025-11-07 00:37:43,211 ] 44 root - INFO - Exited the save_object method of MainUtils class
[ 2025-11-07 00:37:43,211 ] 40 root - INFO - Entered the save_object method of MainUtils class
[ 2025-11-07 00:37:43,214 ] 44 root - INFO - Exited the save_object method of MainUtils class
[ 2025-11-07 00:37:43,214 ] 40 root - INFO - Entered the save_object method of MainUtils class
[ 2025-11-07 00:37:43,216 ] 44 root - INFO - Exited the save_object method of MainUtils class
[ 2025-11-07 00:37:43,217 ] 40 root - INFO - Entered the save_object method of MainUtils class
[ 2025-11-07 00:37:43,219 ] 44 root - INFO - Exited the save_object method of MainUtils class
[ 2025-11-07 00:37:43,219 ] 40 root - INFO - Entered the save_object method of MainUtils class
[ 2025-11-07 00:37:43,222 ] 44 root - INFO - Exited the save_object method of MainUtils class
[ 2025-11-07 00:37:43,222 ] 40 root - INFO - Entered the save_object method of MainUtils class
[ 2025-11-07 00:37:43,224 ] 44 root - INFO - Exited the save_object method of MainUtils class
[ 2025-11-07 00:37:43,224 ] 40 root - INFO - Entered the save_object method of MainUtils class
[ 2025-11-07 00:37:43,227 ] 44 root - INFO - Exited the save_object method of MainUtils class
[ 2025-11-07 00:37:43,227 ] 40 root - INFO - Entered the save_object method of MainUtils class
[ 2025-11-07 00:37:43,229 ] 44 root - INFO - Exited the save_object method of MainUtils class
[ 2025-11-07 00:37:43,229 ] 40 root - INFO - Entered the save_object method of MainUtils class
[ 2025-11-07 00:37:43,232 ] 44 root - INFO - Exited the save_object method of MainUtils class
[ 2025-11-07 00:37:43,232 ] 40 root - INFO - Entered the save_object method of MainUtils class
[ 2025-11-07 00:37:43,235 ] 44 root - INFO - Exited the save_object method of MainUtils class
[ 2025-11-07 00:37:43,235 ] 40 root - INFO - Entered the save_object method of MainUtils class
[ 2025-11-07 00:37:43,237 ] 44 root - INFO - Exited the save_object method of MainUtils class
[ 2025-11-07 00:37:43,237 ] 40 root - INFO - Entered the save_object method of MainUtils class
[ 2025-11-07 00:37:43,240 ] 44 root - INFO - Exited the save_object method of MainUtils class
[ 2025-11-07 00:37:43,241 ] 40 root - INFO - Entered the save_object method of MainUtils class
[ 2025-11-07 00:37:43,243 ] 44 root - INFO - Exited the save_object method of MainUtils class
[ 2025-11-07 00:37:43,243 ] 40 root - INFO - Entered the save_object method of MainUtils class
[ 2025-11-07 00:37:43,246 ] 44 root - INFO - Exited the save_object method of MainUtils class
[ 2025-11-07 00:37:43,246 ] 40 root - INFO - Entered the save_object method of MainUtils class
[ 2025-11-07 00:37:43,248 ] 44 root - INFO - Exited the save_object method of MainUtils class
[ 2025-11-07 00:37:43,248 ] 40 root - INFO - Entered the save_object method of MainUtils class
[ 2025-11-07 00:37:43,251 ] 44 root - INFO - Exited the save_object method of MainUtils class
[ 2025-11-07 00:37:43,251 ] 40 root - INFO - Entered the save_object method of MainUtils class
[ 2025-11-07 00:37:43,253 ] 44 root - INFO - Exited the save_object method of MainUtils class
[ 2025-11-07 00:37:43,253 ] 40 root - INFO - Entered the save_object method of MainUtils class
[ 2025-11-07 00:37:43,257 ] 44 root - INFO - Exited the save_object method of MainUtils class
[ 2025-11-07 00:37:43,257 ] 40 root - INFO - Entered the save_object method of MainUtils class
[ 2025-11-07 00:37:43,260 ] 44 root - INFO - Exited the save_object method of MainUtils class
[ 2025-11-07 00:37:43,260 ] 40 root - INFO - Entered the save_object method of MainUtils class
[ 2025-11-07 00:37:43,263 ] 44 root - INFO - Exited the save_object method of MainUtils class
[ 2025-11-07 00:37:43,263 ] 40 root - INFO - Entered the save_object method of MainUtils class
[ 2025-11-07 00:37:43,265 ] 44 root - INFO - Exited the save_object method of MainUtils class
[ 2025-11-07 00:37:43,265 ] 40 root - INFO - Entered the save_object method of MainUtils class
[ 2025-11-07 00:37:43,269 ] 44 root - INFO - Exited the save_object method of MainUtils class
[ 2025-11-07 00:37:43,269 ] 40 root - INFO - Entered the save_object method of MainUtils class
[ 2025-11-07 00:37:43,275 ] 44 root - INFO - Exited the save_object method of MainUtils class
[ 2025-11-07 00:37:43,275 ] 40 root - INFO - Entered the save_object method of MainUtils class
[ 2025-11-07 00:37:43,280 ] 44 root - INFO - Exited the save_object method of MainUtils class
[ 2025-11-07 00:37:43,281 ] 40 root - INFO - Entered the save_object method of MainUtils class
[ 2025-11-07 00:37:43,282 ] 44 root - INFO - Exited the save_object method of MainUtils class
[ 2025-11-07 00:37:43,282 ] 40 root - INFO - Entered the save_object method of MainUtils class
[ 2025-11-07 00:37:43,283 ] 44 root - INFO - Exited the save_object method of MainUtils class
[ 2025-11-07 00:37:43,283 ] 276 root - INFO - \U0001f389 TRUE per-user modeling completed successfully!
[ 2025-11-07 00:37:43,284 ] 277 root - INFO - \U0001f4ca Trained 18 user models + global model
[ 2025-11-07 00:37:43,284 ] 278 root - INFO - \U0001f4be Models saved to: Artifacts\11_07_2025_00_37_38\model_trainer\trained_model and final_model/
[ 2025-11-07 00:37:43,284 ] 64 root - INFO - Model trainer completed
