[ 2025-11-06 22:53:42,484 ] 29 root - INFO - Starting data ingestion
[ 2025-11-06 22:53:43,745 ] 69 root - INFO - Performed train test split on the dataframe
[ 2025-11-06 22:53:43,745 ] 71 root - INFO - Exited split_data_as_train_test method of Data_Ingestion class
[ 2025-11-06 22:53:43,745 ] 79 root - INFO - Exporting train and test file path.
[ 2025-11-06 22:53:43,752 ] 88 root - INFO - Exported train and test file path.
[ 2025-11-06 22:53:43,752 ] 31 root - INFO - Data ingestion completed
[ 2025-11-06 22:53:43,756 ] 40 root - INFO - Starting data validation
[ 2025-11-06 22:53:43,784 ] 34 root - INFO - Required number of columns:5
[ 2025-11-06 22:53:43,785 ] 35 root - INFO - Data frame has columns:8
[ 2025-11-06 22:53:43,785 ] 34 root - INFO - Required number of columns:5
[ 2025-11-06 22:53:43,785 ] 35 root - INFO - Data frame has columns:8
[ 2025-11-06 22:53:43,800 ] 42 root - INFO - Data validation completed
[ 2025-11-06 22:53:43,800 ] 51 root - INFO - Starting data transformation
[ 2025-11-06 22:53:43,800 ] 269 root - INFO - Entered initiate_data_transformation method of DataTransformation class
[ 2025-11-06 22:53:43,801 ] 271 root - INFO - Starting data transformation
[ 2025-11-06 22:53:43,806 ] 281 root - INFO - Preprocessing categorical features
[ 2025-11-06 22:53:43,806 ] 143 root - INFO - Preprocessing categorical features for train
[ 2025-11-06 22:53:43,812 ] 63 root - INFO - Creating user-aware features for train
[ 2025-11-06 22:53:43,812 ] 39 root - INFO - Calculating user behavior profiles
[ 2025-11-06 22:53:43,818 ] 58 root - INFO - Calculated behavior profiles for 20 users
[ 2025-11-06 22:53:43,843 ] 138 root - INFO - Created user-aware features: ['temperature_personal_z', 'temperature_personal_pct_max', 'crossing_personal_z', 'unusual_active_hour', 'temperature_personal_z', 'temperature_personal_pct_max', 'crossing_personal_z', 'unusual_active_hour', 'temperature_personal_z', 'temperature_personal_pct_max', 'crossing_personal_z', 'unusual_active_hour', 'temperature_personal_z', 'temperature_personal_pct_max', 'crossing_personal_z', 'unusual_active_hour', 'temperature_personal_z', 'temperature_personal_pct_max', 'crossing_personal_z', 'unusual_active_hour', 'temperature_personal_z', 'temperature_personal_pct_max', 'crossing_personal_z', 'unusual_active_hour', 'temperature_personal_z', 'temperature_personal_pct_max', 'crossing_personal_z', 'unusual_active_hour', 'temperature_personal_z', 'temperature_personal_pct_max', 'crossing_personal_z', 'unusual_active_hour', 'temperature_personal_z', 'temperature_personal_pct_max', 'crossing_personal_z', 'unusual_active_hour', 'temperature_personal_z', 'temperature_personal_pct_max', 'crossing_personal_z', 'unusual_active_hour', 'temperature_personal_z', 'temperature_personal_pct_max', 'crossing_personal_z', 'unusual_active_hour', 'temperature_personal_z', 'temperature_personal_pct_max', 'crossing_personal_z', 'unusual_active_hour', 'temperature_personal_z', 'temperature_personal_pct_max', 'crossing_personal_z', 'unusual_active_hour', 'temperature_personal_z', 'temperature_personal_pct_max', 'crossing_personal_z', 'unusual_active_hour', 'temperature_personal_z', 'temperature_personal_pct_max', 'crossing_personal_z', 'unusual_active_hour', 'temperature_personal_z', 'temperature_personal_pct_max', 'crossing_personal_z', 'unusual_active_hour', 'temperature_personal_z', 'temperature_personal_pct_max', 'crossing_personal_z', 'unusual_active_hour', 'temperature_personal_z', 'temperature_personal_pct_max', 'crossing_personal_z', 'unusual_active_hour', 'temperature_personal_z', 'temperature_personal_pct_max', 'crossing_personal_z', 'unusual_active_hour', 'temperature_personal_z', 'temperature_personal_pct_max', 'crossing_personal_z', 'unusual_active_hour']
[ 2025-11-06 22:53:43,844 ] 172 root - INFO - After categorical processing - train columns: ['user_id', 'temperature', 'day_of_week', 'behaviour', 'frequency_crossing', 'month', 'hour', 'time_of_the_day_encoded', 'weather_cloudy', 'weather_rainy', 'weather_snowy', 'weather_sunny', 'temperature_personal_z', 'temperature_personal_pct_max', 'unusual_active_hour']
[ 2025-11-06 22:53:43,844 ] 143 root - INFO - Preprocessing categorical features for test
[ 2025-11-06 22:53:43,847 ] 63 root - INFO - Creating user-aware features for test
[ 2025-11-06 22:53:43,871 ] 138 root - INFO - Created user-aware features: ['temperature_personal_z', 'temperature_personal_pct_max', 'crossing_personal_z', 'unusual_active_hour', 'temperature_personal_z', 'temperature_personal_pct_max', 'crossing_personal_z', 'unusual_active_hour', 'temperature_personal_z', 'temperature_personal_pct_max', 'crossing_personal_z', 'unusual_active_hour', 'temperature_personal_z', 'temperature_personal_pct_max', 'crossing_personal_z', 'unusual_active_hour', 'temperature_personal_z', 'temperature_personal_pct_max', 'crossing_personal_z', 'unusual_active_hour', 'temperature_personal_z', 'temperature_personal_pct_max', 'crossing_personal_z', 'unusual_active_hour', 'temperature_personal_z', 'temperature_personal_pct_max', 'crossing_personal_z', 'unusual_active_hour', 'temperature_personal_z', 'temperature_personal_pct_max', 'crossing_personal_z', 'unusual_active_hour', 'temperature_personal_z', 'temperature_personal_pct_max', 'crossing_personal_z', 'unusual_active_hour', 'temperature_personal_z', 'temperature_personal_pct_max', 'crossing_personal_z', 'unusual_active_hour', 'temperature_personal_z', 'temperature_personal_pct_max', 'crossing_personal_z', 'unusual_active_hour', 'temperature_personal_z', 'temperature_personal_pct_max', 'crossing_personal_z', 'unusual_active_hour', 'temperature_personal_z', 'temperature_personal_pct_max', 'crossing_personal_z', 'unusual_active_hour', 'temperature_personal_z', 'temperature_personal_pct_max', 'crossing_personal_z', 'unusual_active_hour', 'temperature_personal_z', 'temperature_personal_pct_max', 'crossing_personal_z', 'unusual_active_hour', 'temperature_personal_z', 'temperature_personal_pct_max', 'crossing_personal_z', 'unusual_active_hour', 'temperature_personal_z', 'temperature_personal_pct_max', 'crossing_personal_z', 'unusual_active_hour', 'temperature_personal_z', 'temperature_personal_pct_max', 'crossing_personal_z', 'unusual_active_hour', 'temperature_personal_z', 'temperature_personal_pct_max', 'crossing_personal_z', 'unusual_active_hour', 'temperature_personal_z', 'temperature_personal_pct_max', 'crossing_personal_z', 'unusual_active_hour']
[ 2025-11-06 22:53:43,871 ] 172 root - INFO - After categorical processing - test columns: ['user_id', 'temperature', 'day_of_week', 'behaviour', 'frequency_crossing', 'month', 'hour', 'time_of_the_day_encoded', 'weather_cloudy', 'weather_rainy', 'weather_snowy', 'weather_sunny', 'temperature_personal_z', 'temperature_personal_pct_max', 'unusual_active_hour']
[ 2025-11-06 22:53:43,871 ] 286 root - INFO - Cleaning target column
[ 2025-11-06 22:53:43,871 ] 177 root - INFO - Cleaning target column for train dataset
[ 2025-11-06 22:53:43,871 ] 177 root - INFO - Cleaning target column for test dataset
[ 2025-11-06 22:53:43,872 ] 291 root - INFO - Removing invalid target rows
[ 2025-11-06 22:53:43,873 ] 296 root - INFO - Handling feature missing values
[ 2025-11-06 22:53:43,873 ] 205 root - INFO - Handling missing values for train
[ 2025-11-06 22:53:43,873 ] 211 root - INFO - No missing values found in train features
[ 2025-11-06 22:53:43,873 ] 205 root - INFO - Handling missing values for test
[ 2025-11-06 22:53:43,874 ] 211 root - INFO - No missing values found in test features
[ 2025-11-06 22:53:43,874 ] 301 root - INFO - Final train shape: (800, 15), test shape: (200, 15)
[ 2025-11-06 22:53:43,874 ] 310 root - INFO - Creating and fitting preprocessor
[ 2025-11-06 22:53:43,874 ] 233 root - INFO - Creating preprocessing pipeline
[ 2025-11-06 22:53:43,874 ] 257 root - INFO - Numerical features for scaling: ['temperature', 'day_of_week', 'frequency_crossing', 'month', 'hour', 'time_of_the_day_encoded', 'temperature_personal_z', 'temperature_personal_pct_max', 'unusual_active_hour']
[ 2025-11-06 22:53:43,875 ] 356 root - ERROR - Data transformation failed: could not convert string to float: 'USER016'
