[ 2025-11-06 21:14:08,725 ] 29 root - INFO - Starting data ingestion
[ 2025-11-06 21:14:09,676 ] 67 root - INFO - Performed train test split on the dataframe
[ 2025-11-06 21:14:09,676 ] 69 root - INFO - Exited split_data_as_train_test method of Data_Ingestion class
[ 2025-11-06 21:14:09,677 ] 77 root - INFO - Exporting train and test file path.
[ 2025-11-06 21:14:09,683 ] 86 root - INFO - Exported train and test file path.
[ 2025-11-06 21:14:09,683 ] 31 root - INFO - Data ingestion completed
[ 2025-11-06 21:14:09,690 ] 40 root - INFO - Starting data validation
[ 2025-11-06 21:14:09,720 ] 34 root - INFO - Required number of columns:6
[ 2025-11-06 21:14:09,721 ] 35 root - INFO - Data frame has columns:7
[ 2025-11-06 21:14:09,721 ] 34 root - INFO - Required number of columns:6
[ 2025-11-06 21:14:09,721 ] 35 root - INFO - Data frame has columns:7
[ 2025-11-06 21:14:09,736 ] 42 root - INFO - Data validation completed
[ 2025-11-06 21:14:09,736 ] 51 root - INFO - Starting data transformation
[ 2025-11-06 21:14:09,736 ] 221 root - INFO - Entered initiate_data_transformation method of DataTransformation class
[ 2025-11-06 21:14:09,736 ] 223 root - INFO - Starting data transformation
[ 2025-11-06 21:14:09,741 ] 170 root - INFO - Preprocessing categorical features for train
[ 2025-11-06 21:14:09,746 ] 69 root - INFO - Creating user-aware features for train
[ 2025-11-06 21:14:09,747 ] 39 root - INFO - Calculating user behavior profiles
[ 2025-11-06 21:14:09,751 ] 64 root - INFO - Calculated behavior profiles for 20 users
[ 2025-11-06 21:14:09,779 ] 163 root - INFO - Created user-aware features: ['temperature_personal_z', 'crossing_personal_z', 'temperature_personal_pct_max', 'unusual_active_hour']
[ 2025-11-06 21:14:09,779 ] 215 root - INFO - After categorical processing - train columns: ['user_id', 'temperature', 'day_of_week', 'weather_conditions', 'frequency', 'month', 'hour', 'time_of_day_encoded', 'temperature_personal_z', 'temperature_personal_pct_max', 'crossing_personal_z', 'unusual_active_hour']
[ 2025-11-06 21:14:09,780 ] 170 root - INFO - Preprocessing categorical features for test
[ 2025-11-06 21:14:09,782 ] 69 root - INFO - Creating user-aware features for test
[ 2025-11-06 21:14:09,813 ] 163 root - INFO - Created user-aware features: ['temperature_personal_z', 'crossing_personal_z', 'temperature_personal_pct_max', 'unusual_active_hour']
[ 2025-11-06 21:14:09,813 ] 215 root - INFO - After categorical processing - test columns: ['user_id', 'temperature', 'day_of_week', 'weather_conditions', 'frequency', 'month', 'hour', 'time_of_day_encoded', 'temperature_personal_z', 'temperature_personal_pct_max', 'crossing_personal_z', 'unusual_active_hour']
[ 2025-11-06 21:14:09,813 ] 241 root - INFO - Final train shape: (800, 12), test shape: (200, 12)
[ 2025-11-06 21:14:09,813 ] 302 root - ERROR - Data transformation failed: "['behaviour'] not found in axis"
