[ 2025-11-08 12:42:46,329 ] 29 root - INFO - Starting data ingestion
[ 2025-11-08 12:42:46,998 ] 67 root - INFO - Performed train test split on the dataframe
[ 2025-11-08 12:42:46,998 ] 69 root - INFO - Exited split_data_as_train_test method of Data_Ingestion class
[ 2025-11-08 12:42:46,999 ] 77 root - INFO - Exporting train and test file path.
[ 2025-11-08 12:42:47,005 ] 86 root - INFO - Exported train and test file path.
[ 2025-11-08 12:42:47,005 ] 31 root - INFO - Data ingestion completed
[ 2025-11-08 12:42:47,011 ] 40 root - INFO - Starting data validation
[ 2025-11-08 12:42:47,057 ] 34 root - INFO - Required number of columns:5
[ 2025-11-08 12:42:47,065 ] 35 root - INFO - Data frame has columns:8
[ 2025-11-08 12:42:47,065 ] 34 root - INFO - Required number of columns:5
[ 2025-11-08 12:42:47,065 ] 35 root - INFO - Data frame has columns:8
[ 2025-11-08 12:42:47,085 ] 42 root - INFO - Data validation completed
[ 2025-11-08 12:42:47,085 ] 51 root - INFO - Starting data transformation
[ 2025-11-08 12:42:47,085 ] 275 root - INFO - Entered initiate_data_transformation method of DataTransformation class
[ 2025-11-08 12:42:47,085 ] 277 root - INFO - Starting data transformation
[ 2025-11-08 12:42:47,088 ] 44 root - INFO - Converted temperature: 800/800 values to numeric
[ 2025-11-08 12:42:47,088 ] 44 root - INFO - Converted frequency_crossing: 800/800 values to numeric
[ 2025-11-08 12:42:47,088 ] 44 root - INFO - Converted day_of_week: 800/800 values to numeric
[ 2025-11-08 12:42:47,090 ] 44 root - INFO - Converted temperature: 200/200 values to numeric
[ 2025-11-08 12:42:47,090 ] 44 root - INFO - Converted frequency_crossing: 200/200 values to numeric
[ 2025-11-08 12:42:47,090 ] 44 root - INFO - Converted day_of_week: 200/200 values to numeric
[ 2025-11-08 12:42:47,091 ] 290 root - INFO - Preprocessing categorical features
[ 2025-11-08 12:42:47,091 ] 156 root - INFO - Preprocessing categorical features for train
[ 2025-11-08 12:42:47,091 ] 165 root - INFO - Converted temperature to numeric in preprocessing
[ 2025-11-08 12:42:47,091 ] 165 root - INFO - Converted frequency_crossing to numeric in preprocessing
[ 2025-11-08 12:42:47,091 ] 165 root - INFO - Converted day_of_week to numeric in preprocessing
[ 2025-11-08 12:42:47,097 ] 76 root - INFO - Creating user-aware features for train
[ 2025-11-08 12:42:47,097 ] 52 root - INFO - Calculating user behavior profiles
[ 2025-11-08 12:42:47,105 ] 71 root - INFO - Calculated behavior profiles for 50 users
[ 2025-11-08 12:42:47,193 ] 151 root - INFO - Created user-aware features: ['temperature_personal_z', 'temperature_personal_pct_max', 'crossing_personal_z', 'unusual_active_hour', 'temperature_personal_z', 'temperature_personal_pct_max', 'crossing_personal_z', 'unusual_active_hour', 'temperature_personal_z', 'temperature_personal_pct_max', 'crossing_personal_z', 'unusual_active_hour', 'temperature_personal_z', 'temperature_personal_pct_max', 'crossing_personal_z', 'unusual_active_hour', 'temperature_personal_z', 'temperature_personal_pct_max', 'crossing_personal_z', 'unusual_active_hour', 'temperature_personal_z', 'temperature_personal_pct_max', 'crossing_personal_z', 'unusual_active_hour', 'temperature_personal_z', 'temperature_personal_pct_max', 'crossing_personal_z', 'unusual_active_hour', 'temperature_personal_z', 'temperature_personal_pct_max', 'crossing_personal_z', 'unusual_active_hour', 'temperature_personal_z', 'temperature_personal_pct_max', 'crossing_personal_z', 'unusual_active_hour', 'temperature_personal_z', 'temperature_personal_pct_max', 'crossing_personal_z', 'unusual_active_hour', 'temperature_personal_z', 'temperature_personal_pct_max', 'crossing_personal_z', 'unusual_active_hour', 'temperature_personal_z', 'temperature_personal_pct_max', 'crossing_personal_z', 'unusual_active_hour', 'temperature_personal_z', 'temperature_personal_pct_max', 'crossing_personal_z', 'unusual_active_hour', 'temperature_personal_z', 'temperature_personal_pct_max', 'crossing_personal_z', 'unusual_active_hour', 'temperature_personal_z', 'temperature_personal_pct_max', 'crossing_personal_z', 'unusual_active_hour', 'temperature_personal_z', 'temperature_personal_pct_max', 'crossing_personal_z', 'unusual_active_hour', 'temperature_personal_z', 'temperature_personal_pct_max', 'crossing_personal_z', 'unusual_active_hour', 'temperature_personal_z', 'temperature_personal_pct_max', 'crossing_personal_z', 'unusual_active_hour', 'temperature_personal_z', 'temperature_personal_pct_max', 'crossing_personal_z', 'unusual_active_hour', 'temperature_personal_z', 'temperature_personal_pct_max', 'crossing_personal_z', 'unusual_active_hour', 'temperature_personal_z', 'temperature_personal_pct_max', 'crossing_personal_z', 'unusual_active_hour', 'temperature_personal_z', 'temperature_personal_pct_max', 'crossing_personal_z', 'unusual_active_hour', 'temperature_personal_z', 'temperature_personal_pct_max', 'crossing_personal_z', 'unusual_active_hour', 'temperature_personal_z', 'temperature_personal_pct_max', 'crossing_personal_z', 'unusual_active_hour', 'temperature_personal_z', 'temperature_personal_pct_max', 'crossing_personal_z', 'unusual_active_hour', 'temperature_personal_z', 'temperature_personal_pct_max', 'crossing_personal_z', 'unusual_active_hour', 'temperature_personal_z', 'temperature_personal_pct_max', 'crossing_personal_z', 'unusual_active_hour', 'temperature_personal_z', 'temperature_personal_pct_max', 'crossing_personal_z', 'unusual_active_hour', 'temperature_personal_z', 'temperature_personal_pct_max', 'crossing_personal_z', 'unusual_active_hour', 'temperature_personal_z', 'temperature_personal_pct_max', 'crossing_personal_z', 'unusual_active_hour', 'temperature_personal_z', 'temperature_personal_pct_max', 'crossing_personal_z', 'unusual_active_hour', 'temperature_personal_z', 'temperature_personal_pct_max', 'crossing_personal_z', 'unusual_active_hour', 'temperature_personal_z', 'temperature_personal_pct_max', 'crossing_personal_z', 'unusual_active_hour', 'temperature_personal_z', 'temperature_personal_pct_max', 'crossing_personal_z', 'unusual_active_hour', 'temperature_personal_z', 'temperature_personal_pct_max', 'crossing_personal_z', 'unusual_active_hour', 'temperature_personal_z', 'temperature_personal_pct_max', 'crossing_personal_z', 'unusual_active_hour', 'temperature_personal_z', 'temperature_personal_pct_max', 'crossing_personal_z', 'unusual_active_hour', 'temperature_personal_z', 'temperature_personal_pct_max', 'crossing_personal_z', 'unusual_active_hour', 'temperature_personal_z', 'temperature_personal_pct_max', 'crossing_personal_z', 'unusual_active_hour', 'temperature_personal_z', 'temperature_personal_pct_max', 'crossing_personal_z', 'unusual_active_hour', 'temperature_personal_z', 'temperature_personal_pct_max', 'crossing_personal_z', 'unusual_active_hour', 'temperature_personal_z', 'temperature_personal_pct_max', 'crossing_personal_z', 'unusual_active_hour', 'temperature_personal_z', 'temperature_personal_pct_max', 'crossing_personal_z', 'unusual_active_hour', 'temperature_personal_z', 'temperature_personal_pct_max', 'crossing_personal_z', 'unusual_active_hour', 'temperature_personal_z', 'temperature_personal_pct_max', 'crossing_personal_z', 'unusual_active_hour', 'temperature_personal_z', 'temperature_personal_pct_max', 'crossing_personal_z', 'unusual_active_hour', 'temperature_personal_z', 'temperature_personal_pct_max', 'crossing_personal_z', 'unusual_active_hour', 'temperature_personal_z', 'temperature_personal_pct_max', 'crossing_personal_z', 'unusual_active_hour', 'temperature_personal_z', 'temperature_personal_pct_max', 'crossing_personal_z', 'unusual_active_hour', 'temperature_personal_z', 'temperature_personal_pct_max', 'crossing_personal_z', 'unusual_active_hour']
[ 2025-11-08 12:42:47,193 ] 190 root - INFO - After categorical processing - train columns: ['user_id', 'temperature', 'day_of_week', 'frequency_crossing', 'behaviour', 'month', 'hour', 'time_of_the_day_encoded', 'weather_cloudy', 'weather_rainy', 'weather_snowy', 'weather_sunny', 'temperature_personal_z', 'temperature_personal_pct_max', 'crossing_personal_z', 'unusual_active_hour']
[ 2025-11-08 12:42:47,193 ] 156 root - INFO - Preprocessing categorical features for test
[ 2025-11-08 12:42:47,194 ] 165 root - INFO - Converted temperature to numeric in preprocessing
[ 2025-11-08 12:42:47,194 ] 165 root - INFO - Converted frequency_crossing to numeric in preprocessing
[ 2025-11-08 12:42:47,194 ] 165 root - INFO - Converted day_of_week to numeric in preprocessing
[ 2025-11-08 12:42:47,197 ] 76 root - INFO - Creating user-aware features for test
[ 2025-11-08 12:42:47,285 ] 151 root - INFO - Created user-aware features: ['temperature_personal_z', 'temperature_personal_pct_max', 'crossing_personal_z', 'unusual_active_hour', 'temperature_personal_z', 'temperature_personal_pct_max', 'crossing_personal_z', 'unusual_active_hour', 'temperature_personal_z', 'temperature_personal_pct_max', 'crossing_personal_z', 'unusual_active_hour', 'temperature_personal_z', 'temperature_personal_pct_max', 'crossing_personal_z', 'unusual_active_hour', 'temperature_personal_z', 'temperature_personal_pct_max', 'crossing_personal_z', 'unusual_active_hour', 'temperature_personal_z', 'temperature_personal_pct_max', 'crossing_personal_z', 'unusual_active_hour', 'temperature_personal_z', 'temperature_personal_pct_max', 'crossing_personal_z', 'unusual_active_hour', 'temperature_personal_z', 'temperature_personal_pct_max', 'crossing_personal_z', 'unusual_active_hour', 'temperature_personal_z', 'temperature_personal_pct_max', 'crossing_personal_z', 'unusual_active_hour', 'temperature_personal_z', 'temperature_personal_pct_max', 'crossing_personal_z', 'unusual_active_hour', 'temperature_personal_z', 'temperature_personal_pct_max', 'crossing_personal_z', 'unusual_active_hour', 'temperature_personal_z', 'temperature_personal_pct_max', 'crossing_personal_z', 'unusual_active_hour', 'temperature_personal_z', 'temperature_personal_pct_max', 'crossing_personal_z', 'unusual_active_hour', 'temperature_personal_z', 'temperature_personal_pct_max', 'crossing_personal_z', 'unusual_active_hour', 'temperature_personal_z', 'temperature_personal_pct_max', 'crossing_personal_z', 'unusual_active_hour', 'temperature_personal_z', 'temperature_personal_pct_max', 'crossing_personal_z', 'unusual_active_hour', 'temperature_personal_z', 'temperature_personal_pct_max', 'crossing_personal_z', 'unusual_active_hour', 'temperature_personal_z', 'temperature_personal_pct_max', 'crossing_personal_z', 'unusual_active_hour', 'temperature_personal_z', 'temperature_personal_pct_max', 'crossing_personal_z', 'unusual_active_hour', 'temperature_personal_z', 'temperature_personal_pct_max', 'crossing_personal_z', 'unusual_active_hour', 'temperature_personal_z', 'temperature_personal_pct_max', 'crossing_personal_z', 'unusual_active_hour', 'temperature_personal_z', 'temperature_personal_pct_max', 'crossing_personal_z', 'unusual_active_hour', 'temperature_personal_z', 'temperature_personal_pct_max', 'crossing_personal_z', 'unusual_active_hour', 'temperature_personal_z', 'temperature_personal_pct_max', 'crossing_personal_z', 'unusual_active_hour', 'temperature_personal_z', 'temperature_personal_pct_max', 'crossing_personal_z', 'unusual_active_hour', 'temperature_personal_z', 'temperature_personal_pct_max', 'crossing_personal_z', 'unusual_active_hour', 'temperature_personal_z', 'temperature_personal_pct_max', 'crossing_personal_z', 'unusual_active_hour', 'temperature_personal_z', 'temperature_personal_pct_max', 'crossing_personal_z', 'unusual_active_hour', 'temperature_personal_z', 'temperature_personal_pct_max', 'crossing_personal_z', 'unusual_active_hour', 'temperature_personal_z', 'temperature_personal_pct_max', 'crossing_personal_z', 'unusual_active_hour', 'temperature_personal_z', 'temperature_personal_pct_max', 'crossing_personal_z', 'unusual_active_hour', 'temperature_personal_z', 'temperature_personal_pct_max', 'crossing_personal_z', 'unusual_active_hour', 'temperature_personal_z', 'temperature_personal_pct_max', 'crossing_personal_z', 'unusual_active_hour', 'temperature_personal_z', 'temperature_personal_pct_max', 'crossing_personal_z', 'unusual_active_hour', 'temperature_personal_z', 'temperature_personal_pct_max', 'crossing_personal_z', 'unusual_active_hour', 'temperature_personal_z', 'temperature_personal_pct_max', 'crossing_personal_z', 'unusual_active_hour', 'temperature_personal_z', 'temperature_personal_pct_max', 'crossing_personal_z', 'unusual_active_hour', 'temperature_personal_z', 'temperature_personal_pct_max', 'crossing_personal_z', 'unusual_active_hour', 'temperature_personal_z', 'temperature_personal_pct_max', 'crossing_personal_z', 'unusual_active_hour', 'temperature_personal_z', 'temperature_personal_pct_max', 'crossing_personal_z', 'unusual_active_hour', 'temperature_personal_z', 'temperature_personal_pct_max', 'crossing_personal_z', 'unusual_active_hour', 'temperature_personal_z', 'temperature_personal_pct_max', 'crossing_personal_z', 'unusual_active_hour', 'temperature_personal_z', 'temperature_personal_pct_max', 'crossing_personal_z', 'unusual_active_hour', 'temperature_personal_z', 'temperature_personal_pct_max', 'crossing_personal_z', 'unusual_active_hour', 'temperature_personal_z', 'temperature_personal_pct_max', 'crossing_personal_z', 'unusual_active_hour', 'temperature_personal_z', 'temperature_personal_pct_max', 'crossing_personal_z', 'unusual_active_hour', 'temperature_personal_z', 'temperature_personal_pct_max', 'crossing_personal_z', 'unusual_active_hour', 'temperature_personal_z', 'temperature_personal_pct_max', 'crossing_personal_z', 'unusual_active_hour', 'temperature_personal_z', 'temperature_personal_pct_max', 'crossing_personal_z', 'unusual_active_hour', 'temperature_personal_z', 'temperature_personal_pct_max', 'crossing_personal_z', 'unusual_active_hour']
[ 2025-11-08 12:42:47,285 ] 190 root - INFO - After categorical processing - test columns: ['user_id', 'temperature', 'day_of_week', 'frequency_crossing', 'behaviour', 'month', 'hour', 'time_of_the_day_encoded', 'weather_cloudy', 'weather_rainy', 'weather_snowy', 'weather_sunny', 'temperature_personal_z', 'temperature_personal_pct_max', 'crossing_personal_z', 'unusual_active_hour']
[ 2025-11-08 12:42:47,285 ] 295 root - INFO - Cleaning target column
[ 2025-11-08 12:42:47,286 ] 195 root - INFO - Cleaning target column for train dataset
[ 2025-11-08 12:42:47,286 ] 195 root - INFO - Cleaning target column for test dataset
[ 2025-11-08 12:42:47,287 ] 300 root - INFO - Removing invalid target rows
[ 2025-11-08 12:42:47,288 ] 305 root - INFO - Handling feature missing values
[ 2025-11-08 12:42:47,288 ] 223 root - INFO - Handling missing values for train
[ 2025-11-08 12:42:47,288 ] 229 root - INFO - No missing values found in train features
[ 2025-11-08 12:42:47,288 ] 223 root - INFO - Handling missing values for test
[ 2025-11-08 12:42:47,288 ] 229 root - INFO - No missing values found in test features
[ 2025-11-08 12:42:47,288 ] 310 root - INFO - Final train shape: (800, 16), test shape: (200, 16)
[ 2025-11-08 12:42:47,289 ] 319 root - INFO - Creating and fitting preprocessor
[ 2025-11-08 12:42:47,289 ] 250 root - INFO - Creating preprocessing pipeline
[ 2025-11-08 12:42:47,289 ] 263 root - INFO - Numerical features for scaling: ['temperature', 'day_of_week', 'frequency_crossing', 'month', 'hour', 'time_of_the_day_encoded', 'temperature_personal_z', 'temperature_personal_pct_max', 'crossing_personal_z', 'unusual_active_hour']
[ 2025-11-08 12:42:47,289 ] 329 root - INFO - Fitting preprocessor on: ['temperature', 'day_of_week', 'frequency_crossing', 'month', 'hour', 'time_of_the_day_encoded', 'temperature_personal_z', 'temperature_personal_pct_max', 'crossing_personal_z', 'unusual_active_hour']
[ 2025-11-08 12:42:47,291 ] 335 root - INFO - Step 6: Transforming features using preprocessor
[ 2025-11-08 12:42:47,293 ] 343 root - INFO - Saving preprocessor object
[ 2025-11-08 12:42:47,303 ] 40 root - INFO - Entered the save_object method of MainUtils class
[ 2025-11-08 12:42:47,304 ] 44 root - INFO - Exited the save_object method of MainUtils class
[ 2025-11-08 12:42:47,304 ] 40 root - INFO - Entered the save_object method of MainUtils class
[ 2025-11-08 12:42:47,305 ] 44 root - INFO - Exited the save_object method of MainUtils class
[ 2025-11-08 12:42:47,305 ] 40 root - INFO - Entered the save_object method of MainUtils class
[ 2025-11-08 12:42:47,306 ] 44 root - INFO - Exited the save_object method of MainUtils class
[ 2025-11-08 12:42:47,306 ] 40 root - INFO - Entered the save_object method of MainUtils class
[ 2025-11-08 12:42:47,307 ] 44 root - INFO - Exited the save_object method of MainUtils class
[ 2025-11-08 12:42:47,307 ] 361 root - INFO - Saved feature columns: ['temperature', 'day_of_week', 'frequency_crossing', 'month', 'hour', 'time_of_the_day_encoded', 'temperature_personal_z', 'temperature_personal_pct_max', 'crossing_personal_z', 'unusual_active_hour']
[ 2025-11-08 12:42:47,307 ] 40 root - INFO - Entered the save_object method of MainUtils class
[ 2025-11-08 12:42:47,308 ] 44 root - INFO - Exited the save_object method of MainUtils class
[ 2025-11-08 12:42:47,308 ] 365 root - INFO - Saved behavior profiles for 50 users
[ 2025-11-08 12:42:47,308 ] 372 root - INFO - Data transformation completed successfully with user-aware features
[ 2025-11-08 12:42:47,308 ] 53 root - INFO - Data transformation completed
[ 2025-11-08 12:42:47,308 ] 62 root - INFO - Starting model trainer
[ 2025-11-08 12:42:47,308 ] 160 root - INFO - Starting TRUE per-user model training
[ 2025-11-08 12:42:47,362 ] 120 root - INFO - Loaded data with columns: ['temperature', 'day_of_week', 'frequency_crossing', 'month', 'hour', 'time_of_the_day_encoded', 'temperature_personal_z', 'temperature_personal_pct_max', 'crossing_personal_z', 'unusual_active_hour', 'behaviour']
[ 2025-11-08 12:42:47,385 ] 170 root - INFO - Training data: (800, 10), Test data: (200, 10)
[ 2025-11-08 12:42:47,385 ] 171 root - INFO - Train users: 50, Test users: 50
[ 2025-11-08 12:42:47,386 ] 177 root - INFO - Found 0 users with sufficient data for per-user modeling
[ 2025-11-08 12:42:47,388 ] 178 root - INFO - User distribution: count    50.000000
mean     16.000000
std       4.080816
min       8.000000
25%      12.250000
50%      16.000000
75%      18.750000
max      27.000000
Name: count, dtype: float64
[ 2025-11-08 12:42:47,389 ] 219 root - INFO - Training global model with 800 samples (50 users)
[ 2025-11-08 12:42:47,389 ] 80 root - INFO - Training global model with 800 samples
[ 2025-11-08 12:42:47,570 ] 227 root - INFO - \U0001f30d Global model: 0.795 accuracy, 0.000 precision, 0.000 recall
[ 2025-11-08 12:42:47,572 ] 40 root - INFO - Entered the save_object method of MainUtils class
[ 2025-11-08 12:42:47,577 ] 44 root - INFO - Exited the save_object method of MainUtils class
[ 2025-11-08 12:42:47,577 ] 40 root - INFO - Entered the save_object method of MainUtils class
[ 2025-11-08 12:42:47,580 ] 44 root - INFO - Exited the save_object method of MainUtils class
[ 2025-11-08 12:42:47,581 ] 40 root - INFO - Entered the save_object method of MainUtils class
[ 2025-11-08 12:42:47,581 ] 44 root - INFO - Exited the save_object method of MainUtils class
[ 2025-11-08 12:42:47,581 ] 40 root - INFO - Entered the save_object method of MainUtils class
[ 2025-11-08 12:42:47,582 ] 44 root - INFO - Exited the save_object method of MainUtils class
[ 2025-11-08 12:42:47,582 ] 276 root - INFO - \U0001f389 TRUE per-user modeling completed successfully!
[ 2025-11-08 12:42:47,582 ] 277 root - INFO - \U0001f4ca Trained 0 user models + global model
[ 2025-11-08 12:42:47,582 ] 278 root - INFO - \U0001f4be Models saved to: Artifacts\11_08_2025_12_42_45\model_trainer\trained_model and final_model/
[ 2025-11-08 12:42:47,582 ] 64 root - INFO - Model trainer completed
