[ 2025-11-06 21:12:38,452 ] 29 root - INFO - Starting data ingestion
[ 2025-11-06 21:12:40,577 ] 67 root - INFO - Performed train test split on the dataframe
[ 2025-11-06 21:12:40,577 ] 69 root - INFO - Exited split_data_as_train_test method of Data_Ingestion class
[ 2025-11-06 21:12:40,577 ] 77 root - INFO - Exporting train and test file path.
[ 2025-11-06 21:12:40,583 ] 86 root - INFO - Exported train and test file path.
[ 2025-11-06 21:12:40,584 ] 31 root - INFO - Data ingestion completed
[ 2025-11-06 21:12:40,592 ] 40 root - INFO - Starting data validation
[ 2025-11-06 21:12:40,640 ] 34 root - INFO - Required number of columns:6
[ 2025-11-06 21:12:40,641 ] 35 root - INFO - Data frame has columns:7
[ 2025-11-06 21:12:40,641 ] 34 root - INFO - Required number of columns:6
[ 2025-11-06 21:12:40,641 ] 35 root - INFO - Data frame has columns:7
[ 2025-11-06 21:12:40,665 ] 42 root - INFO - Data validation completed
[ 2025-11-06 21:12:40,665 ] 51 root - INFO - Starting data transformation
[ 2025-11-06 21:12:40,665 ] 221 root - INFO - Entered initiate_data_transformation method of DataTransformation class
[ 2025-11-06 21:12:40,665 ] 223 root - INFO - Starting data transformation
[ 2025-11-06 21:12:40,668 ] 170 root - INFO - Preprocessing categorical features for train
[ 2025-11-06 21:12:40,682 ] 69 root - INFO - Creating user-aware features for train
[ 2025-11-06 21:12:40,682 ] 39 root - INFO - Calculating user behavior profiles
[ 2025-11-06 21:12:40,694 ] 64 root - INFO - Calculated behavior profiles for 20 users
[ 2025-11-06 21:12:40,728 ] 163 root - INFO - Created user-aware features: ['temperature_personal_z', 'crossing_personal_z', 'temperature_personal_pct_max', 'unusual_active_hour']
[ 2025-11-06 21:12:40,728 ] 215 root - INFO - After categorical processing - train columns: ['user_id', 'temperature', 'day_of_week', 'weather_conditions', 'frequency', 'month', 'hour', 'time_of_day_encoded', 'temperature_personal_z', 'temperature_personal_pct_max', 'crossing_personal_z', 'unusual_active_hour']
[ 2025-11-06 21:12:40,729 ] 170 root - INFO - Preprocessing categorical features for test
[ 2025-11-06 21:12:40,732 ] 69 root - INFO - Creating user-aware features for test
[ 2025-11-06 21:12:40,760 ] 163 root - INFO - Created user-aware features: ['temperature_personal_z', 'crossing_personal_z', 'temperature_personal_pct_max', 'unusual_active_hour']
[ 2025-11-06 21:12:40,760 ] 215 root - INFO - After categorical processing - test columns: ['user_id', 'temperature', 'day_of_week', 'weather_conditions', 'frequency', 'month', 'hour', 'time_of_day_encoded', 'temperature_personal_z', 'temperature_personal_pct_max', 'crossing_personal_z', 'unusual_active_hour']
[ 2025-11-06 21:12:40,760 ] 240 root - INFO - Cleaning target column
[ 2025-11-06 21:12:40,760 ] 316 root - ERROR - Data transformation failed: 'DataTransformation' object has no attribute '_clean_target_column'
