[ 2025-11-08 18:25:26,045 ] 29 root - INFO - Starting data ingestion
[ 2025-11-08 18:25:26,925 ] 67 root - INFO - Performed train test split on the dataframe
[ 2025-11-08 18:25:26,925 ] 69 root - INFO - Exited split_data_as_train_test method of Data_Ingestion class
[ 2025-11-08 18:25:26,926 ] 77 root - INFO - Exporting train and test file path.
[ 2025-11-08 18:25:26,932 ] 86 root - INFO - Exported train and test file path.
[ 2025-11-08 18:25:26,933 ] 31 root - INFO - Data ingestion completed
[ 2025-11-08 18:25:26,938 ] 40 root - INFO - Starting data validation
[ 2025-11-08 18:25:26,979 ] 34 root - INFO - Required number of columns:5
[ 2025-11-08 18:25:26,980 ] 35 root - INFO - Data frame has columns:8
[ 2025-11-08 18:25:26,980 ] 34 root - INFO - Required number of columns:5
[ 2025-11-08 18:25:26,980 ] 35 root - INFO - Data frame has columns:8
[ 2025-11-08 18:25:27,002 ] 42 root - INFO - Data validation completed
[ 2025-11-08 18:25:27,002 ] 51 root - INFO - Starting data transformation
[ 2025-11-08 18:25:27,002 ] 275 root - INFO - Entered initiate_data_transformation method of DataTransformation class
[ 2025-11-08 18:25:27,002 ] 277 root - INFO - Starting data transformation
[ 2025-11-08 18:25:27,006 ] 44 root - INFO - Converted temperature: 800/800 values to numeric
[ 2025-11-08 18:25:27,007 ] 44 root - INFO - Converted frequency_crossing: 800/800 values to numeric
[ 2025-11-08 18:25:27,007 ] 44 root - INFO - Converted day_of_week: 800/800 values to numeric
[ 2025-11-08 18:25:27,010 ] 44 root - INFO - Converted temperature: 200/200 values to numeric
[ 2025-11-08 18:25:27,010 ] 44 root - INFO - Converted frequency_crossing: 200/200 values to numeric
[ 2025-11-08 18:25:27,011 ] 44 root - INFO - Converted day_of_week: 200/200 values to numeric
[ 2025-11-08 18:25:27,011 ] 290 root - INFO - Preprocessing categorical features
[ 2025-11-08 18:25:27,011 ] 156 root - INFO - Preprocessing categorical features for train
[ 2025-11-08 18:25:27,013 ] 165 root - INFO - Converted temperature to numeric in preprocessing
[ 2025-11-08 18:25:27,013 ] 165 root - INFO - Converted frequency_crossing to numeric in preprocessing
[ 2025-11-08 18:25:27,013 ] 165 root - INFO - Converted day_of_week to numeric in preprocessing
[ 2025-11-08 18:25:27,024 ] 76 root - INFO - Creating user-aware features for train
[ 2025-11-08 18:25:27,024 ] 52 root - INFO - Calculating user behavior profiles
[ 2025-11-08 18:25:27,040 ] 71 root - INFO - Calculated behavior profiles for 10 users
[ 2025-11-08 18:25:27,066 ] 151 root - INFO - Created user-aware features: ['temperature_personal_z', 'temperature_personal_pct_max', 'crossing_personal_z', 'unusual_active_hour', 'temperature_personal_z', 'temperature_personal_pct_max', 'crossing_personal_z', 'unusual_active_hour', 'temperature_personal_z', 'temperature_personal_pct_max', 'crossing_personal_z', 'unusual_active_hour', 'temperature_personal_z', 'temperature_personal_pct_max', 'crossing_personal_z', 'unusual_active_hour', 'temperature_personal_z', 'temperature_personal_pct_max', 'crossing_personal_z', 'unusual_active_hour', 'temperature_personal_z', 'temperature_personal_pct_max', 'crossing_personal_z', 'unusual_active_hour', 'temperature_personal_z', 'temperature_personal_pct_max', 'crossing_personal_z', 'unusual_active_hour', 'temperature_personal_z', 'temperature_personal_pct_max', 'crossing_personal_z', 'unusual_active_hour', 'temperature_personal_z', 'temperature_personal_pct_max', 'crossing_personal_z', 'unusual_active_hour', 'temperature_personal_z', 'temperature_personal_pct_max', 'crossing_personal_z', 'unusual_active_hour']
[ 2025-11-08 18:25:27,066 ] 190 root - INFO - After categorical processing - train columns: ['user_id', 'temperature', 'day_of_week', 'frequency_crossing', 'behaviour', 'month', 'hour', 'time_of_the_day_encoded', 'weather_cloudy', 'weather_rainy', 'weather_snowy', 'weather_sunny', 'temperature_personal_z', 'temperature_personal_pct_max', 'crossing_personal_z', 'unusual_active_hour']
[ 2025-11-08 18:25:27,066 ] 156 root - INFO - Preprocessing categorical features for test
[ 2025-11-08 18:25:27,067 ] 165 root - INFO - Converted temperature to numeric in preprocessing
[ 2025-11-08 18:25:27,067 ] 165 root - INFO - Converted frequency_crossing to numeric in preprocessing
[ 2025-11-08 18:25:27,067 ] 165 root - INFO - Converted day_of_week to numeric in preprocessing
[ 2025-11-08 18:25:27,071 ] 76 root - INFO - Creating user-aware features for test
[ 2025-11-08 18:25:27,093 ] 151 root - INFO - Created user-aware features: ['temperature_personal_z', 'temperature_personal_pct_max', 'crossing_personal_z', 'unusual_active_hour', 'temperature_personal_z', 'temperature_personal_pct_max', 'crossing_personal_z', 'unusual_active_hour', 'temperature_personal_z', 'temperature_personal_pct_max', 'crossing_personal_z', 'unusual_active_hour', 'temperature_personal_z', 'temperature_personal_pct_max', 'crossing_personal_z', 'unusual_active_hour', 'temperature_personal_z', 'temperature_personal_pct_max', 'crossing_personal_z', 'unusual_active_hour', 'temperature_personal_z', 'temperature_personal_pct_max', 'crossing_personal_z', 'unusual_active_hour', 'temperature_personal_z', 'temperature_personal_pct_max', 'crossing_personal_z', 'unusual_active_hour', 'temperature_personal_z', 'temperature_personal_pct_max', 'crossing_personal_z', 'unusual_active_hour', 'temperature_personal_z', 'temperature_personal_pct_max', 'crossing_personal_z', 'unusual_active_hour', 'temperature_personal_z', 'temperature_personal_pct_max', 'crossing_personal_z', 'unusual_active_hour']
[ 2025-11-08 18:25:27,094 ] 190 root - INFO - After categorical processing - test columns: ['user_id', 'temperature', 'day_of_week', 'frequency_crossing', 'behaviour', 'month', 'hour', 'time_of_the_day_encoded', 'weather_cloudy', 'weather_rainy', 'weather_snowy', 'weather_sunny', 'temperature_personal_z', 'temperature_personal_pct_max', 'crossing_personal_z', 'unusual_active_hour']
[ 2025-11-08 18:25:27,094 ] 295 root - INFO - Cleaning target column
[ 2025-11-08 18:25:27,094 ] 195 root - INFO - Cleaning target column for train dataset
[ 2025-11-08 18:25:27,094 ] 195 root - INFO - Cleaning target column for test dataset
[ 2025-11-08 18:25:27,095 ] 300 root - INFO - Removing invalid target rows
[ 2025-11-08 18:25:27,097 ] 305 root - INFO - Handling feature missing values
[ 2025-11-08 18:25:27,097 ] 223 root - INFO - Handling missing values for train
[ 2025-11-08 18:25:27,098 ] 229 root - INFO - No missing values found in train features
[ 2025-11-08 18:25:27,098 ] 223 root - INFO - Handling missing values for test
[ 2025-11-08 18:25:27,098 ] 229 root - INFO - No missing values found in test features
[ 2025-11-08 18:25:27,098 ] 310 root - INFO - Final train shape: (800, 16), test shape: (200, 16)
[ 2025-11-08 18:25:27,099 ] 319 root - INFO - Creating and fitting preprocessor
[ 2025-11-08 18:25:27,099 ] 250 root - INFO - Creating preprocessing pipeline
[ 2025-11-08 18:25:27,099 ] 263 root - INFO - Numerical features for scaling: ['temperature', 'day_of_week', 'frequency_crossing', 'month', 'hour', 'time_of_the_day_encoded', 'temperature_personal_z', 'temperature_personal_pct_max', 'crossing_personal_z', 'unusual_active_hour']
[ 2025-11-08 18:25:27,100 ] 329 root - INFO - Fitting preprocessor on: ['temperature', 'day_of_week', 'frequency_crossing', 'month', 'hour', 'time_of_the_day_encoded', 'temperature_personal_z', 'temperature_personal_pct_max', 'crossing_personal_z', 'unusual_active_hour']
[ 2025-11-08 18:25:27,101 ] 335 root - INFO - Step 6: Transforming features using preprocessor
[ 2025-11-08 18:25:27,104 ] 343 root - INFO - Saving preprocessor object
[ 2025-11-08 18:25:27,108 ] 40 root - INFO - Entered the save_object method of MainUtils class
[ 2025-11-08 18:25:27,109 ] 44 root - INFO - Exited the save_object method of MainUtils class
[ 2025-11-08 18:25:27,109 ] 40 root - INFO - Entered the save_object method of MainUtils class
[ 2025-11-08 18:25:27,110 ] 44 root - INFO - Exited the save_object method of MainUtils class
[ 2025-11-08 18:25:27,110 ] 40 root - INFO - Entered the save_object method of MainUtils class
[ 2025-11-08 18:25:27,111 ] 44 root - INFO - Exited the save_object method of MainUtils class
[ 2025-11-08 18:25:27,112 ] 40 root - INFO - Entered the save_object method of MainUtils class
[ 2025-11-08 18:25:27,112 ] 44 root - INFO - Exited the save_object method of MainUtils class
[ 2025-11-08 18:25:27,113 ] 361 root - INFO - Saved feature columns: ['temperature', 'day_of_week', 'frequency_crossing', 'month', 'hour', 'time_of_the_day_encoded', 'temperature_personal_z', 'temperature_personal_pct_max', 'crossing_personal_z', 'unusual_active_hour']
[ 2025-11-08 18:25:27,113 ] 40 root - INFO - Entered the save_object method of MainUtils class
[ 2025-11-08 18:25:27,113 ] 44 root - INFO - Exited the save_object method of MainUtils class
[ 2025-11-08 18:25:27,113 ] 365 root - INFO - Saved behavior profiles for 10 users
[ 2025-11-08 18:25:27,114 ] 372 root - INFO - Data transformation completed successfully with user-aware features
[ 2025-11-08 18:25:27,114 ] 53 root - INFO - Data transformation completed
[ 2025-11-08 18:25:27,114 ] 62 root - INFO - Starting model trainer
[ 2025-11-08 18:25:27,114 ] 160 root - INFO - Starting TRUE per-user model training
[ 2025-11-08 18:25:27,138 ] 120 root - INFO - Loaded data with columns: ['temperature', 'day_of_week', 'frequency_crossing', 'month', 'hour', 'time_of_the_day_encoded', 'temperature_personal_z', 'temperature_personal_pct_max', 'crossing_personal_z', 'unusual_active_hour', 'behaviour']
[ 2025-11-08 18:25:27,154 ] 170 root - INFO - Training data: (800, 10), Test data: (200, 10)
[ 2025-11-08 18:25:27,154 ] 171 root - INFO - Train users: 10, Test users: 10
[ 2025-11-08 18:25:27,156 ] 177 root - INFO - Found 10 users with sufficient data for per-user modeling
[ 2025-11-08 18:25:27,160 ] 178 root - INFO - User distribution: count    10.000000
mean     80.000000
std       5.333333
min      72.000000
25%      75.750000
50%      80.000000
75%      84.500000
max      87.000000
Name: count, dtype: float64
[ 2025-11-08 18:25:27,161 ] 46 root - INFO - Training model for User USER002 with 87 samples
[ 2025-11-08 18:25:27,236 ] 204 root - INFO - \u2705 User USER002: 0.538 accuracy, 87 train samples, 13 test samples
[ 2025-11-08 18:25:27,236 ] 46 root - INFO - Training model for User USER010 with 86 samples
[ 2025-11-08 18:25:27,285 ] 204 root - INFO - \u2705 User USER010: 0.571 accuracy, 86 train samples, 14 test samples
[ 2025-11-08 18:25:27,286 ] 46 root - INFO - Training model for User USER009 with 85 samples
[ 2025-11-08 18:25:27,335 ] 204 root - INFO - \u2705 User USER009: 0.533 accuracy, 85 train samples, 15 test samples
[ 2025-11-08 18:25:27,336 ] 46 root - INFO - Training model for User USER003 with 83 samples
[ 2025-11-08 18:25:27,393 ] 204 root - INFO - \u2705 User USER003: 0.353 accuracy, 83 train samples, 17 test samples
[ 2025-11-08 18:25:27,394 ] 46 root - INFO - Training model for User USER005 with 82 samples
[ 2025-11-08 18:25:27,443 ] 204 root - INFO - \u2705 User USER005: 0.500 accuracy, 82 train samples, 18 test samples
[ 2025-11-08 18:25:27,444 ] 46 root - INFO - Training model for User USER001 with 78 samples
[ 2025-11-08 18:25:27,492 ] 204 root - INFO - \u2705 User USER001: 0.364 accuracy, 78 train samples, 22 test samples
[ 2025-11-08 18:25:27,493 ] 46 root - INFO - Training model for User USER007 with 78 samples
[ 2025-11-08 18:25:27,560 ] 204 root - INFO - \u2705 User USER007: 0.364 accuracy, 78 train samples, 22 test samples
[ 2025-11-08 18:25:27,562 ] 46 root - INFO - Training model for User USER004 with 75 samples
[ 2025-11-08 18:25:27,623 ] 204 root - INFO - \u2705 User USER004: 0.480 accuracy, 75 train samples, 25 test samples
[ 2025-11-08 18:25:27,624 ] 46 root - INFO - Training model for User USER006 with 74 samples
[ 2025-11-08 18:25:27,685 ] 204 root - INFO - \u2705 User USER006: 0.462 accuracy, 74 train samples, 26 test samples
[ 2025-11-08 18:25:27,686 ] 46 root - INFO - Training model for User USER008 with 72 samples
[ 2025-11-08 18:25:27,741 ] 204 root - INFO - \u2705 User USER008: 0.607 accuracy, 72 train samples, 28 test samples
[ 2025-11-08 18:25:27,742 ] 232 root - WARNING - No data remaining for global model training
[ 2025-11-08 18:25:27,744 ] 40 root - INFO - Entered the save_object method of MainUtils class
[ 2025-11-08 18:25:27,747 ] 44 root - INFO - Exited the save_object method of MainUtils class
[ 2025-11-08 18:25:27,748 ] 40 root - INFO - Entered the save_object method of MainUtils class
[ 2025-11-08 18:25:27,751 ] 44 root - INFO - Exited the save_object method of MainUtils class
[ 2025-11-08 18:25:27,751 ] 40 root - INFO - Entered the save_object method of MainUtils class
[ 2025-11-08 18:25:27,754 ] 44 root - INFO - Exited the save_object method of MainUtils class
[ 2025-11-08 18:25:27,754 ] 40 root - INFO - Entered the save_object method of MainUtils class
[ 2025-11-08 18:25:27,757 ] 44 root - INFO - Exited the save_object method of MainUtils class
[ 2025-11-08 18:25:27,758 ] 40 root - INFO - Entered the save_object method of MainUtils class
[ 2025-11-08 18:25:27,761 ] 44 root - INFO - Exited the save_object method of MainUtils class
[ 2025-11-08 18:25:27,761 ] 40 root - INFO - Entered the save_object method of MainUtils class
[ 2025-11-08 18:25:27,764 ] 44 root - INFO - Exited the save_object method of MainUtils class
[ 2025-11-08 18:25:27,764 ] 40 root - INFO - Entered the save_object method of MainUtils class
[ 2025-11-08 18:25:27,768 ] 44 root - INFO - Exited the save_object method of MainUtils class
[ 2025-11-08 18:25:27,768 ] 40 root - INFO - Entered the save_object method of MainUtils class
[ 2025-11-08 18:25:27,771 ] 44 root - INFO - Exited the save_object method of MainUtils class
[ 2025-11-08 18:25:27,771 ] 40 root - INFO - Entered the save_object method of MainUtils class
[ 2025-11-08 18:25:27,774 ] 44 root - INFO - Exited the save_object method of MainUtils class
[ 2025-11-08 18:25:27,774 ] 40 root - INFO - Entered the save_object method of MainUtils class
[ 2025-11-08 18:25:27,778 ] 44 root - INFO - Exited the save_object method of MainUtils class
[ 2025-11-08 18:25:27,778 ] 40 root - INFO - Entered the save_object method of MainUtils class
[ 2025-11-08 18:25:27,781 ] 44 root - INFO - Exited the save_object method of MainUtils class
[ 2025-11-08 18:25:27,782 ] 40 root - INFO - Entered the save_object method of MainUtils class
[ 2025-11-08 18:25:27,785 ] 44 root - INFO - Exited the save_object method of MainUtils class
[ 2025-11-08 18:25:27,785 ] 40 root - INFO - Entered the save_object method of MainUtils class
[ 2025-11-08 18:25:27,788 ] 44 root - INFO - Exited the save_object method of MainUtils class
[ 2025-11-08 18:25:27,788 ] 40 root - INFO - Entered the save_object method of MainUtils class
[ 2025-11-08 18:25:27,792 ] 44 root - INFO - Exited the save_object method of MainUtils class
[ 2025-11-08 18:25:27,792 ] 40 root - INFO - Entered the save_object method of MainUtils class
[ 2025-11-08 18:25:27,795 ] 44 root - INFO - Exited the save_object method of MainUtils class
[ 2025-11-08 18:25:27,795 ] 40 root - INFO - Entered the save_object method of MainUtils class
[ 2025-11-08 18:25:27,798 ] 44 root - INFO - Exited the save_object method of MainUtils class
[ 2025-11-08 18:25:27,799 ] 40 root - INFO - Entered the save_object method of MainUtils class
[ 2025-11-08 18:25:27,802 ] 44 root - INFO - Exited the save_object method of MainUtils class
[ 2025-11-08 18:25:27,802 ] 40 root - INFO - Entered the save_object method of MainUtils class
[ 2025-11-08 18:25:27,805 ] 44 root - INFO - Exited the save_object method of MainUtils class
[ 2025-11-08 18:25:27,805 ] 40 root - INFO - Entered the save_object method of MainUtils class
[ 2025-11-08 18:25:27,809 ] 44 root - INFO - Exited the save_object method of MainUtils class
[ 2025-11-08 18:25:27,809 ] 40 root - INFO - Entered the save_object method of MainUtils class
[ 2025-11-08 18:25:27,812 ] 44 root - INFO - Exited the save_object method of MainUtils class
[ 2025-11-08 18:25:27,813 ] 40 root - INFO - Entered the save_object method of MainUtils class
[ 2025-11-08 18:25:27,814 ] 44 root - INFO - Exited the save_object method of MainUtils class
[ 2025-11-08 18:25:27,815 ] 40 root - INFO - Entered the save_object method of MainUtils class
[ 2025-11-08 18:25:27,817 ] 44 root - INFO - Exited the save_object method of MainUtils class
[ 2025-11-08 18:25:27,817 ] 276 root - INFO - \U0001f389 TRUE per-user modeling completed successfully!
[ 2025-11-08 18:25:27,817 ] 277 root - INFO - \U0001f4ca Trained 10 user models + no global model
[ 2025-11-08 18:25:27,817 ] 278 root - INFO - \U0001f4be Models saved to: Artifacts\11_08_2025_18_25_23\model_trainer\trained_model and final_model/
[ 2025-11-08 18:25:27,817 ] 64 root - INFO - Model trainer completed
