[ 2025-11-06 21:16:08,237 ] 29 root - INFO - Starting data ingestion
[ 2025-11-06 21:16:10,362 ] 67 root - INFO - Performed train test split on the dataframe
[ 2025-11-06 21:16:10,362 ] 69 root - INFO - Exited split_data_as_train_test method of Data_Ingestion class
[ 2025-11-06 21:16:10,362 ] 77 root - INFO - Exporting train and test file path.
[ 2025-11-06 21:16:10,368 ] 86 root - INFO - Exported train and test file path.
[ 2025-11-06 21:16:10,369 ] 31 root - INFO - Data ingestion completed
[ 2025-11-06 21:16:10,375 ] 40 root - INFO - Starting data validation
[ 2025-11-06 21:16:10,402 ] 34 root - INFO - Required number of columns:6
[ 2025-11-06 21:16:10,403 ] 35 root - INFO - Data frame has columns:8
[ 2025-11-06 21:16:10,403 ] 34 root - INFO - Required number of columns:6
[ 2025-11-06 21:16:10,403 ] 35 root - INFO - Data frame has columns:8
[ 2025-11-06 21:16:10,419 ] 42 root - INFO - Data validation completed
[ 2025-11-06 21:16:10,419 ] 51 root - INFO - Starting data transformation
[ 2025-11-06 21:16:10,419 ] 221 root - INFO - Entered initiate_data_transformation method of DataTransformation class
[ 2025-11-06 21:16:10,419 ] 223 root - INFO - Starting data transformation
[ 2025-11-06 21:16:10,424 ] 170 root - INFO - Preprocessing categorical features for train
[ 2025-11-06 21:16:10,430 ] 69 root - INFO - Creating user-aware features for train
[ 2025-11-06 21:16:10,431 ] 39 root - INFO - Calculating user behavior profiles
[ 2025-11-06 21:16:10,434 ] 64 root - INFO - Calculated behavior profiles for 20 users
[ 2025-11-06 21:16:10,465 ] 163 root - INFO - Created user-aware features: ['crossing_personal_z', 'temperature_personal_pct_max', 'unusual_active_hour', 'temperature_personal_z']
[ 2025-11-06 21:16:10,465 ] 215 root - INFO - After categorical processing - train columns: ['user_id', 'temperature', 'day_of_week', 'weather_conditions', 'frequency', 'behaviour', 'month', 'hour', 'time_of_day_encoded', 'temperature_personal_z', 'temperature_personal_pct_max', 'crossing_personal_z', 'unusual_active_hour']
[ 2025-11-06 21:16:10,465 ] 170 root - INFO - Preprocessing categorical features for test
[ 2025-11-06 21:16:10,468 ] 69 root - INFO - Creating user-aware features for test
[ 2025-11-06 21:16:10,495 ] 163 root - INFO - Created user-aware features: ['crossing_personal_z', 'temperature_personal_pct_max', 'unusual_active_hour', 'temperature_personal_z']
[ 2025-11-06 21:16:10,496 ] 215 root - INFO - After categorical processing - test columns: ['user_id', 'temperature', 'day_of_week', 'weather_conditions', 'frequency', 'behaviour', 'month', 'hour', 'time_of_day_encoded', 'temperature_personal_z', 'temperature_personal_pct_max', 'crossing_personal_z', 'unusual_active_hour']
[ 2025-11-06 21:16:10,496 ] 241 root - INFO - Final train shape: (800, 13), test shape: (200, 13)
[ 2025-11-06 21:16:10,497 ] 250 root - INFO - Creating and fitting preprocessor
[ 2025-11-06 21:16:10,497 ] 302 root - ERROR - Data transformation failed: 'DataTransformation' object has no attribute '_create_preprocessor'
